{"meta": {"format": 3, "version": "7.13.1", "timestamp": "2026-01-04T08:39:35.894032", "branch_coverage": false, "show_contexts": false}, "files": {"excalidraw_mcp/__init__.py": {"executed_lines": [3, 5], "summary": {"covered_lines": 2, "num_statements": 2, "percent_covered": 100.0, "percent_covered_display": "100", "missing_lines": 0, "excluded_lines": 0, "percent_statements_covered": 100.0, "percent_statements_covered_display": "100"}, "missing_lines": [], "excluded_lines": [], "functions": {"": {"executed_lines": [3, 5], "summary": {"covered_lines": 2, "num_statements": 2, "percent_covered": 100.0, "percent_covered_display": "100", "missing_lines": 0, "excluded_lines": 0, "percent_statements_covered": 100.0, "percent_statements_covered_display": "100"}, "missing_lines": [], "excluded_lines": [], "start_line": 1}}, "classes": {"": {"executed_lines": [3, 5], "summary": {"covered_lines": 2, "num_statements": 2, "percent_covered": 100.0, "percent_covered_display": "100", "missing_lines": 0, "excluded_lines": 0, "percent_statements_covered": 100.0, "percent_statements_covered_display": "100"}, "missing_lines": [], "excluded_lines": [], "start_line": 1}}}, "excalidraw_mcp/__main__.py": {"executed_lines": [4, 6, 7, 8, 9, 11, 14, 17, 20, 21, 22, 24, 25, 26, 29, 32, 33, 34, 36, 39, 43, 46, 48, 49, 51, 54, 57, 60, 69, 70, 71, 72, 73, 75, 78, 81, 83, 85, 87, 89, 91, 94, 97, 100, 114, 116, 118, 121, 125, 132, 135], "summary": {"covered_lines": 51, "num_statements": 52, "percent_covered": 98.07692307692308, "percent_covered_display": "98", "missing_lines": 1, "excluded_lines": 0, "percent_statements_covered": 98.07692307692308, "percent_statements_covered_display": "98"}, "missing_lines": [136], "excluded_lines": [], "functions": {"ExcalidrawMCPServer.__init__": {"executed_lines": [33, 34, 36, 39], "summary": {"covered_lines": 4, "num_statements": 4, "percent_covered": 100.0, "percent_covered_display": "100", "missing_lines": 0, "excluded_lines": 0, "percent_statements_covered": 100.0, "percent_statements_covered_display": "100"}, "missing_lines": [], "excluded_lines": [], "start_line": 32}, "ExcalidrawMCPServer._update_global_config": {"executed_lines": [46, 48, 49], "summary": {"covered_lines": 3, "num_statements": 3, "percent_covered": 100.0, "percent_covered_display": "100", "missing_lines": 0, "excluded_lines": 0, "percent_statements_covered": 100.0, "percent_statements_covered_display": "100"}, "missing_lines": [], "excluded_lines": [], "start_line": 43}, "ExcalidrawMCPServer.startup": {"executed_lines": [54, 57, 60, 69, 70, 71, 72, 73], "summary": {"covered_lines": 8, "num_statements": 8, "percent_covered": 100.0, "percent_covered_display": "100", "missing_lines": 0, "excluded_lines": 0, "percent_statements_covered": 100.0, "percent_statements_covered_display": "100"}, "missing_lines": [], "excluded_lines": [], "start_line": 51}, "ExcalidrawMCPServer.shutdown": {"executed_lines": [78, 81, 83], "summary": {"covered_lines": 3, "num_statements": 3, "percent_covered": 100.0, "percent_covered_display": "100", "missing_lines": 0, "excluded_lines": 0, "percent_statements_covered": 100.0, "percent_statements_covered_display": "100"}, "missing_lines": [], "excluded_lines": [], "start_line": 75}, "ExcalidrawMCPServer._get_timestamp": {"executed_lines": [87, 89], "summary": {"covered_lines": 2, "num_statements": 2, "percent_covered": 100.0, "percent_covered_display": "100", "missing_lines": 0, "excluded_lines": 0, "percent_statements_covered": 100.0, "percent_statements_covered_display": "100"}, "missing_lines": [], "excluded_lines": [], "start_line": 85}, "ExcalidrawMCPServer.health_check": {"executed_lines": [94, 97, 100, 114], "summary": {"covered_lines": 4, "num_statements": 4, "percent_covered": 100.0, "percent_covered_display": "100", "missing_lines": 0, "excluded_lines": 0, "percent_statements_covered": 100.0, "percent_statements_covered_display": "100"}, "missing_lines": [], "excluded_lines": [], "start_line": 91}, "ExcalidrawMCPServer.get_app": {"executed_lines": [118], "summary": {"covered_lines": 1, "num_statements": 1, "percent_covered": 100.0, "percent_covered_display": "100", "missing_lines": 0, "excluded_lines": 0, "percent_statements_covered": 100.0, "percent_statements_covered_display": "100"}, "missing_lines": [], "excluded_lines": [], "start_line": 116}, "main": {"executed_lines": [125, 132], "summary": {"covered_lines": 2, "num_statements": 2, "percent_covered": 100.0, "percent_covered_display": "100", "missing_lines": 0, "excluded_lines": 0, "percent_statements_covered": 100.0, "percent_statements_covered_display": "100"}, "missing_lines": [], "excluded_lines": [], "start_line": 121}, "": {"executed_lines": [4, 6, 7, 8, 9, 11, 14, 17, 20, 21, 22, 24, 25, 26, 29, 32, 43, 51, 75, 85, 91, 116, 121, 135], "summary": {"covered_lines": 24, "num_statements": 25, "percent_covered": 96.0, "percent_covered_display": "96", "missing_lines": 1, "excluded_lines": 0, "percent_statements_covered": 96.0, "percent_statements_covered_display": "96"}, "missing_lines": [136], "excluded_lines": [], "start_line": 1}}, "classes": {"ExcalidrawConfig": {"executed_lines": [], "summary": {"covered_lines": 0, "num_statements": 0, "percent_covered": 100.0, "percent_covered_display": "100", "missing_lines": 0, "excluded_lines": 0, "percent_statements_covered": 100.0, "percent_statements_covered_display": "100"}, "missing_lines": [], "excluded_lines": [], "start_line": 17}, "ExcalidrawConfig.Config": {"executed_lines": [], "summary": {"covered_lines": 0, "num_statements": 0, "percent_covered": 100.0, "percent_covered_display": "100", "missing_lines": 0, "excluded_lines": 0, "percent_statements_covered": 100.0, "percent_statements_covered_display": "100"}, "missing_lines": [], "excluded_lines": [], "start_line": 24}, "ExcalidrawMCPServer": {"executed_lines": [33, 34, 36, 39, 46, 48, 49, 54, 57, 60, 69, 70, 71, 72, 73, 78, 81, 83, 87, 89, 94, 97, 100, 114, 118], "summary": {"covered_lines": 25, "num_statements": 25, "percent_covered": 100.0, "percent_covered_display": "100", "missing_lines": 0, "excluded_lines": 0, "percent_statements_covered": 100.0, "percent_statements_covered_display": "100"}, "missing_lines": [], "excluded_lines": [], "start_line": 29}, "": {"executed_lines": [4, 6, 7, 8, 9, 11, 14, 17, 20, 21, 22, 24, 25, 26, 29, 32, 43, 51, 75, 85, 91, 116, 121, 125, 132, 135], "summary": {"covered_lines": 26, "num_statements": 27, "percent_covered": 96.29629629629629, "percent_covered_display": "96", "missing_lines": 1, "excluded_lines": 0, "percent_statements_covered": 96.29629629629629, "percent_statements_covered_display": "96"}, "missing_lines": [136], "excluded_lines": [], "start_line": 1}}}, "excalidraw_mcp/cli.py": {"executed_lines": [3, 4, 5, 6, 7, 8, 9, 11, 12, 17, 20, 21, 23, 28, 29, 30, 35, 36, 39, 42, 43, 44, 47, 50, 51, 52, 55, 57, 58, 59, 60, 61, 62, 63, 64, 67, 69, 70, 71, 72, 75, 76, 77, 78, 81, 84, 85, 86, 89, 91, 93, 94, 96, 104, 105, 106, 107, 115, 117, 145, 148, 150, 162, 166, 167, 168, 169, 171, 172, 173, 175, 176, 177, 178, 179, 180, 181, 184, 186, 187, 189, 190, 191, 193, 195, 198, 199, 200, 203, 206, 207, 208, 211, 214, 215, 216, 217, 222, 224, 227, 230, 233, 236, 238, 241, 242, 257, 260, 261, 276, 278, 279, 291, 292, 293, 313, 315, 322, 323, 324, 325, 328, 330, 331, 332, 335, 337, 348, 350, 352, 353, 354, 355, 358, 360, 362, 363, 364, 366, 367, 368, 370, 371, 372, 377, 418, 419, 421, 423, 426, 445, 446, 448], "summary": {"covered_lines": 153, "num_statements": 225, "percent_covered": 68.0, "percent_covered_display": "68", "missing_lines": 72, "excluded_lines": 0, "percent_statements_covered": 68.0, "percent_statements_covered_display": "68"}, "missing_lines": [24, 25, 26, 111, 112, 118, 119, 122, 123, 126, 127, 128, 130, 131, 134, 137, 139, 141, 143, 152, 153, 155, 156, 157, 158, 159, 174, 201, 209, 219, 243, 244, 245, 246, 254, 255, 262, 263, 264, 265, 273, 274, 286, 287, 288, 304, 305, 306, 307, 308, 339, 340, 341, 342, 343, 345, 373, 374, 427, 429, 430, 433, 434, 435, 436, 437, 438, 439, 440, 441, 442, 449], "excluded_lines": [], "functions": {"get_process_manager": {"executed_lines": [42, 43, 44], "summary": {"covered_lines": 3, "num_statements": 3, "percent_covered": 100.0, "percent_covered_display": "100", "missing_lines": 0, "excluded_lines": 0, "percent_statements_covered": 100.0, "percent_statements_covered_display": "100"}, "missing_lines": [], "excluded_lines": [], "start_line": 39}, "get_monitoring_supervisor": {"executed_lines": [50, 51, 52], "summary": {"covered_lines": 3, "num_statements": 3, "percent_covered": 100.0, "percent_covered_display": "100", "missing_lines": 0, "excluded_lines": 0, "percent_statements_covered": 100.0, "percent_statements_covered_display": "100"}, "missing_lines": [], "excluded_lines": [], "start_line": 47}, "find_mcp_server_process": {"executed_lines": [57, 58, 59, 60, 61, 62, 63, 64], "summary": {"covered_lines": 8, "num_statements": 8, "percent_covered": 100.0, "percent_covered_display": "100", "missing_lines": 0, "excluded_lines": 0, "percent_statements_covered": 100.0, "percent_statements_covered_display": "100"}, "missing_lines": [], "excluded_lines": [], "start_line": 55}, "find_canvas_server_process": {"executed_lines": [69, 70, 71, 72, 75, 76, 77, 78], "summary": {"covered_lines": 8, "num_statements": 8, "percent_covered": 100.0, "percent_covered_display": "100", "missing_lines": 0, "excluded_lines": 0, "percent_statements_covered": 100.0, "percent_statements_covered_display": "100"}, "missing_lines": [], "excluded_lines": [], "start_line": 67}, "start_mcp_server_impl": {"executed_lines": [84, 85, 86, 89, 91, 93, 94, 96, 104, 105, 106, 107, 115, 117, 145, 148, 150], "summary": {"covered_lines": 17, "num_statements": 40, "percent_covered": 42.5, "percent_covered_display": "42", "missing_lines": 23, "excluded_lines": 0, "percent_statements_covered": 42.5, "percent_statements_covered_display": "42"}, "missing_lines": [111, 112, 118, 119, 122, 123, 126, 127, 128, 130, 131, 134, 137, 139, 141, 143, 152, 153, 155, 156, 157, 158, 159], "excluded_lines": [], "start_line": 81}, "_stop_process": {"executed_lines": [166, 167, 168, 169, 171, 172, 173, 175, 176, 177, 178, 179, 180, 181], "summary": {"covered_lines": 14, "num_statements": 15, "percent_covered": 93.33333333333333, "percent_covered_display": "93", "missing_lines": 1, "excluded_lines": 0, "percent_statements_covered": 93.33333333333333, "percent_statements_covered_display": "93"}, "missing_lines": [174], "excluded_lines": [], "start_line": 162}, "stop_mcp_server_impl": {"executed_lines": [186, 187, 189, 190, 191, 193, 195, 198, 199, 200, 203, 206, 207, 208, 211, 214, 215, 216, 217], "summary": {"covered_lines": 19, "num_statements": 22, "percent_covered": 86.36363636363636, "percent_covered_display": "86", "missing_lines": 3, "excluded_lines": 0, "percent_statements_covered": 86.36363636363636, "percent_statements_covered_display": "86"}, "missing_lines": [201, 209, 219], "excluded_lines": [], "start_line": 184}, "restart_mcp_server_impl": {"executed_lines": [224, 227, 230, 233], "summary": {"covered_lines": 4, "num_statements": 4, "percent_covered": 100.0, "percent_covered_display": "100", "missing_lines": 0, "excluded_lines": 0, "percent_statements_covered": 100.0, "percent_statements_covered_display": "100"}, "missing_lines": [], "excluded_lines": [], "start_line": 222}, "status_impl": {"executed_lines": [238, 241, 242, 257, 260, 261, 276, 278, 279, 291, 292, 293], "summary": {"covered_lines": 12, "num_statements": 32, "percent_covered": 37.5, "percent_covered_display": "38", "missing_lines": 20, "excluded_lines": 0, "percent_statements_covered": 37.5, "percent_statements_covered_display": "38"}, "missing_lines": [243, 244, 245, 246, 254, 255, 262, 263, 264, 265, 273, 274, 286, 287, 288, 304, 305, 306, 307, 308], "excluded_lines": [], "start_line": 236}, "_find_log_file": {"executed_lines": [315, 322, 323, 324, 325], "summary": {"covered_lines": 5, "num_statements": 5, "percent_covered": 100.0, "percent_covered_display": "100", "missing_lines": 0, "excluded_lines": 0, "percent_statements_covered": 100.0, "percent_statements_covered_display": "100"}, "missing_lines": [], "excluded_lines": [], "start_line": 313}, "_show_missing_log_message": {"executed_lines": [330, 331, 332], "summary": {"covered_lines": 3, "num_statements": 3, "percent_covered": 100.0, "percent_covered_display": "100", "missing_lines": 0, "excluded_lines": 0, "percent_statements_covered": 100.0, "percent_statements_covered_display": "100"}, "missing_lines": [], "excluded_lines": [], "start_line": 328}, "_follow_log_output": {"executed_lines": [337], "summary": {"covered_lines": 1, "num_statements": 7, "percent_covered": 14.285714285714286, "percent_covered_display": "14", "missing_lines": 6, "excluded_lines": 0, "percent_statements_covered": 14.285714285714286, "percent_statements_covered_display": "14"}, "missing_lines": [339, 340, 341, 342, 343, 345], "excluded_lines": [], "start_line": 335}, "_show_recent_log_lines": {"executed_lines": [350, 352, 353, 354, 355], "summary": {"covered_lines": 5, "num_statements": 5, "percent_covered": 100.0, "percent_covered_display": "100", "missing_lines": 0, "excluded_lines": 0, "percent_statements_covered": 100.0, "percent_statements_covered_display": "100"}, "missing_lines": [], "excluded_lines": [], "start_line": 348}, "logs_impl": {"executed_lines": [360, 362, 363, 364, 366, 367, 368, 370, 371, 372], "summary": {"covered_lines": 10, "num_statements": 12, "percent_covered": 83.33333333333333, "percent_covered_display": "83", "missing_lines": 2, "excluded_lines": 0, "percent_statements_covered": 83.33333333333333, "percent_statements_covered_display": "83"}, "missing_lines": [373, 374], "excluded_lines": [], "start_line": 358}, "main": {"executed_lines": [418, 419, 421, 423, 426], "summary": {"covered_lines": 5, "num_statements": 18, "percent_covered": 27.77777777777778, "percent_covered_display": "28", "missing_lines": 13, "excluded_lines": 0, "percent_statements_covered": 27.77777777777778, "percent_statements_covered_display": "28"}, "missing_lines": [427, 429, 430, 433, 434, 435, 436, 437, 438, 439, 440, 441, 442], "excluded_lines": [], "start_line": 377}, "": {"executed_lines": [3, 4, 5, 6, 7, 8, 9, 11, 12, 17, 20, 21, 23, 28, 29, 30, 35, 36, 39, 47, 55, 67, 81, 162, 184, 222, 236, 313, 328, 335, 348, 358, 377, 445, 446, 448], "summary": {"covered_lines": 36, "num_statements": 40, "percent_covered": 90.0, "percent_covered_display": "90", "missing_lines": 4, "excluded_lines": 0, "percent_statements_covered": 90.0, "percent_statements_covered_display": "90"}, "missing_lines": [24, 25, 26, 449], "excluded_lines": [], "start_line": 1}}, "classes": {"": {"executed_lines": [3, 4, 5, 6, 7, 8, 9, 11, 12, 17, 20, 21, 23, 28, 29, 30, 35, 36, 39, 42, 43, 44, 47, 50, 51, 52, 55, 57, 58, 59, 60, 61, 62, 63, 64, 67, 69, 70, 71, 72, 75, 76, 77, 78, 81, 84, 85, 86, 89, 91, 93, 94, 96, 104, 105, 106, 107, 115, 117, 145, 148, 150, 162, 166, 167, 168, 169, 171, 172, 173, 175, 176, 177, 178, 179, 180, 181, 184, 186, 187, 189, 190, 191, 193, 195, 198, 199, 200, 203, 206, 207, 208, 211, 214, 215, 216, 217, 222, 224, 227, 230, 233, 236, 238, 241, 242, 257, 260, 261, 276, 278, 279, 291, 292, 293, 313, 315, 322, 323, 324, 325, 328, 330, 331, 332, 335, 337, 348, 350, 352, 353, 354, 355, 358, 360, 362, 363, 364, 366, 367, 368, 370, 371, 372, 377, 418, 419, 421, 423, 426, 445, 446, 448], "summary": {"covered_lines": 153, "num_statements": 225, "percent_covered": 68.0, "percent_covered_display": "68", "missing_lines": 72, "excluded_lines": 0, "percent_statements_covered": 68.0, "percent_statements_covered_display": "68"}, "missing_lines": [24, 25, 26, 111, 112, 118, 119, 122, 123, 126, 127, 128, 130, 131, 134, 137, 139, 141, 143, 152, 153, 155, 156, 157, 158, 159, 174, 201, 209, 219, 243, 244, 245, 246, 254, 255, 262, 263, 264, 265, 273, 274, 286, 287, 288, 304, 305, 306, 307, 308, 339, 340, 341, 342, 343, 345, 373, 374, 427, 429, 430, 433, 434, 435, 436, 437, 438, 439, 440, 441, 442, 449], "excluded_lines": [], "start_line": 1}}}, "excalidraw_mcp/config.py": {"executed_lines": [3, 4, 5, 6, 7, 8, 10, 11, 13, 18, 19, 21, 26, 27, 31, 32, 33, 34, 37, 38, 39, 40, 43, 44, 46, 49, 50, 56, 57, 60, 61, 63, 69, 72, 73, 80, 87, 88, 91, 100, 102, 103, 104, 105, 106, 130, 131, 135, 136, 137, 140, 141, 142, 145, 146, 147, 148, 149, 150, 153, 154, 155, 156, 158, 160, 161, 162, 163, 164, 165, 166, 168, 169, 173, 174, 178, 179, 180, 183, 184, 185, 188, 189, 190, 193, 194, 197, 198, 201, 202, 206, 207, 208, 209, 212, 213, 214, 215, 218, 219, 220, 221, 224, 225, 226, 227, 230, 231, 232, 233, 236, 237, 238, 240, 241, 244, 246, 248, 252, 253, 256, 257, 258, 259, 260, 261, 262, 265, 266, 267, 270, 271, 273, 276, 277, 287, 288, 291, 292, 293, 294, 297, 300, 301, 302, 303, 304, 305, 306, 307, 308, 309, 311, 313, 315, 316, 318, 321, 323, 324, 325, 327, 329, 330, 333, 334, 335, 339, 341, 344, 346, 347, 348, 350, 352, 355, 360, 362, 363, 367, 368, 372, 373, 377, 378, 382, 383, 387, 389, 391, 394, 395, 396, 397, 399, 401, 402, 405, 406, 407, 409, 411, 414, 417, 420, 423, 427, 428, 434, 435, 439, 440, 444, 446, 447, 448, 449, 450, 452, 454, 455, 457, 458, 460, 462, 465, 466, 468, 471, 474, 477, 480, 482, 483, 485, 486, 488, 490, 493, 496, 499, 501, 502, 503, 504, 505, 507, 508, 510, 511, 513, 515, 516, 518, 522], "summary": {"covered_lines": 255, "num_statements": 303, "percent_covered": 84.15841584158416, "percent_covered_display": "84", "missing_lines": 48, "excluded_lines": 0, "percent_statements_covered": 84.15841584158416, "percent_statements_covered_display": "84"}, "missing_lines": [14, 15, 22, 23, 70, 76, 77, 78, 92, 93, 94, 98, 107, 108, 109, 113, 119, 120, 121, 125, 170, 245, 247, 249, 319, 364, 365, 369, 370, 374, 375, 379, 380, 384, 429, 430, 436, 437, 441, 442, 463, 469, 472, 475, 478, 491, 494, 497], "excluded_lines": [], "functions": {"SecurityConfig.__post_init__": {"executed_lines": [49, 50, 56, 57, 60, 61], "summary": {"covered_lines": 6, "num_statements": 6, "percent_covered": 100.0, "percent_covered_display": "100", "missing_lines": 0, "excluded_lines": 0, "percent_statements_covered": 100.0, "percent_statements_covered_display": "100"}, "missing_lines": [], "excluded_lines": [], "start_line": 46}, "SecurityConfig.get_masked_jwt_secret": {"executed_lines": [69, 72, 73], "summary": {"covered_lines": 3, "num_statements": 7, "percent_covered": 42.857142857142854, "percent_covered_display": "43", "missing_lines": 4, "excluded_lines": 0, "percent_statements_covered": 42.857142857142854, "percent_statements_covered_display": "43"}, "missing_lines": [70, 76, 77, 78], "excluded_lines": [], "start_line": 63}, "SecurityConfig.validate_jwt_secret_at_startup": {"executed_lines": [87, 88, 91, 100, 102, 103, 104, 105, 106], "summary": {"covered_lines": 9, "num_statements": 21, "percent_covered": 42.857142857142854, "percent_covered_display": "43", "missing_lines": 12, "excluded_lines": 0, "percent_statements_covered": 42.857142857142854, "percent_statements_covered_display": "43"}, "missing_lines": [92, 93, 94, 98, 107, 108, 109, 113, 119, 120, 121, 125], "excluded_lines": [], "start_line": 80}, "ServerConfig.__post_init__": {"executed_lines": [160, 161, 162, 163, 164, 165, 166, 168, 169], "summary": {"covered_lines": 9, "num_statements": 10, "percent_covered": 90.0, "percent_covered_display": "90", "missing_lines": 1, "excluded_lines": 0, "percent_statements_covered": 90.0, "percent_statements_covered_display": "90"}, "missing_lines": [170], "excluded_lines": [], "start_line": 158}, "MonitoringConfig.__post_init__": {"executed_lines": [241, 244, 246, 248], "summary": {"covered_lines": 4, "num_statements": 7, "percent_covered": 57.142857142857146, "percent_covered_display": "57", "missing_lines": 3, "excluded_lines": 0, "percent_statements_covered": 57.142857142857146, "percent_statements_covered_display": "57"}, "missing_lines": [245, 247, 249], "excluded_lines": [], "start_line": 240}, "LoggingConfig.__post_init__": {"executed_lines": [276, 277], "summary": {"covered_lines": 2, "num_statements": 2, "percent_covered": 100.0, "percent_covered_display": "100", "missing_lines": 0, "excluded_lines": 0, "percent_statements_covered": 100.0, "percent_statements_covered_display": "100"}, "missing_lines": [], "excluded_lines": [], "start_line": 273}, "Config.__init__": {"executed_lines": [301, 302, 303, 304, 305, 306, 307, 308, 309, 311], "summary": {"covered_lines": 10, "num_statements": 10, "percent_covered": 100.0, "percent_covered_display": "100", "missing_lines": 0, "excluded_lines": 0, "percent_statements_covered": 100.0, "percent_statements_covered_display": "100"}, "missing_lines": [], "excluded_lines": [], "start_line": 300}, "Config._load_from_pyproject": {"executed_lines": [315, 316, 318, 321, 323, 324, 325, 327, 329, 330, 333, 334, 335], "summary": {"covered_lines": 13, "num_statements": 14, "percent_covered": 92.85714285714286, "percent_covered_display": "93", "missing_lines": 1, "excluded_lines": 0, "percent_statements_covered": 92.85714285714286, "percent_statements_covered_display": "93"}, "missing_lines": [319], "excluded_lines": [], "start_line": 313}, "Config._load_security_config_from_environment": {"executed_lines": [341, 344, 346, 347, 348], "summary": {"covered_lines": 5, "num_statements": 5, "percent_covered": 100.0, "percent_covered_display": "100", "missing_lines": 0, "excluded_lines": 0, "percent_statements_covered": 100.0, "percent_statements_covered_display": "100"}, "missing_lines": [], "excluded_lines": [], "start_line": 339}, "Config._load_server_config_from_environment": {"executed_lines": [352, 355, 360, 362, 363, 367, 368, 372, 373, 377, 378, 382, 383, 387], "summary": {"covered_lines": 14, "num_statements": 23, "percent_covered": 60.869565217391305, "percent_covered_display": "61", "missing_lines": 9, "excluded_lines": 0, "percent_statements_covered": 60.869565217391305, "percent_statements_covered_display": "61"}, "missing_lines": [364, 365, 369, 370, 374, 375, 379, 380, 384], "excluded_lines": [], "start_line": 350}, "Config._load_performance_config_from_environment": {"executed_lines": [391, 394, 395, 396, 397], "summary": {"covered_lines": 5, "num_statements": 5, "percent_covered": 100.0, "percent_covered_display": "100", "missing_lines": 0, "excluded_lines": 0, "percent_statements_covered": 100.0, "percent_statements_covered_display": "100"}, "missing_lines": [], "excluded_lines": [], "start_line": 389}, "Config._load_logging_config_from_environment": {"executed_lines": [401, 402, 405, 406, 407], "summary": {"covered_lines": 5, "num_statements": 5, "percent_covered": 100.0, "percent_covered_display": "100", "missing_lines": 0, "excluded_lines": 0, "percent_statements_covered": 100.0, "percent_statements_covered_display": "100"}, "missing_lines": [], "excluded_lines": [], "start_line": 399}, "Config._load_monitoring_config_from_environment": {"executed_lines": [411, 414, 417, 420, 423, 427, 428, 434, 435, 439, 440], "summary": {"covered_lines": 11, "num_statements": 17, "percent_covered": 64.70588235294117, "percent_covered_display": "65", "missing_lines": 6, "excluded_lines": 0, "percent_statements_covered": 64.70588235294117, "percent_statements_covered_display": "65"}, "missing_lines": [429, 430, 436, 437, 441, 442], "excluded_lines": [], "start_line": 409}, "Config._load_from_environment": {"executed_lines": [446, 447, 448, 449, 450], "summary": {"covered_lines": 5, "num_statements": 5, "percent_covered": 100.0, "percent_covered_display": "100", "missing_lines": 0, "excluded_lines": 0, "percent_statements_covered": 100.0, "percent_statements_covered_display": "100"}, "missing_lines": [], "excluded_lines": [], "start_line": 444}, "Config._validate_security_config": {"executed_lines": [454, 455, 457, 458], "summary": {"covered_lines": 4, "num_statements": 4, "percent_covered": 100.0, "percent_covered_display": "100", "missing_lines": 0, "excluded_lines": 0, "percent_statements_covered": 100.0, "percent_statements_covered_display": "100"}, "missing_lines": [], "excluded_lines": [], "start_line": 452}, "Config._validate_server_config": {"executed_lines": [462, 465, 466, 468, 471, 474, 477], "summary": {"covered_lines": 7, "num_statements": 12, "percent_covered": 58.333333333333336, "percent_covered_display": "58", "missing_lines": 5, "excluded_lines": 0, "percent_statements_covered": 58.333333333333336, "percent_statements_covered_display": "58"}, "missing_lines": [463, 469, 472, 475, 478], "excluded_lines": [], "start_line": 460}, "Config._validate_performance_config": {"executed_lines": [482, 483, 485, 486], "summary": {"covered_lines": 4, "num_statements": 4, "percent_covered": 100.0, "percent_covered_display": "100", "missing_lines": 0, "excluded_lines": 0, "percent_statements_covered": 100.0, "percent_statements_covered_display": "100"}, "missing_lines": [], "excluded_lines": [], "start_line": 480}, "Config._validate_monitoring_config": {"executed_lines": [490, 493, 496], "summary": {"covered_lines": 3, "num_statements": 6, "percent_covered": 50.0, "percent_covered_display": "50", "missing_lines": 3, "excluded_lines": 0, "percent_statements_covered": 50.0, "percent_statements_covered_display": "50"}, "missing_lines": [491, 494, 497], "excluded_lines": [], "start_line": 488}, "Config._validate": {"executed_lines": [501, 502, 503, 504, 505, 507, 508], "summary": {"covered_lines": 7, "num_statements": 7, "percent_covered": 100.0, "percent_covered_display": "100", "missing_lines": 0, "excluded_lines": 0, "percent_statements_covered": 100.0, "percent_statements_covered_display": "100"}, "missing_lines": [], "excluded_lines": [], "start_line": 499}, "Config.is_development": {"executed_lines": [513], "summary": {"covered_lines": 1, "num_statements": 1, "percent_covered": 100.0, "percent_covered_display": "100", "missing_lines": 0, "excluded_lines": 0, "percent_statements_covered": 100.0, "percent_statements_covered_display": "100"}, "missing_lines": [], "excluded_lines": [], "start_line": 511}, "Config.is_production": {"executed_lines": [518], "summary": {"covered_lines": 1, "num_statements": 1, "percent_covered": 100.0, "percent_covered_display": "100", "missing_lines": 0, "excluded_lines": 0, "percent_statements_covered": 100.0, "percent_statements_covered_display": "100"}, "missing_lines": [], "excluded_lines": [], "start_line": 516}, "": {"executed_lines": [3, 4, 5, 6, 7, 8, 10, 11, 13, 18, 19, 21, 26, 27, 31, 32, 33, 34, 37, 38, 39, 40, 43, 44, 46, 63, 80, 130, 131, 135, 136, 137, 140, 141, 142, 145, 146, 147, 148, 149, 150, 153, 154, 155, 156, 158, 173, 174, 178, 179, 180, 183, 184, 185, 188, 189, 190, 193, 194, 197, 198, 201, 202, 206, 207, 208, 209, 212, 213, 214, 215, 218, 219, 220, 221, 224, 225, 226, 227, 230, 231, 232, 233, 236, 237, 238, 240, 252, 253, 256, 257, 258, 259, 260, 261, 262, 265, 266, 267, 270, 271, 273, 287, 288, 291, 292, 293, 294, 297, 300, 313, 339, 350, 389, 399, 409, 444, 452, 460, 480, 488, 499, 510, 511, 515, 516, 522], "summary": {"covered_lines": 127, "num_statements": 131, "percent_covered": 96.94656488549619, "percent_covered_display": "97", "missing_lines": 4, "excluded_lines": 0, "percent_statements_covered": 96.94656488549619, "percent_statements_covered_display": "97"}, "missing_lines": [14, 15, 22, 23], "excluded_lines": [], "start_line": 1}}, "classes": {"SecurityConfig": {"executed_lines": [49, 50, 56, 57, 60, 61, 69, 72, 73, 87, 88, 91, 100, 102, 103, 104, 105, 106], "summary": {"covered_lines": 18, "num_statements": 34, "percent_covered": 52.94117647058823, "percent_covered_display": "53", "missing_lines": 16, "excluded_lines": 0, "percent_statements_covered": 52.94117647058823, "percent_statements_covered_display": "53"}, "missing_lines": [70, 76, 77, 78, 92, 93, 94, 98, 107, 108, 109, 113, 119, 120, 121, 125], "excluded_lines": [], "start_line": 27}, "ServerConfig": {"executed_lines": [160, 161, 162, 163, 164, 165, 166, 168, 169], "summary": {"covered_lines": 9, "num_statements": 10, "percent_covered": 90.0, "percent_covered_display": "90", "missing_lines": 1, "excluded_lines": 0, "percent_statements_covered": 90.0, "percent_statements_covered_display": "90"}, "missing_lines": [170], "excluded_lines": [], "start_line": 131}, "PerformanceConfig": {"executed_lines": [], "summary": {"covered_lines": 0, "num_statements": 0, "percent_covered": 100.0, "percent_covered_display": "100", "missing_lines": 0, "excluded_lines": 0, "percent_statements_covered": 100.0, "percent_statements_covered_display": "100"}, "missing_lines": [], "excluded_lines": [], "start_line": 174}, "MonitoringConfig": {"executed_lines": [241, 244, 246, 248], "summary": {"covered_lines": 4, "num_statements": 7, "percent_covered": 57.142857142857146, "percent_covered_display": "57", "missing_lines": 3, "excluded_lines": 0, "percent_statements_covered": 57.142857142857146, "percent_statements_covered_display": "57"}, "missing_lines": [245, 247, 249], "excluded_lines": [], "start_line": 202}, "LoggingConfig": {"executed_lines": [276, 277], "summary": {"covered_lines": 2, "num_statements": 2, "percent_covered": 100.0, "percent_covered_display": "100", "missing_lines": 0, "excluded_lines": 0, "percent_statements_covered": 100.0, "percent_statements_covered_display": "100"}, "missing_lines": [], "excluded_lines": [], "start_line": 253}, "MCPConfig": {"executed_lines": [], "summary": {"covered_lines": 0, "num_statements": 0, "percent_covered": 100.0, "percent_covered_display": "100", "missing_lines": 0, "excluded_lines": 0, "percent_statements_covered": 100.0, "percent_statements_covered_display": "100"}, "missing_lines": [], "excluded_lines": [], "start_line": 288}, "Config": {"executed_lines": [301, 302, 303, 304, 305, 306, 307, 308, 309, 311, 315, 316, 318, 321, 323, 324, 325, 327, 329, 330, 333, 334, 335, 341, 344, 346, 347, 348, 352, 355, 360, 362, 363, 367, 368, 372, 373, 377, 378, 382, 383, 387, 391, 394, 395, 396, 397, 401, 402, 405, 406, 407, 411, 414, 417, 420, 423, 427, 428, 434, 435, 439, 440, 446, 447, 448, 449, 450, 454, 455, 457, 458, 462, 465, 466, 468, 471, 474, 477, 482, 483, 485, 486, 490, 493, 496, 501, 502, 503, 504, 505, 507, 508, 513, 518], "summary": {"covered_lines": 95, "num_statements": 119, "percent_covered": 79.83193277310924, "percent_covered_display": "80", "missing_lines": 24, "excluded_lines": 0, "percent_statements_covered": 79.83193277310924, "percent_statements_covered_display": "80"}, "missing_lines": [319, 364, 365, 369, 370, 374, 375, 379, 380, 384, 429, 430, 436, 437, 441, 442, 463, 469, 472, 475, 478, 491, 494, 497], "excluded_lines": [], "start_line": 297}, "": {"executed_lines": [3, 4, 5, 6, 7, 8, 10, 11, 13, 18, 19, 21, 26, 27, 31, 32, 33, 34, 37, 38, 39, 40, 43, 44, 46, 63, 80, 130, 131, 135, 136, 137, 140, 141, 142, 145, 146, 147, 148, 149, 150, 153, 154, 155, 156, 158, 173, 174, 178, 179, 180, 183, 184, 185, 188, 189, 190, 193, 194, 197, 198, 201, 202, 206, 207, 208, 209, 212, 213, 214, 215, 218, 219, 220, 221, 224, 225, 226, 227, 230, 231, 232, 233, 236, 237, 238, 240, 252, 253, 256, 257, 258, 259, 260, 261, 262, 265, 266, 267, 270, 271, 273, 287, 288, 291, 292, 293, 294, 297, 300, 313, 339, 350, 389, 399, 409, 444, 452, 460, 480, 488, 499, 510, 511, 515, 516, 522], "summary": {"covered_lines": 127, "num_statements": 131, "percent_covered": 96.94656488549619, "percent_covered_display": "97", "missing_lines": 4, "excluded_lines": 0, "percent_statements_covered": 96.94656488549619, "percent_statements_covered_display": "97"}, "missing_lines": [14, 15, 22, 23], "excluded_lines": [], "start_line": 1}}}, "excalidraw_mcp/element_factory.py": {"executed_lines": [3, 4, 5, 6, 8, 11, 14, 15, 17, 20, 23, 26, 40, 42, 44, 47, 48, 49, 52, 55, 58, 59, 60, 70, 72, 74, 76, 80, 83, 84, 85, 86, 89, 92, 93, 94, 95, 97, 101, 102, 103, 106, 107, 109, 114, 115, 116, 117, 119, 124, 127, 128, 129, 130, 132, 136, 137, 138, 139, 140, 141, 142, 143, 145, 147, 150, 151, 154, 157, 160, 163, 166, 168, 169, 171, 173, 177, 190, 191, 195, 199, 200, 201, 202, 203, 204, 206, 210, 211, 212, 213, 214, 215, 216, 217, 219, 222, 223, 226, 227, 230, 231, 232, 233, 234, 235, 238, 240, 242, 243, 244, 245, 246, 248, 252, 253, 254, 255, 256, 257, 258, 260, 264, 265, 266, 267, 268, 269, 270, 272, 276, 277, 278, 281, 282, 284, 288, 289, 290, 291, 293, 294, 296, 300, 301, 302, 303], "summary": {"covered_lines": 147, "num_statements": 150, "percent_covered": 98.0, "percent_covered_display": "98", "missing_lines": 3, "excluded_lines": 0, "percent_statements_covered": 98.0, "percent_statements_covered_display": "98"}, "missing_lines": [279, 280, 292], "excluded_lines": [], "functions": {"ElementFactory.__init__": {"executed_lines": [15], "summary": {"covered_lines": 1, "num_statements": 1, "percent_covered": 100.0, "percent_covered_display": "100", "missing_lines": 0, "excluded_lines": 0, "percent_statements_covered": 100.0, "percent_statements_covered_display": "100"}, "missing_lines": [], "excluded_lines": [], "start_line": 14}, "ElementFactory.create_element": {"executed_lines": [20, 23, 26, 40, 42], "summary": {"covered_lines": 5, "num_statements": 5, "percent_covered": 100.0, "percent_covered_display": "100", "missing_lines": 0, "excluded_lines": 0, "percent_statements_covered": 100.0, "percent_statements_covered_display": "100"}, "missing_lines": [], "excluded_lines": [], "start_line": 17}, "ElementFactory.prepare_update_data": {"executed_lines": [47, 48, 49, 52, 55, 58, 59, 60, 70, 72, 74], "summary": {"covered_lines": 11, "num_statements": 11, "percent_covered": 100.0, "percent_covered_display": "100", "missing_lines": 0, "excluded_lines": 0, "percent_statements_covered": 100.0, "percent_statements_covered_display": "100"}, "missing_lines": [], "excluded_lines": [], "start_line": 44}, "ElementFactory._add_optional_properties": {"executed_lines": [80, 83, 84, 85, 86, 89, 92, 93, 94, 95], "summary": {"covered_lines": 10, "num_statements": 10, "percent_covered": 100.0, "percent_covered_display": "100", "missing_lines": 0, "excluded_lines": 0, "percent_statements_covered": 100.0, "percent_statements_covered_display": "100"}, "missing_lines": [], "excluded_lines": [], "start_line": 76}, "ElementFactory._add_visual_properties": {"executed_lines": [101, 102, 103, 106, 107], "summary": {"covered_lines": 5, "num_statements": 5, "percent_covered": 100.0, "percent_covered_display": "100", "missing_lines": 0, "excluded_lines": 0, "percent_statements_covered": 100.0, "percent_statements_covered_display": "100"}, "missing_lines": [], "excluded_lines": [], "start_line": 97}, "ElementFactory._add_shape_properties": {"executed_lines": [114, 115, 116, 117], "summary": {"covered_lines": 4, "num_statements": 4, "percent_covered": 100.0, "percent_covered_display": "100", "missing_lines": 0, "excluded_lines": 0, "percent_statements_covered": 100.0, "percent_statements_covered_display": "100"}, "missing_lines": [], "excluded_lines": [], "start_line": 109}, "ElementFactory._add_line_properties": {"executed_lines": [124, 127, 128, 129, 130], "summary": {"covered_lines": 5, "num_statements": 5, "percent_covered": 100.0, "percent_covered_display": "100", "missing_lines": 0, "excluded_lines": 0, "percent_statements_covered": 100.0, "percent_statements_covered_display": "100"}, "missing_lines": [], "excluded_lines": [], "start_line": 119}, "ElementFactory._get_optional_float": {"executed_lines": [136, 137, 138, 139, 140, 141, 142, 143], "summary": {"covered_lines": 8, "num_statements": 8, "percent_covered": 100.0, "percent_covered_display": "100", "missing_lines": 0, "excluded_lines": 0, "percent_statements_covered": 100.0, "percent_statements_covered_display": "100"}, "missing_lines": [], "excluded_lines": [], "start_line": 132}, "ElementFactory.validate_element_data": {"executed_lines": [147, 150, 151, 154, 157, 160, 163, 166, 168, 169, 171], "summary": {"covered_lines": 11, "num_statements": 11, "percent_covered": 100.0, "percent_covered_display": "100", "missing_lines": 0, "excluded_lines": 0, "percent_statements_covered": 100.0, "percent_statements_covered_display": "100"}, "missing_lines": [], "excluded_lines": [], "start_line": 145}, "ElementFactory._validate_element_type": {"executed_lines": [177, 190, 191], "summary": {"covered_lines": 3, "num_statements": 3, "percent_covered": 100.0, "percent_covered_display": "100", "missing_lines": 0, "excluded_lines": 0, "percent_statements_covered": 100.0, "percent_statements_covered_display": "100"}, "missing_lines": [], "excluded_lines": [], "start_line": 173}, "ElementFactory._validate_coordinates": {"executed_lines": [199, 200, 201, 202, 203, 204], "summary": {"covered_lines": 6, "num_statements": 6, "percent_covered": 100.0, "percent_covered_display": "100", "missing_lines": 0, "excluded_lines": 0, "percent_statements_covered": 100.0, "percent_statements_covered_display": "100"}, "missing_lines": [], "excluded_lines": [], "start_line": 195}, "ElementFactory._validate_dimensions": {"executed_lines": [210, 211, 212, 213, 214, 215, 216, 217], "summary": {"covered_lines": 8, "num_statements": 8, "percent_covered": 100.0, "percent_covered_display": "100", "missing_lines": 0, "excluded_lines": 0, "percent_statements_covered": 100.0, "percent_statements_covered_display": "100"}, "missing_lines": [], "excluded_lines": [], "start_line": 206}, "ElementFactory._is_valid_color": {"executed_lines": [222, 223, 226, 227, 230, 231, 232, 233, 234, 235, 238], "summary": {"covered_lines": 11, "num_statements": 11, "percent_covered": 100.0, "percent_covered_display": "100", "missing_lines": 0, "excluded_lines": 0, "percent_statements_covered": 100.0, "percent_statements_covered_display": "100"}, "missing_lines": [], "excluded_lines": [], "start_line": 219}, "ElementFactory._validate_colors": {"executed_lines": [242, 243, 244, 245, 246], "summary": {"covered_lines": 5, "num_statements": 5, "percent_covered": 100.0, "percent_covered_display": "100", "missing_lines": 0, "excluded_lines": 0, "percent_statements_covered": 100.0, "percent_statements_covered_display": "100"}, "missing_lines": [], "excluded_lines": [], "start_line": 240}, "ElementFactory._validate_stroke_width": {"executed_lines": [252, 253, 254, 255, 256, 257, 258], "summary": {"covered_lines": 7, "num_statements": 7, "percent_covered": 100.0, "percent_covered_display": "100", "missing_lines": 0, "excluded_lines": 0, "percent_statements_covered": 100.0, "percent_statements_covered_display": "100"}, "missing_lines": [], "excluded_lines": [], "start_line": 248}, "ElementFactory._validate_opacity": {"executed_lines": [264, 265, 266, 267, 268, 269, 270], "summary": {"covered_lines": 7, "num_statements": 7, "percent_covered": 100.0, "percent_covered_display": "100", "missing_lines": 0, "excluded_lines": 0, "percent_statements_covered": 100.0, "percent_statements_covered_display": "100"}, "missing_lines": [], "excluded_lines": [], "start_line": 260}, "ElementFactory._validate_roughness": {"executed_lines": [276, 277, 278, 281, 282], "summary": {"covered_lines": 5, "num_statements": 7, "percent_covered": 71.42857142857143, "percent_covered_display": "71", "missing_lines": 2, "excluded_lines": 0, "percent_statements_covered": 71.42857142857143, "percent_statements_covered_display": "71"}, "missing_lines": [279, 280], "excluded_lines": [], "start_line": 272}, "ElementFactory._validate_font_size": {"executed_lines": [288, 289, 290, 291, 293, 294], "summary": {"covered_lines": 6, "num_statements": 7, "percent_covered": 85.71428571428571, "percent_covered_display": "86", "missing_lines": 1, "excluded_lines": 0, "percent_statements_covered": 85.71428571428571, "percent_statements_covered_display": "86"}, "missing_lines": [292], "excluded_lines": [], "start_line": 284}, "ElementFactory._validate_numeric_ranges": {"executed_lines": [300, 301, 302, 303], "summary": {"covered_lines": 4, "num_statements": 4, "percent_covered": 100.0, "percent_covered_display": "100", "missing_lines": 0, "excluded_lines": 0, "percent_statements_covered": 100.0, "percent_statements_covered_display": "100"}, "missing_lines": [], "excluded_lines": [], "start_line": 296}, "": {"executed_lines": [3, 4, 5, 6, 8, 11, 14, 17, 44, 76, 97, 109, 119, 132, 145, 173, 195, 206, 219, 240, 248, 260, 272, 284, 296], "summary": {"covered_lines": 25, "num_statements": 25, "percent_covered": 100.0, "percent_covered_display": "100", "missing_lines": 0, "excluded_lines": 0, "percent_statements_covered": 100.0, "percent_statements_covered_display": "100"}, "missing_lines": [], "excluded_lines": [], "start_line": 1}}, "classes": {"ElementFactory": {"executed_lines": [15, 20, 23, 26, 40, 42, 47, 48, 49, 52, 55, 58, 59, 60, 70, 72, 74, 80, 83, 84, 85, 86, 89, 92, 93, 94, 95, 101, 102, 103, 106, 107, 114, 115, 116, 117, 124, 127, 128, 129, 130, 136, 137, 138, 139, 140, 141, 142, 143, 147, 150, 151, 154, 157, 160, 163, 166, 168, 169, 171, 177, 190, 191, 199, 200, 201, 202, 203, 204, 210, 211, 212, 213, 214, 215, 216, 217, 222, 223, 226, 227, 230, 231, 232, 233, 234, 235, 238, 242, 243, 244, 245, 246, 252, 253, 254, 255, 256, 257, 258, 264, 265, 266, 267, 268, 269, 270, 276, 277, 278, 281, 282, 288, 289, 290, 291, 293, 294, 300, 301, 302, 303], "summary": {"covered_lines": 122, "num_statements": 125, "percent_covered": 97.6, "percent_covered_display": "98", "missing_lines": 3, "excluded_lines": 0, "percent_statements_covered": 97.6, "percent_statements_covered_display": "98"}, "missing_lines": [279, 280, 292], "excluded_lines": [], "start_line": 11}, "": {"executed_lines": [3, 4, 5, 6, 8, 11, 14, 17, 44, 76, 97, 109, 119, 132, 145, 173, 195, 206, 219, 240, 248, 260, 272, 284, 296], "summary": {"covered_lines": 25, "num_statements": 25, "percent_covered": 100.0, "percent_covered_display": "100", "missing_lines": 0, "excluded_lines": 0, "percent_statements_covered": 100.0, "percent_statements_covered_display": "100"}, "missing_lines": [], "excluded_lines": [], "start_line": 1}}}, "excalidraw_mcp/http_client.py": {"executed_lines": [3, 4, 5, 6, 7, 8, 9, 11, 13, 14, 16, 19, 20, 23, 24, 25, 28, 31, 32, 33, 34, 37, 44, 45, 46, 48, 49, 51, 53, 54, 60, 67, 69, 70, 71, 73, 75, 76, 79, 85, 86, 94, 95, 97, 98, 101, 103, 107, 108, 111, 116, 118, 120, 127, 130, 137, 138, 140, 141, 146, 148, 151, 158, 159, 160, 163, 165, 168, 170, 172, 180, 184, 185, 186, 189, 198, 203, 204, 213, 215, 217, 222, 223, 224, 225, 226, 227, 231, 232, 233, 234, 235, 237, 238, 239, 240, 241, 243, 245, 250, 251, 252, 254, 255, 259, 261, 269, 270, 271, 274, 275, 277, 278, 282, 288, 292, 293, 294, 296, 297, 299, 300, 301, 303, 304, 307, 309, 310, 311, 314, 315, 317, 318, 321, 323, 324, 325, 326, 327, 329, 331, 332, 333, 335, 336, 338, 344, 345, 348, 350, 351, 353, 354, 358, 362, 364, 365, 366, 367, 370, 372, 376, 377, 378, 380, 381, 383, 389, 390, 393, 395, 396, 397, 400, 401, 403, 404, 407, 409, 410, 411, 412, 413, 415, 416, 418, 420, 422, 424, 426, 429, 435, 439, 440, 442, 443, 445, 448, 449, 453, 468, 477, 478, 480, 484], "summary": {"covered_lines": 205, "num_statements": 215, "percent_covered": 95.34883720930233, "percent_covered_display": "95", "missing_lines": 10, "excluded_lines": 0, "percent_statements_covered": 95.34883720930233, "percent_statements_covered_display": "95"}, "missing_lines": [92, 125, 257, 306, 347, 392, 427, 455, 457, 470], "excluded_lines": [], "functions": {"CanvasHTTPClient.__init__": {"executed_lines": [32, 33, 34, 37], "summary": {"covered_lines": 4, "num_statements": 4, "percent_covered": 100.0, "percent_covered_display": "100", "missing_lines": 0, "excluded_lines": 0, "percent_statements_covered": 100.0, "percent_statements_covered_display": "100"}, "missing_lines": [], "excluded_lines": [], "start_line": 31}, "CanvasHTTPClient.__aenter__": {"executed_lines": [45, 46], "summary": {"covered_lines": 2, "num_statements": 2, "percent_covered": 100.0, "percent_covered_display": "100", "missing_lines": 0, "excluded_lines": 0, "percent_statements_covered": 100.0, "percent_statements_covered_display": "100"}, "missing_lines": [], "excluded_lines": [], "start_line": 44}, "CanvasHTTPClient.__aexit__": {"executed_lines": [49], "summary": {"covered_lines": 1, "num_statements": 1, "percent_covered": 100.0, "percent_covered_display": "100", "missing_lines": 0, "excluded_lines": 0, "percent_statements_covered": 100.0, "percent_statements_covered_display": "100"}, "missing_lines": [], "excluded_lines": [], "start_line": 48}, "CanvasHTTPClient._ensure_client": {"executed_lines": [53, 54, 60], "summary": {"covered_lines": 3, "num_statements": 3, "percent_covered": 100.0, "percent_covered_display": "100", "missing_lines": 0, "excluded_lines": 0, "percent_statements_covered": 100.0, "percent_statements_covered_display": "100"}, "missing_lines": [], "excluded_lines": [], "start_line": 51}, "CanvasHTTPClient.close": {"executed_lines": [69, 70, 71], "summary": {"covered_lines": 3, "num_statements": 3, "percent_covered": 100.0, "percent_covered_display": "100", "missing_lines": 0, "excluded_lines": 0, "percent_statements_covered": 100.0, "percent_statements_covered_display": "100"}, "missing_lines": [], "excluded_lines": [], "start_line": 67}, "CanvasHTTPClient._perform_health_check_request": {"executed_lines": [75, 76, 79, 85, 86, 94, 95, 97, 98, 101], "summary": {"covered_lines": 10, "num_statements": 11, "percent_covered": 90.9090909090909, "percent_covered_display": "91", "missing_lines": 1, "excluded_lines": 0, "percent_statements_covered": 90.9090909090909, "percent_statements_covered_display": "91"}, "missing_lines": [92], "excluded_lines": [], "start_line": 73}, "CanvasHTTPClient.check_health": {"executed_lines": [107, 108, 111, 116, 118, 120, 127, 130, 137, 140, 141, 146, 148, 151, 158, 159, 160, 163, 165, 168, 170], "summary": {"covered_lines": 21, "num_statements": 22, "percent_covered": 95.45454545454545, "percent_covered_display": "95", "missing_lines": 1, "excluded_lines": 0, "percent_statements_covered": 95.45454545454545, "percent_statements_covered_display": "95"}, "missing_lines": [125], "excluded_lines": [], "start_line": 103}, "CanvasHTTPClient.check_health._health_check_request": {"executed_lines": [138], "summary": {"covered_lines": 1, "num_statements": 1, "percent_covered": 100.0, "percent_covered_display": "100", "missing_lines": 0, "excluded_lines": 0, "percent_statements_covered": 100.0, "percent_statements_covered_display": "100"}, "missing_lines": [], "excluded_lines": [], "start_line": 137}, "CanvasHTTPClient.post_json": {"executed_lines": [180, 184, 185, 186, 189, 198, 203, 204, 213, 215], "summary": {"covered_lines": 10, "num_statements": 10, "percent_covered": 100.0, "percent_covered_display": "100", "missing_lines": 0, "excluded_lines": 0, "percent_statements_covered": 100.0, "percent_statements_covered_display": "100"}, "missing_lines": [], "excluded_lines": [], "start_line": 172}, "CanvasHTTPClient._create_post_request_func": {"executed_lines": [222, 243], "summary": {"covered_lines": 2, "num_statements": 2, "percent_covered": 100.0, "percent_covered_display": "100", "missing_lines": 0, "excluded_lines": 0, "percent_statements_covered": 100.0, "percent_statements_covered_display": "100"}, "missing_lines": [], "excluded_lines": [], "start_line": 217}, "CanvasHTTPClient._create_post_request_func._post_request": {"executed_lines": [223, 224, 225, 226, 227, 231, 232, 233, 234, 235, 237, 238, 239, 240, 241], "summary": {"covered_lines": 15, "num_statements": 15, "percent_covered": 100.0, "percent_covered_display": "100", "missing_lines": 0, "excluded_lines": 0, "percent_statements_covered": 100.0, "percent_statements_covered_display": "100"}, "missing_lines": [], "excluded_lines": [], "start_line": 222}, "CanvasHTTPClient._send_post_request": {"executed_lines": [250, 251, 252, 254, 255, 259], "summary": {"covered_lines": 6, "num_statements": 7, "percent_covered": 85.71428571428571, "percent_covered_display": "86", "missing_lines": 1, "excluded_lines": 0, "percent_statements_covered": 85.71428571428571, "percent_statements_covered_display": "86"}, "missing_lines": [257], "excluded_lines": [], "start_line": 245}, "CanvasHTTPClient._handle_post_response": {"executed_lines": [269, 270, 271, 274, 275, 277, 278, 282], "summary": {"covered_lines": 8, "num_statements": 8, "percent_covered": 100.0, "percent_covered_display": "100", "missing_lines": 0, "excluded_lines": 0, "percent_statements_covered": 100.0, "percent_statements_covered_display": "100"}, "missing_lines": [], "excluded_lines": [], "start_line": 261}, "CanvasHTTPClient.put_json": {"executed_lines": [292, 293, 294, 296, 297, 299, 300, 301, 303, 304, 307, 309, 310, 311, 314, 315, 317, 318, 321, 323, 324, 325, 326, 327], "summary": {"covered_lines": 24, "num_statements": 25, "percent_covered": 96.0, "percent_covered_display": "96", "missing_lines": 1, "excluded_lines": 0, "percent_statements_covered": 96.0, "percent_statements_covered_display": "96"}, "missing_lines": [306], "excluded_lines": [], "start_line": 288}, "CanvasHTTPClient.delete": {"executed_lines": [331, 332, 333, 335, 336, 338, 344, 345, 348, 350, 351, 353, 354, 358, 362, 364, 365, 366, 367, 370], "summary": {"covered_lines": 20, "num_statements": 21, "percent_covered": 95.23809523809524, "percent_covered_display": "95", "missing_lines": 1, "excluded_lines": 0, "percent_statements_covered": 95.23809523809524, "percent_statements_covered_display": "95"}, "missing_lines": [347], "excluded_lines": [], "start_line": 329}, "CanvasHTTPClient.get_json": {"executed_lines": [376, 377, 378, 380, 381, 383, 389, 390, 393, 395, 396, 397, 400, 401, 403, 404, 407, 409, 410, 411, 412, 413], "summary": {"covered_lines": 22, "num_statements": 23, "percent_covered": 95.65217391304348, "percent_covered_display": "96", "missing_lines": 1, "excluded_lines": 0, "percent_statements_covered": 95.65217391304348, "percent_statements_covered_display": "96"}, "missing_lines": [392], "excluded_lines": [], "start_line": 372}, "CanvasHTTPClient.health_failure_count": {"executed_lines": [418], "summary": {"covered_lines": 1, "num_statements": 1, "percent_covered": 100.0, "percent_covered_display": "100", "missing_lines": 0, "excluded_lines": 0, "percent_statements_covered": 100.0, "percent_statements_covered_display": "100"}, "missing_lines": [], "excluded_lines": [], "start_line": 416}, "CanvasHTTPClient._generate_correlation_id": {"executed_lines": [422], "summary": {"covered_lines": 1, "num_statements": 1, "percent_covered": 100.0, "percent_covered_display": "100", "missing_lines": 0, "excluded_lines": 0, "percent_statements_covered": 100.0, "percent_statements_covered_display": "100"}, "missing_lines": [], "excluded_lines": [], "start_line": 420}, "CanvasHTTPClient._get_tracing_headers": {"executed_lines": [426, 429], "summary": {"covered_lines": 2, "num_statements": 3, "percent_covered": 66.66666666666667, "percent_covered_display": "67", "missing_lines": 1, "excluded_lines": 0, "percent_statements_covered": 66.66666666666667, "percent_statements_covered_display": "67"}, "missing_lines": [427], "excluded_lines": [], "start_line": 424}, "CanvasHTTPClient._update_request_metrics": {"executed_lines": [439, 440, 442, 443, 445, 448, 449], "summary": {"covered_lines": 7, "num_statements": 7, "percent_covered": 100.0, "percent_covered_display": "100", "missing_lines": 0, "excluded_lines": 0, "percent_statements_covered": 100.0, "percent_statements_covered_display": "100"}, "missing_lines": [], "excluded_lines": [], "start_line": 435}, "CanvasHTTPClient.get_request_metrics": {"executed_lines": [], "summary": {"covered_lines": 0, "num_statements": 2, "percent_covered": 0.0, "percent_covered_display": "0", "missing_lines": 2, "excluded_lines": 0, "percent_statements_covered": 0.0, "percent_statements_covered_display": "0"}, "missing_lines": [455, 457], "excluded_lines": [], "start_line": 453}, "CanvasHTTPClient.reset_request_metrics": {"executed_lines": [], "summary": {"covered_lines": 0, "num_statements": 1, "percent_covered": 0.0, "percent_covered_display": "0", "missing_lines": 1, "excluded_lines": 0, "percent_statements_covered": 0.0, "percent_statements_covered_display": "0"}, "missing_lines": [470], "excluded_lines": [], "start_line": 468}, "CanvasHTTPClient.is_healthy": {"executed_lines": [480], "summary": {"covered_lines": 1, "num_statements": 1, "percent_covered": 100.0, "percent_covered_display": "100", "missing_lines": 0, "excluded_lines": 0, "percent_statements_covered": 100.0, "percent_statements_covered_display": "100"}, "missing_lines": [], "excluded_lines": [], "start_line": 478}, "": {"executed_lines": [3, 4, 5, 6, 7, 8, 9, 11, 13, 14, 16, 19, 20, 23, 24, 25, 28, 31, 44, 48, 51, 67, 73, 103, 172, 217, 245, 261, 288, 329, 372, 415, 416, 420, 424, 435, 453, 468, 477, 478, 484], "summary": {"covered_lines": 41, "num_statements": 41, "percent_covered": 100.0, "percent_covered_display": "100", "missing_lines": 0, "excluded_lines": 0, "percent_statements_covered": 100.0, "percent_statements_covered_display": "100"}, "missing_lines": [], "excluded_lines": [], "start_line": 1}}, "classes": {"HealthCacheEntry": {"executed_lines": [], "summary": {"covered_lines": 0, "num_statements": 0, "percent_covered": 100.0, "percent_covered_display": "100", "missing_lines": 0, "excluded_lines": 0, "percent_statements_covered": 100.0, "percent_statements_covered_display": "100"}, "missing_lines": [], "excluded_lines": [], "start_line": 20}, "CanvasHTTPClient": {"executed_lines": [32, 33, 34, 37, 45, 46, 49, 53, 54, 60, 69, 70, 71, 75, 76, 79, 85, 86, 94, 95, 97, 98, 101, 107, 108, 111, 116, 118, 120, 127, 130, 137, 138, 140, 141, 146, 148, 151, 158, 159, 160, 163, 165, 168, 170, 180, 184, 185, 186, 189, 198, 203, 204, 213, 215, 222, 223, 224, 225, 226, 227, 231, 232, 233, 234, 235, 237, 238, 239, 240, 241, 243, 250, 251, 252, 254, 255, 259, 269, 270, 271, 274, 275, 277, 278, 282, 292, 293, 294, 296, 297, 299, 300, 301, 303, 304, 307, 309, 310, 311, 314, 315, 317, 318, 321, 323, 324, 325, 326, 327, 331, 332, 333, 335, 336, 338, 344, 345, 348, 350, 351, 353, 354, 358, 362, 364, 365, 366, 367, 370, 376, 377, 378, 380, 381, 383, 389, 390, 393, 395, 396, 397, 400, 401, 403, 404, 407, 409, 410, 411, 412, 413, 418, 422, 426, 429, 439, 440, 442, 443, 445, 448, 449, 480], "summary": {"covered_lines": 164, "num_statements": 174, "percent_covered": 94.25287356321839, "percent_covered_display": "94", "missing_lines": 10, "excluded_lines": 0, "percent_statements_covered": 94.25287356321839, "percent_statements_covered_display": "94"}, "missing_lines": [92, 125, 257, 306, 347, 392, 427, 455, 457, 470], "excluded_lines": [], "start_line": 28}, "": {"executed_lines": [3, 4, 5, 6, 7, 8, 9, 11, 13, 14, 16, 19, 20, 23, 24, 25, 28, 31, 44, 48, 51, 67, 73, 103, 172, 217, 245, 261, 288, 329, 372, 415, 416, 420, 424, 435, 453, 468, 477, 478, 484], "summary": {"covered_lines": 41, "num_statements": 41, "percent_covered": 100.0, "percent_covered_display": "100", "missing_lines": 0, "excluded_lines": 0, "percent_statements_covered": 100.0, "percent_statements_covered_display": "100"}, "missing_lines": [], "excluded_lines": [], "start_line": 1}}}, "excalidraw_mcp/mcp_tools.py": {"executed_lines": [3, 4, 6, 8, 9, 10, 12, 15, 18, 19, 20, 21, 23, 26, 27, 28, 29, 32, 35, 36, 37, 38, 39, 40, 43, 45, 47, 48, 49, 51, 52, 54, 55, 60, 64, 65, 67, 68, 69, 70, 71, 72, 73, 76, 77, 79, 80, 82, 83, 84, 88, 90, 91, 94, 97, 99, 100, 106, 112, 113, 114, 116, 118, 119, 121, 123, 127, 130, 132, 133, 139, 141, 142, 143, 145, 147, 149, 151, 152, 157, 162, 163, 164, 166, 168, 169, 172, 174, 175, 176, 183, 188, 189, 190, 194, 196, 197, 199, 201, 202, 208, 209, 210, 216, 217, 218, 219, 222, 223, 225, 226, 233, 239, 240, 241, 248, 250, 251, 252, 257, 258, 260, 261, 267, 269, 270, 271, 273, 275, 276, 278, 279, 284, 289, 290, 291, 293, 295, 296, 298, 299, 301, 302, 307, 308, 310, 311, 316, 318, 319, 320, 322, 324, 325, 327, 328, 330, 331, 336, 337, 341, 342, 347, 352, 353, 354, 356, 358, 359, 360, 362, 363, 368, 370, 371, 372, 374, 376, 377, 378, 380, 381, 386, 391, 392, 393, 397, 399, 400, 402, 403, 408, 410, 411, 418, 423, 424, 425], "summary": {"covered_lines": 198, "num_statements": 202, "percent_covered": 98.01980198019803, "percent_covered_display": "98", "missing_lines": 4, "excluded_lines": 0, "percent_statements_covered": 98.01980198019803, "percent_statements_covered_display": "98"}, "missing_lines": [56, 57, 58, 124], "excluded_lines": [], "functions": {"MCPToolsManager.__init__": {"executed_lines": [19, 20, 21], "summary": {"covered_lines": 3, "num_statements": 3, "percent_covered": 100.0, "percent_covered_display": "100", "missing_lines": 0, "excluded_lines": 0, "percent_statements_covered": 100.0, "percent_statements_covered_display": "100"}, "missing_lines": [], "excluded_lines": [], "start_line": 18}, "MCPToolsManager._register_tools": {"executed_lines": [26, 27, 28, 29, 32, 35, 36, 37, 38, 39, 40, 43], "summary": {"covered_lines": 12, "num_statements": 12, "percent_covered": 100.0, "percent_covered_display": "100", "missing_lines": 0, "excluded_lines": 0, "percent_statements_covered": 100.0, "percent_statements_covered_display": "100"}, "missing_lines": [], "excluded_lines": [], "start_line": 23}, "MCPToolsManager._ensure_canvas_available": {"executed_lines": [47, 48, 49], "summary": {"covered_lines": 3, "num_statements": 3, "percent_covered": 100.0, "percent_covered_display": "100", "missing_lines": 0, "excluded_lines": 0, "percent_statements_covered": 100.0, "percent_statements_covered_display": "100"}, "missing_lines": [], "excluded_lines": [], "start_line": 45}, "MCPToolsManager._request_to_dict": {"executed_lines": [54, 55], "summary": {"covered_lines": 2, "num_statements": 5, "percent_covered": 40.0, "percent_covered_display": "40", "missing_lines": 3, "excluded_lines": 0, "percent_statements_covered": 40.0, "percent_statements_covered_display": "40"}, "missing_lines": [56, 57, 58], "excluded_lines": [], "start_line": 52}, "MCPToolsManager._sync_to_canvas": {"executed_lines": [64, 65, 67, 68, 69, 70, 71, 72, 73, 76, 77, 79, 80, 82, 83, 84], "summary": {"covered_lines": 16, "num_statements": 16, "percent_covered": 100.0, "percent_covered_display": "100", "missing_lines": 0, "excluded_lines": 0, "percent_statements_covered": 100.0, "percent_statements_covered_display": "100"}, "missing_lines": [], "excluded_lines": [], "start_line": 60}, "MCPToolsManager.create_element": {"executed_lines": [90, 91, 94, 97, 99, 100, 106, 112, 113, 114], "summary": {"covered_lines": 10, "num_statements": 10, "percent_covered": 100.0, "percent_covered_display": "100", "missing_lines": 0, "excluded_lines": 0, "percent_statements_covered": 100.0, "percent_statements_covered_display": "100"}, "missing_lines": [], "excluded_lines": [], "start_line": 88}, "MCPToolsManager.update_element": {"executed_lines": [118, 119, 121, 123, 127, 130, 132, 133, 139, 141, 142, 143], "summary": {"covered_lines": 12, "num_statements": 13, "percent_covered": 92.3076923076923, "percent_covered_display": "92", "missing_lines": 1, "excluded_lines": 0, "percent_statements_covered": 92.3076923076923, "percent_statements_covered_display": "92"}, "missing_lines": [124], "excluded_lines": [], "start_line": 116}, "MCPToolsManager.delete_element": {"executed_lines": [147, 149, 151, 152, 157, 162, 163, 164], "summary": {"covered_lines": 8, "num_statements": 8, "percent_covered": 100.0, "percent_covered_display": "100", "missing_lines": 0, "excluded_lines": 0, "percent_statements_covered": 100.0, "percent_statements_covered_display": "100"}, "missing_lines": [], "excluded_lines": [], "start_line": 145}, "MCPToolsManager.query_elements": {"executed_lines": [168, 169, 172, 174, 175, 176, 183, 188, 189, 190], "summary": {"covered_lines": 10, "num_statements": 10, "percent_covered": 100.0, "percent_covered_display": "100", "missing_lines": 0, "excluded_lines": 0, "percent_statements_covered": 100.0, "percent_statements_covered_display": "100"}, "missing_lines": [], "excluded_lines": [], "start_line": 166}, "MCPToolsManager.batch_create_elements": {"executed_lines": [196, 197, 199, 201, 202, 208, 209, 210, 216, 217, 218, 219, 222, 223, 225, 226, 233, 239, 240, 241], "summary": {"covered_lines": 20, "num_statements": 20, "percent_covered": 100.0, "percent_covered_display": "100", "missing_lines": 0, "excluded_lines": 0, "percent_statements_covered": 100.0, "percent_statements_covered_display": "100"}, "missing_lines": [], "excluded_lines": [], "start_line": 194}, "MCPToolsManager.group_elements": {"executed_lines": [250, 251, 252, 257, 258, 260, 261, 267, 269, 270, 271], "summary": {"covered_lines": 11, "num_statements": 11, "percent_covered": 100.0, "percent_covered_display": "100", "missing_lines": 0, "excluded_lines": 0, "percent_statements_covered": 100.0, "percent_statements_covered_display": "100"}, "missing_lines": [], "excluded_lines": [], "start_line": 248}, "MCPToolsManager.ungroup_elements": {"executed_lines": [275, 276, 278, 279, 284, 289, 290, 291], "summary": {"covered_lines": 8, "num_statements": 8, "percent_covered": 100.0, "percent_covered_display": "100", "missing_lines": 0, "excluded_lines": 0, "percent_statements_covered": 100.0, "percent_statements_covered_display": "100"}, "missing_lines": [], "excluded_lines": [], "start_line": 273}, "MCPToolsManager.align_elements": {"executed_lines": [295, 296, 298, 299, 301, 302, 307, 308, 310, 311, 316, 318, 319, 320], "summary": {"covered_lines": 14, "num_statements": 14, "percent_covered": 100.0, "percent_covered_display": "100", "missing_lines": 0, "excluded_lines": 0, "percent_statements_covered": 100.0, "percent_statements_covered_display": "100"}, "missing_lines": [], "excluded_lines": [], "start_line": 293}, "MCPToolsManager.distribute_elements": {"executed_lines": [324, 325, 327, 328, 330, 331, 336, 337, 341, 342, 347, 352, 353, 354], "summary": {"covered_lines": 14, "num_statements": 14, "percent_covered": 100.0, "percent_covered_display": "100", "missing_lines": 0, "excluded_lines": 0, "percent_statements_covered": 100.0, "percent_statements_covered_display": "100"}, "missing_lines": [], "excluded_lines": [], "start_line": 322}, "MCPToolsManager.lock_elements": {"executed_lines": [358, 359, 360, 362, 363, 368, 370, 371, 372], "summary": {"covered_lines": 9, "num_statements": 9, "percent_covered": 100.0, "percent_covered_display": "100", "missing_lines": 0, "excluded_lines": 0, "percent_statements_covered": 100.0, "percent_statements_covered_display": "100"}, "missing_lines": [], "excluded_lines": [], "start_line": 356}, "MCPToolsManager.unlock_elements": {"executed_lines": [376, 377, 378, 380, 381, 386, 391, 392, 393], "summary": {"covered_lines": 9, "num_statements": 9, "percent_covered": 100.0, "percent_covered_display": "100", "missing_lines": 0, "excluded_lines": 0, "percent_statements_covered": 100.0, "percent_statements_covered_display": "100"}, "missing_lines": [], "excluded_lines": [], "start_line": 374}, "MCPToolsManager.get_resource": {"executed_lines": [399, 400, 402, 403, 408, 410, 411, 418, 423, 424, 425], "summary": {"covered_lines": 11, "num_statements": 11, "percent_covered": 100.0, "percent_covered_display": "100", "missing_lines": 0, "excluded_lines": 0, "percent_statements_covered": 100.0, "percent_statements_covered_display": "100"}, "missing_lines": [], "excluded_lines": [], "start_line": 397}, "": {"executed_lines": [3, 4, 6, 8, 9, 10, 12, 15, 18, 23, 45, 51, 52, 60, 88, 116, 145, 166, 194, 248, 273, 293, 322, 356, 374, 397], "summary": {"covered_lines": 26, "num_statements": 26, "percent_covered": 100.0, "percent_covered_display": "100", "missing_lines": 0, "excluded_lines": 0, "percent_statements_covered": 100.0, "percent_statements_covered_display": "100"}, "missing_lines": [], "excluded_lines": [], "start_line": 1}}, "classes": {"MCPToolsManager": {"executed_lines": [19, 20, 21, 26, 27, 28, 29, 32, 35, 36, 37, 38, 39, 40, 43, 47, 48, 49, 54, 55, 64, 65, 67, 68, 69, 70, 71, 72, 73, 76, 77, 79, 80, 82, 83, 84, 90, 91, 94, 97, 99, 100, 106, 112, 113, 114, 118, 119, 121, 123, 127, 130, 132, 133, 139, 141, 142, 143, 147, 149, 151, 152, 157, 162, 163, 164, 168, 169, 172, 174, 175, 176, 183, 188, 189, 190, 196, 197, 199, 201, 202, 208, 209, 210, 216, 217, 218, 219, 222, 223, 225, 226, 233, 239, 240, 241, 250, 251, 252, 257, 258, 260, 261, 267, 269, 270, 271, 275, 276, 278, 279, 284, 289, 290, 291, 295, 296, 298, 299, 301, 302, 307, 308, 310, 311, 316, 318, 319, 320, 324, 325, 327, 328, 330, 331, 336, 337, 341, 342, 347, 352, 353, 354, 358, 359, 360, 362, 363, 368, 370, 371, 372, 376, 377, 378, 380, 381, 386, 391, 392, 393, 399, 400, 402, 403, 408, 410, 411, 418, 423, 424, 425], "summary": {"covered_lines": 172, "num_statements": 176, "percent_covered": 97.72727272727273, "percent_covered_display": "98", "missing_lines": 4, "excluded_lines": 0, "percent_statements_covered": 97.72727272727273, "percent_statements_covered_display": "98"}, "missing_lines": [56, 57, 58, 124], "excluded_lines": [], "start_line": 15}, "": {"executed_lines": [3, 4, 6, 8, 9, 10, 12, 15, 18, 23, 45, 51, 52, 60, 88, 116, 145, 166, 194, 248, 273, 293, 322, 356, 374, 397], "summary": {"covered_lines": 26, "num_statements": 26, "percent_covered": 100.0, "percent_covered_display": "100", "missing_lines": 0, "excluded_lines": 0, "percent_statements_covered": 100.0, "percent_statements_covered_display": "100"}, "missing_lines": [], "excluded_lines": [], "start_line": 1}}}, "excalidraw_mcp/monitoring/__init__.py": {"executed_lines": [3, 4, 5, 6, 7, 9], "summary": {"covered_lines": 6, "num_statements": 6, "percent_covered": 100.0, "percent_covered_display": "100", "missing_lines": 0, "excluded_lines": 0, "percent_statements_covered": 100.0, "percent_statements_covered_display": "100"}, "missing_lines": [], "excluded_lines": [], "functions": {"": {"executed_lines": [3, 4, 5, 6, 7, 9], "summary": {"covered_lines": 6, "num_statements": 6, "percent_covered": 100.0, "percent_covered_display": "100", "missing_lines": 0, "excluded_lines": 0, "percent_statements_covered": 100.0, "percent_statements_covered_display": "100"}, "missing_lines": [], "excluded_lines": [], "start_line": 1}}, "classes": {"": {"executed_lines": [3, 4, 5, 6, 7, 9], "summary": {"covered_lines": 6, "num_statements": 6, "percent_covered": 100.0, "percent_covered_display": "100", "missing_lines": 0, "excluded_lines": 0, "percent_statements_covered": 100.0, "percent_statements_covered_display": "100"}, "missing_lines": [], "excluded_lines": [], "start_line": 1}}}, "excalidraw_mcp/monitoring/alerts.py": {"executed_lines": [3, 4, 5, 6, 7, 8, 9, 10, 11, 13, 15, 18, 21, 22, 23, 24, 27, 30, 31, 32, 33, 36, 37, 40, 41, 42, 43, 44, 45, 46, 47, 48, 51, 52, 55, 56, 57, 58, 59, 60, 61, 64, 67, 68, 69, 70, 71, 72, 75, 77, 79, 82, 104, 116, 138, 149, 151, 153, 154, 156, 158, 159, 162, 164, 165, 168, 173, 180, 182, 186, 187, 188, 189, 190, 191, 194, 195, 197, 201, 202, 203, 204, 205, 206, 210, 221, 223, 225, 227, 228, 230, 232, 236, 237, 238, 239, 240, 241, 242, 244, 245, 246, 248, 250, 251, 253, 257, 262, 264, 267, 279, 280, 282, 283, 284, 286, 290, 292, 293, 296, 299, 301, 312, 313, 314, 315, 318, 320, 322, 324, 325, 335, 337, 338, 340, 341, 344, 345, 347, 349, 351, 361, 367, 369, 370, 371, 372, 380, 382, 389, 393, 396, 402, 403, 404, 406, 417, 419, 427, 436, 437, 439, 440, 442, 444, 446, 448, 449, 450, 451, 453, 455, 463, 465, 466, 470, 472, 474, 475, 479, 481, 483, 484, 485, 487, 489], "summary": {"covered_lines": 186, "num_statements": 218, "percent_covered": 85.3211009174312, "percent_covered_display": "85", "missing_lines": 32, "excluded_lines": 0, "percent_statements_covered": 85.3211009174312, "percent_statements_covered_display": "85"}, "missing_lines": [160, 170, 171, 193, 208, 214, 215, 219, 243, 247, 249, 252, 255, 326, 327, 328, 331, 333, 342, 363, 364, 365, 373, 374, 377, 378, 467, 468, 469, 476, 477, 478], "excluded_lines": [], "functions": {"AlertManager.__init__": {"executed_lines": [68, 69, 70, 71, 72, 75], "summary": {"covered_lines": 6, "num_statements": 6, "percent_covered": 100.0, "percent_covered_display": "100", "missing_lines": 0, "excluded_lines": 0, "percent_statements_covered": 100.0, "percent_statements_covered_display": "100"}, "missing_lines": [], "excluded_lines": [], "start_line": 67}, "AlertManager._initialize_alert_rules": {"executed_lines": [79, 82, 104, 116, 138, 149], "summary": {"covered_lines": 6, "num_statements": 6, "percent_covered": 100.0, "percent_covered_display": "100", "missing_lines": 0, "excluded_lines": 0, "percent_statements_covered": 100.0, "percent_statements_covered_display": "100"}, "missing_lines": [], "excluded_lines": [], "start_line": 77}, "AlertManager.check_conditions": {"executed_lines": [153, 154, 156, 158, 159, 162, 164, 165, 168], "summary": {"covered_lines": 9, "num_statements": 12, "percent_covered": 75.0, "percent_covered_display": "75", "missing_lines": 3, "excluded_lines": 0, "percent_statements_covered": 75.0, "percent_statements_covered_display": "75"}, "missing_lines": [160, 170, 171], "excluded_lines": [], "start_line": 151}, "AlertManager._eval_expression": {"executed_lines": [180], "summary": {"covered_lines": 1, "num_statements": 1, "percent_covered": 100.0, "percent_covered_display": "100", "missing_lines": 0, "excluded_lines": 0, "percent_statements_covered": 100.0, "percent_statements_covered_display": "100"}, "missing_lines": [], "excluded_lines": [], "start_line": 173}, "AlertManager._eval_compare": {"executed_lines": [186, 187, 188, 189, 190, 191, 194, 195], "summary": {"covered_lines": 8, "num_statements": 9, "percent_covered": 88.88888888888889, "percent_covered_display": "89", "missing_lines": 1, "excluded_lines": 0, "percent_statements_covered": 88.88888888888889, "percent_statements_covered_display": "89"}, "missing_lines": [193], "excluded_lines": [], "start_line": 182}, "AlertManager._eval_bool_op": {"executed_lines": [201, 202, 203, 204, 205, 206], "summary": {"covered_lines": 6, "num_statements": 7, "percent_covered": 85.71428571428571, "percent_covered_display": "86", "missing_lines": 1, "excluded_lines": 0, "percent_statements_covered": 85.71428571428571, "percent_statements_covered_display": "86"}, "missing_lines": [208], "excluded_lines": [], "start_line": 197}, "AlertManager._eval_unary_op": {"executed_lines": [], "summary": {"covered_lines": 0, "num_statements": 3, "percent_covered": 0.0, "percent_covered_display": "0", "missing_lines": 3, "excluded_lines": 0, "percent_statements_covered": 0.0, "percent_statements_covered_display": "0"}, "missing_lines": [214, 215, 219], "excluded_lines": [], "start_line": 210}, "AlertManager._eval_constant": {"executed_lines": [223], "summary": {"covered_lines": 1, "num_statements": 1, "percent_covered": 100.0, "percent_covered_display": "100", "missing_lines": 0, "excluded_lines": 0, "percent_statements_covered": 100.0, "percent_statements_covered_display": "100"}, "missing_lines": [], "excluded_lines": [], "start_line": 221}, "AlertManager._eval_name": {"executed_lines": [227, 228, 230], "summary": {"covered_lines": 3, "num_statements": 3, "percent_covered": 100.0, "percent_covered_display": "100", "missing_lines": 0, "excluded_lines": 0, "percent_statements_covered": 100.0, "percent_statements_covered_display": "100"}, "missing_lines": [], "excluded_lines": [], "start_line": 225}, "AlertManager._eval_node": {"executed_lines": [236, 237, 238, 239, 240, 241, 242, 244, 245, 246, 248, 250, 251, 253], "summary": {"covered_lines": 14, "num_statements": 19, "percent_covered": 73.6842105263158, "percent_covered_display": "74", "missing_lines": 5, "excluded_lines": 0, "percent_statements_covered": 73.6842105263158, "percent_statements_covered_display": "74"}, "missing_lines": [243, 247, 249, 252, 255], "excluded_lines": [], "start_line": 232}, "AlertManager._safe_eval_condition": {"executed_lines": [262, 264, 267, 279, 280, 282, 283, 284], "summary": {"covered_lines": 8, "num_statements": 8, "percent_covered": 100.0, "percent_covered_display": "100", "missing_lines": 0, "excluded_lines": 0, "percent_statements_covered": 100.0, "percent_statements_covered_display": "100"}, "missing_lines": [], "excluded_lines": [], "start_line": 257}, "AlertManager._trigger_alert": {"executed_lines": [290, 292, 293, 296, 299, 301, 312, 313, 314, 315, 318, 320], "summary": {"covered_lines": 12, "num_statements": 12, "percent_covered": 100.0, "percent_covered_display": "100", "missing_lines": 0, "excluded_lines": 0, "percent_statements_covered": 100.0, "percent_statements_covered_display": "100"}, "missing_lines": [], "excluded_lines": [], "start_line": 286}, "AlertManager._resolve_alert": {"executed_lines": [324, 325], "summary": {"covered_lines": 2, "num_statements": 7, "percent_covered": 28.571428571428573, "percent_covered_display": "29", "missing_lines": 5, "excluded_lines": 0, "percent_statements_covered": 28.571428571428573, "percent_statements_covered_display": "29"}, "missing_lines": [326, 327, 328, 331, 333], "excluded_lines": [], "start_line": 322}, "AlertManager._should_throttle_alert": {"executed_lines": [337, 338, 340, 341, 344, 345], "summary": {"covered_lines": 6, "num_statements": 7, "percent_covered": 85.71428571428571, "percent_covered_display": "86", "missing_lines": 1, "excluded_lines": 0, "percent_statements_covered": 85.71428571428571, "percent_statements_covered_display": "86"}, "missing_lines": [342], "excluded_lines": [], "start_line": 335}, "AlertManager._format_alert_message": {"executed_lines": [349, 351, 361], "summary": {"covered_lines": 3, "num_statements": 6, "percent_covered": 50.0, "percent_covered_display": "50", "missing_lines": 3, "excluded_lines": 0, "percent_statements_covered": 50.0, "percent_statements_covered_display": "50"}, "missing_lines": [363, 364, 365], "excluded_lines": [], "start_line": 347}, "AlertManager._send_alert": {"executed_lines": [369, 370, 371, 372], "summary": {"covered_lines": 4, "num_statements": 8, "percent_covered": 50.0, "percent_covered_display": "50", "missing_lines": 4, "excluded_lines": 0, "percent_statements_covered": 50.0, "percent_statements_covered_display": "50"}, "missing_lines": [373, 374, 377, 378], "excluded_lines": [], "start_line": 367}, "AlertManager._send_log_alert": {"executed_lines": [382, 389], "summary": {"covered_lines": 2, "num_statements": 2, "percent_covered": 100.0, "percent_covered_display": "100", "missing_lines": 0, "excluded_lines": 0, "percent_statements_covered": 100.0, "percent_statements_covered_display": "100"}, "missing_lines": [], "excluded_lines": [], "start_line": 380}, "AlertManager._send_webhook_alert": {"executed_lines": [396, 402, 403, 404, 406, 417], "summary": {"covered_lines": 6, "num_statements": 6, "percent_covered": 100.0, "percent_covered_display": "100", "missing_lines": 0, "excluded_lines": 0, "percent_statements_covered": 100.0, "percent_statements_covered_display": "100"}, "missing_lines": [], "excluded_lines": [], "start_line": 393}, "AlertManager.force_alert": {"executed_lines": [427, 436, 437, 439, 440], "summary": {"covered_lines": 5, "num_statements": 5, "percent_covered": 100.0, "percent_covered_display": "100", "missing_lines": 0, "excluded_lines": 0, "percent_statements_covered": 100.0, "percent_statements_covered_display": "100"}, "missing_lines": [], "excluded_lines": [], "start_line": 419}, "AlertManager.get_active_alerts": {"executed_lines": [444], "summary": {"covered_lines": 1, "num_statements": 1, "percent_covered": 100.0, "percent_covered_display": "100", "missing_lines": 0, "excluded_lines": 0, "percent_statements_covered": 100.0, "percent_statements_covered_display": "100"}, "missing_lines": [], "excluded_lines": [], "start_line": 442}, "AlertManager.get_alert_history": {"executed_lines": [448, 449, 450, 451], "summary": {"covered_lines": 4, "num_statements": 4, "percent_covered": 100.0, "percent_covered_display": "100", "missing_lines": 0, "excluded_lines": 0, "percent_statements_covered": 100.0, "percent_statements_covered_display": "100"}, "missing_lines": [], "excluded_lines": [], "start_line": 446}, "AlertManager.get_alert_statistics": {"executed_lines": [455], "summary": {"covered_lines": 1, "num_statements": 1, "percent_covered": 100.0, "percent_covered_display": "100", "missing_lines": 0, "excluded_lines": 0, "percent_statements_covered": 100.0, "percent_statements_covered_display": "100"}, "missing_lines": [], "excluded_lines": [], "start_line": 453}, "AlertManager.enable_rule": {"executed_lines": [465, 466, 470], "summary": {"covered_lines": 3, "num_statements": 6, "percent_covered": 50.0, "percent_covered_display": "50", "missing_lines": 3, "excluded_lines": 0, "percent_statements_covered": 50.0, "percent_statements_covered_display": "50"}, "missing_lines": [467, 468, 469], "excluded_lines": [], "start_line": 463}, "AlertManager.disable_rule": {"executed_lines": [474, 475, 479], "summary": {"covered_lines": 3, "num_statements": 6, "percent_covered": 50.0, "percent_covered_display": "50", "missing_lines": 3, "excluded_lines": 0, "percent_statements_covered": 50.0, "percent_statements_covered_display": "50"}, "missing_lines": [476, 477, 478], "excluded_lines": [], "start_line": 472}, "AlertManager.clear_alert_history": {"executed_lines": [483, 484, 485], "summary": {"covered_lines": 3, "num_statements": 3, "percent_covered": 100.0, "percent_covered_display": "100", "missing_lines": 0, "excluded_lines": 0, "percent_statements_covered": 100.0, "percent_statements_covered_display": "100"}, "missing_lines": [], "excluded_lines": [], "start_line": 481}, "AlertManager.get_alert_rules": {"executed_lines": [489], "summary": {"covered_lines": 1, "num_statements": 1, "percent_covered": 100.0, "percent_covered_display": "100", "missing_lines": 0, "excluded_lines": 0, "percent_statements_covered": 100.0, "percent_statements_covered_display": "100"}, "missing_lines": [], "excluded_lines": [], "start_line": 487}, "": {"executed_lines": [3, 4, 5, 6, 7, 8, 9, 10, 11, 13, 15, 18, 21, 22, 23, 24, 27, 30, 31, 32, 33, 36, 37, 40, 41, 42, 43, 44, 45, 46, 47, 48, 51, 52, 55, 56, 57, 58, 59, 60, 61, 64, 67, 77, 151, 173, 182, 197, 210, 221, 225, 232, 257, 286, 322, 335, 347, 367, 380, 393, 419, 442, 446, 453, 463, 472, 481, 487], "summary": {"covered_lines": 68, "num_statements": 68, "percent_covered": 100.0, "percent_covered_display": "100", "missing_lines": 0, "excluded_lines": 0, "percent_statements_covered": 100.0, "percent_statements_covered_display": "100"}, "missing_lines": [], "excluded_lines": [], "start_line": 1}}, "classes": {"AlertLevel": {"executed_lines": [], "summary": {"covered_lines": 0, "num_statements": 0, "percent_covered": 100.0, "percent_covered_display": "100", "missing_lines": 0, "excluded_lines": 0, "percent_statements_covered": 100.0, "percent_statements_covered_display": "100"}, "missing_lines": [], "excluded_lines": [], "start_line": 18}, "AlertChannel": {"executed_lines": [], "summary": {"covered_lines": 0, "num_statements": 0, "percent_covered": 100.0, "percent_covered_display": "100", "missing_lines": 0, "excluded_lines": 0, "percent_statements_covered": 100.0, "percent_statements_covered_display": "100"}, "missing_lines": [], "excluded_lines": [], "start_line": 27}, "Alert": {"executed_lines": [], "summary": {"covered_lines": 0, "num_statements": 0, "percent_covered": 100.0, "percent_covered_display": "100", "missing_lines": 0, "excluded_lines": 0, "percent_statements_covered": 100.0, "percent_statements_covered_display": "100"}, "missing_lines": [], "excluded_lines": [], "start_line": 37}, "AlertRule": {"executed_lines": [], "summary": {"covered_lines": 0, "num_statements": 0, "percent_covered": 100.0, "percent_covered_display": "100", "missing_lines": 0, "excluded_lines": 0, "percent_statements_covered": 100.0, "percent_statements_covered_display": "100"}, "missing_lines": [], "excluded_lines": [], "start_line": 52}, "AlertManager": {"executed_lines": [68, 69, 70, 71, 72, 75, 79, 82, 104, 
[...]
sProcessManager._check_health_with_process_check": {"executed_lines": [155, 156, 158, 159, 161], "summary": {"covered_lines": 5, "num_statements": 5, "percent_covered": 100.0, "percent_covered_display": "100", "missing_lines": 0, "excluded_lines": 0, "percent_statements_covered": 100.0, "percent_statements_covered_display": "100"}, "missing_lines": [], "excluded_lines": [], "start_line": 153}, "CanvasProcessManager._wait_for_health": {"executed_lines": [165, 168, 175, 176, 181, 182, 183, 184, 185, 186], "summary": {"covered_lines": 10, "num_statements": 10, "percent_covered": 100.0, "percent_covered_display": "100", "missing_lines": 0, "excluded_lines": 0, "percent_statements_covered": 100.0, "percent_statements_covered_display": "100"}, "missing_lines": [], "excluded_lines": [], "start_line": 163}, "CanvasProcessManager._send_termination_signal": {"executed_lines": [190, 191, 192, 194, 195], "summary": {"covered_lines": 5, "num_statements": 6, "percent_covered": 83.33333333333333, "percent_covered_display": "83", "missing_lines": 1, "excluded_lines": 0, "percent_statements_covered": 83.33333333333333, "percent_statements_covered_display": "83"}, "missing_lines": [197], "excluded_lines": [], "start_line": 188}, "CanvasProcessManager._terminate_existing_process": {"executed_lines": [201, 202, 204, 209, 212, 215, 216, 218, 219, 220, 221, 223], "summary": {"covered_lines": 12, "num_statements": 12, "percent_covered": 100.0, "percent_covered_display": "100", "missing_lines": 0, "excluded_lines": 0, "percent_statements_covered": 100.0, "percent_statements_covered_display": "100"}, "missing_lines": [], "excluded_lines": [], "start_line": 199}, "CanvasProcessManager._terminate_current_process": {"executed_lines": [227], "summary": {"covered_lines": 1, "num_statements": 1, "percent_covered": 100.0, "percent_covered_display": "100", "missing_lines": 0, "excluded_lines": 0, "percent_statements_covered": 100.0, "percent_statements_covered_display": "100"}, "missing_lines": [], "excluded_lines": [], "start_line": 225}, "CanvasProcessManager._reset_process_info": {"executed_lines": [231, 232, 233, 234, 236, 238], "summary": {"covered_lines": 6, "num_statements": 6, "percent_covered": 100.0, "percent_covered_display": "100", "missing_lines": 0, "excluded_lines": 0, "percent_statements_covered": 100.0, "percent_statements_covered_display": "100"}, "missing_lines": [], "excluded_lines": [], "start_line": 229}, "CanvasProcessManager._get_project_root": {"executed_lines": [242, 243], "summary": {"covered_lines": 2, "num_statements": 2, "percent_covered": 100.0, "percent_covered_display": "100", "missing_lines": 0, "excluded_lines": 0, "percent_statements_covered": 100.0, "percent_statements_covered_display": "100"}, "missing_lines": [], "excluded_lines": [], "start_line": 240}, "CanvasProcessManager._signal_handler": {"executed_lines": [247, 248], "summary": {"covered_lines": 2, "num_statements": 2, "percent_covered": 100.0, "percent_covered_display": "100", "missing_lines": 0, "excluded_lines": 0, "percent_statements_covered": 100.0, "percent_statements_covered_display": "100"}, "missing_lines": [], "excluded_lines": [], "start_line": 245}, "CanvasProcessManager.cleanup": {"executed_lines": [252, 253], "summary": {"covered_lines": 2, "num_statements": 2, "percent_covered": 100.0, "percent_covered_display": "100", "missing_lines": 0, "excluded_lines": 0, "percent_statements_covered": 100.0, "percent_statements_covered_display": "100"}, "missing_lines": [], "excluded_lines": [], "start_line": 250}, "CanvasProcessManager.restart": {"executed_lines": [257, 258, 261, 265, 266, 269, 270, 274], "summary": {"covered_lines": 8, "num_statements": 8, "percent_covered": 100.0, "percent_covered_display": "100", "missing_lines": 0, "excluded_lines": 0, "percent_statements_covered": 100.0, "percent_statements_covered_display": "100"}, "missing_lines": [], "excluded_lines": [], "start_line": 255}, "CanvasProcessManager.stop": {"executed_lines": [278, 279], "summary": {"covered_lines": 2, "num_statements": 2, "percent_covered": 100.0, "percent_covered_display": "100", "missing_lines": 0, "excluded_lines": 0, "percent_statements_covered": 100.0, "percent_statements_covered_display": "100"}, "missing_lines": [], "excluded_lines": [], "start_line": 276}, "CanvasProcessManager.get_status": {"executed_lines": [283, 284, 288], "summary": {"covered_lines": 3, "num_statements": 3, "percent_covered": 100.0, "percent_covered_display": "100", "missing_lines": 0, "excluded_lines": 0, "percent_statements_covered": 100.0, "percent_statements_covered_display": "100"}, "missing_lines": [], "excluded_lines": [], "start_line": 281}, "CanvasProcessManager.add_start_callback": {"executed_lines": [], "summary": {"covered_lines": 0, "num_statements": 1, "percent_covered": 0.0, "percent_covered_display": "0", "missing_lines": 1, "excluded_lines": 0, "percent_statements_covered": 0.0, "percent_statements_covered_display": "0"}, "missing_lines": [301], "excluded_lines": [], "start_line": 299}, "CanvasProcessManager.add_stop_callback": {"executed_lines": [], "summary": {"covered_lines": 0, "num_statements": 1, "percent_covered": 0.0, "percent_covered_display": "0", "missing_lines": 1, "excluded_lines": 0, "percent_statements_covered": 0.0, "percent_statements_covered_display": "0"}, "missing_lines": [305], "excluded_lines": [], "start_line": 303}, "CanvasProcessManager.add_restart_callback": {"executed_lines": [], "summary": {"covered_lines": 0, "num_statements": 1, "percent_covered": 0.0, "percent_covered_display": "0", "missing_lines": 1, "excluded_lines": 0, "percent_statements_covered": 0.0, "percent_statements_covered_display": "0"}, "missing_lines": [309], "excluded_lines": [], "start_line": 307}, "CanvasProcessManager.add_health_change_callback": {"executed_lines": [], "summary": {"covered_lines": 0, "num_statements": 1, "percent_covered": 0.0, "percent_covered_display": "0", "missing_lines": 1, "excluded_lines": 0, "percent_statements_covered": 0.0, "percent_statements_covered_display": "0"}, "missing_lines": [315], "excluded_lines": [], "start_line": 311}, "CanvasProcessManager._trigger_callbacks_sync": {"executed_lines": [321], "summary": {"covered_lines": 1, "num_statements": 11, "percent_covered": 9.090909090909092, "percent_covered_display": "9", "missing_lines": 10, "excluded_lines": 0, "percent_statements_covered": 9.090909090909092, "percent_statements_covered_display": "9"}, "missing_lines": [322, 323, 325, 326, 328, 329, 331, 334, 335, 336], "excluded_lines": [], "start_line": 317}, "CanvasProcessManager._trigger_callbacks": {"executed_lines": [342], "summary": {"covered_lines": 1, "num_statements": 7, "percent_covered": 14.285714285714286, "percent_covered_display": "14", "missing_lines": 6, "excluded_lines": 0, "percent_statements_covered": 14.285714285714286, "percent_statements_covered_display": "14"}, "missing_lines": [343, 344, 345, 347, 348, 349], "excluded_lines": [], "start_line": 338}, "CanvasProcessManager.get_restart_count": {"executed_lines": [], "summary": {"covered_lines": 0, "num_statements": 1, "percent_covered": 0.0, "percent_covered_display": "0", "missing_lines": 1, "excluded_lines": 0, "percent_statements_covered": 0.0, "percent_statements_covered_display": "0"}, "missing_lines": [353], "excluded_lines": [], "start_line": 351}, "CanvasProcessManager.get_uptime": {"executed_lines": [], "summary": {"covered_lines": 0, "num_statements": 3, "percent_covered": 0.0, "percent_covered_display": "0", "missing_lines": 3, "excluded_lines": 0, "percent_statements_covered": 0.0, "percent_statements_covered_display": "0"}, "missing_lines": [357, 358, 359], "excluded_lines": [], "start_line": 355}, "": {"executed_lines": [3, 4, 5, 6, 7, 8, 9, 10, 11, 12, 14, 16, 17, 18, 20, 23, 26, 44, 48, 53, 60, 77, 81, 86, 93, 118, 153, 163, 188, 199, 225, 229, 240, 245, 250, 255, 276, 281, 299, 303, 307, 311, 317, 338, 351, 355, 363], "summary": {"covered_lines": 47, "num_statements": 47, "percent_covered": 100.0, "percent_covered_display": "100", "missing_lines": 0, "excluded_lines": 0, "percent_statements_covered": 100.0, "percent_statements_covered_display": "100"}, "missing_lines": [], "excluded_lines": [], "start_line": 1}}, "classes": {"CanvasProcessManager": {"executed_lines": [27, 28, 29, 30, 31, 34, 35, 36, 37, 40, 41, 42, 46, 50, 51, 55, 56, 57, 58, 63, 64, 67, 68, 71, 72, 75, 83, 84, 88, 89, 91, 95, 96, 98, 100, 101, 102, 103, 106, 107, 108, 109, 111, 113, 114, 115, 116, 120, 121, 122, 125, 128, 136, 137, 138, 141, 144, 146, 148, 149, 150, 151, 155, 156, 158, 159, 161, 165, 168, 175, 176, 181, 182, 183, 184, 185, 186, 190, 191, 192, 194, 195, 201, 202, 204, 209, 212, 215, 216, 218, 219, 220, 221, 223, 227, 231, 232, 233, 234, 236, 238, 242, 243, 247, 248, 252, 253, 257, 258, 261, 265, 266, 269, 270, 274, 278, 279, 283, 284, 288, 321, 342], "summary": {"covered_lines": 122, "num_statements": 148, "percent_covered": 82.43243243243244, "percent_covered_display": "82", "missing_lines": 26, "excluded_lines": 0, "percent_statements_covered": 82.43243243243244, "percent_statements_covered_display": "82"}, "missing_lines": [79, 197, 301, 305, 309, 315, 322, 323, 325, 326, 328, 329, 331, 334, 335, 336, 343, 344, 345, 347, 348, 349, 353, 357, 358, 359], "excluded_lines": [], "start_line": 23}, "": {"executed_lines": [3, 4, 5, 6, 7, 8, 9, 10, 11, 12, 14, 16, 17, 18, 20, 23, 26, 44, 48, 53, 60, 77, 81, 86, 93, 118, 153, 163, 188, 199, 225, 229, 240, 245, 250, 255, 276, 281, 299, 303, 307, 311, 317, 338, 351, 355, 363], "summary": {"covered_lines": 47, "num_statements": 47, "percent_covered": 100.0, "percent_covered_display": "100", "missing_lines": 0, "excluded_lines": 0, "percent_statements_covered": 100.0, "percent_statements_covered_display": "100"}, "missing_lines": [], "excluded_lines": [], "start_line": 1}}}, "excalidraw_mcp/retry_utils.py": {"executed_lines": [3, 4, 5, 6, 7, 8, 9, 11, 13, 15, 18, 21, 30, 31, 32, 33, 34, 35, 38, 43, 46, 49, 50, 51, 53, 55, 58, 78, 84, 85, 87, 89, 90, 91, 92, 93, 96, 97, 101, 104, 106, 112, 113, 114, 119, 128, 148, 154, 155, 157, 159, 160, 161, 162, 163, 166, 167, 171, 174, 176, 182, 183, 184, 189, 198, 214, 215, 216, 217, 218, 220, 227, 228, 229, 230, 231, 232, 233, 236, 244, 245, 246, 248], "summary": {"covered_lines": 83, "num_statements": 96, "percent_covered": 86.45833333333333, "percent_covered_display": "86", "missing_lines": 13, "excluded_lines": 0, "percent_statements_covered": 86.45833333333333, "percent_statements_covered_display": "86"}, "missing_lines": [79, 115, 116, 123, 124, 125, 149, 185, 186, 193, 194, 195, 234], "excluded_lines": [], "functions": {"RetryConfig.__init__": {"executed_lines": [30, 31, 32, 33, 34, 35], "summary": {"covered_lines": 6, "num_statements": 6, "percent_covered": 100.0, "percent_covered_display": "100", "missing_lines": 0, "excluded_lines": 0, "percent_statements_covered": 100.0, "percent_statements_covered_display": "100"}, "missing_lines": [], "excluded_lines": [], "start_line": 21}, "calculate_delay": {"executed_lines": [43, 46, 49, 50, 51, 53, 55], "summary": {"covered_lines": 7, "num_statements": 7, "percent_covered": 100.0, "percent_covered_display": "100", "missing_lines": 0, "excluded_lines": 0, "percent_statements_covered": 100.0, "percent_statements_covered_display": "100"}, "missing_lines": [], "excluded_lines": [], "start_line": 38}, "retry_async": {"executed_lines": [78, 84, 85, 87, 89, 90, 91, 92, 93, 96, 97, 101, 104, 106, 112, 113, 114, 119], "summary": {"covered_lines": 18, "num_statements": 24, "percent_covered": 75.0, "percent_covered_display": "75", "missing_lines": 6, "excluded_lines": 0, "percent_statements_covered": 75.0, "percent_statements_covered_display": "75"}, "missing_lines": [79, 115, 116, 123, 124, 125], "excluded_lines": [], "start_line": 58}, "retry_sync": {"executed_lines": [148, 154, 155, 157, 159, 160, 161, 162, 163, 166, 167, 171, 174, 176, 182, 183, 184, 189], "summary": {"covered_lines": 18, "num_statements": 24, "percent_covered": 75.0, "percent_covered_display": "75", "missing_lines": 6, "excluded_lines": 0, "percent_statements_covered": 75.0, "percent_statements_covered_display": "75"}, "missing_lines": [149, 185, 186, 193, 194, 195], "excluded_lines": [], "start_line": 128}, "retry_decorator": {"executed_lines": [214, 215, 248], "summary": {"covered_lines": 3, "num_statements": 3, "percent_covered": 100.0, "percent_covered_display": "100", "missing_lines": 0, "excluded_lines": 0, "percent_statements_covered": 100.0, "percent_statements_covered_display": "100"}, "missing_lines": [], "excluded_lines": [], "start_line": 198}, "retry_decorator.decorator": {"executed_lines": [216, 227, 228, 244, 245, 246], "summary": {"covered_lines": 6, "num_statements": 6, "percent_covered": 100.0, "percent_covered_display": "100", "missing_lines": 0, "excluded_lines": 0, "percent_statements_covered": 100.0, "percent_statements_covered_display": "100"}, "missing_lines": [], "excluded_lines": [], "start_line": 214}, "retry_decorator.decorator.wrapper": {"executed_lines": [217, 220], "summary": {"covered_lines": 2, "num_statements": 2, "percent_covered": 100.0, "percent_covered_display": "100", "missing_lines": 0, "excluded_lines": 0, "percent_statements_covered": 100.0, "percent_statements_covered_display": "100"}, "missing_lines": [], "excluded_lines": [], "start_line": 216}, "retry_decorator.decorator.wrapper.sync_func": {"executed_lines": [218], "summary": {"covered_lines": 1, "num_statements": 1, "percent_covered": 100.0, "percent_covered_display": "100", "missing_lines": 0, "excluded_lines": 0, "percent_statements_covered": 100.0, "percent_statements_covered_display": "100"}, "missing_lines": [], "excluded_lines": [], "start_line": 217}, "retry_decorator.decorator.async_wrapper": {"executed_lines": [229, 236], "summary": {"covered_lines": 2, "num_statements": 2, "percent_covered": 100.0, "percent_covered_display": "100", "missing_lines": 0, "excluded_lines": 0, "percent_statements_covered": 100.0, "percent_statements_covered_display": "100"}, "missing_lines": [], "excluded_lines": [], "start_line": 228}, "retry_decorator.decorator.async_wrapper.async_func": {"executed_lines": [230, 231, 232, 233], "summary": {"covered_lines": 4, "num_statements": 5, "percent_covered": 80.0, "percent_covered_display": "80", "missing_lines": 1, "excluded_lines": 0, "percent_statements_covered": 80.0, "percent_statements_covered_display": "80"}, "missing_lines": [234], "excluded_lines": [], "start_line": 229}, "": {"executed_lines": [3, 4, 5, 6, 7, 8, 9, 11, 13, 15, 18, 21, 38, 58, 128, 198], "summary": {"covered_lines": 16, "num_statements": 16, "percent_covered": 100.0, "percent_covered_display": "100", "missing_lines": 0, "excluded_lines": 0, "percent_statements_covered": 100.0, "percent_statements_covered_display": "100"}, "missing_lines": [], "excluded_lines": [], "start_line": 1}}, "classes": {"RetryConfig": {"executed_lines": [30, 31, 32, 33, 34, 35], "summary": {"covered_lines": 6, "num_statements": 6, "percent_covered": 100.0, "percent_covered_display": "100", "missing_lines": 0, "excluded_lines": 0, "percent_statements_covered": 100.0, "percent_statements_covered_display": "100"}, "missing_lines": [], "excluded_lines": [], "start_line": 18}, "": {"executed_lines": [3, 4, 5, 6, 7, 8, 9, 11, 13, 15, 18, 21, 38, 43, 46, 49, 50, 51, 53, 55, 58, 78, 84, 85, 87, 89, 90, 91, 92, 93, 96, 97, 101, 104, 106, 112, 113, 114, 119, 128, 148, 154, 155, 157, 159, 160, 161, 162, 163, 166, 167, 171, 174, 176, 182, 183, 184, 189, 198, 214, 215, 216, 217, 218, 220, 227, 228, 229, 230, 231, 232, 233, 236, 244, 245, 246, 248], "summary": {"covered_lines": 77, "num_statements": 90, "percent_covered": 85.55555555555556, "percent_covered_display": "86", "missing_lines": 13, "excluded_lines": 0, "percent_statements_covered": 85.55555555555556, "percent_statements_covered_display": "86"}, "missing_lines": [79, 115, 116, 123, 124, 125, 149, 185, 186, 193, 194, 195, 234], "excluded_lines": [], "start_line": 1}}}, "excalidraw_mcp/server.py": {"executed_lines": [6, 7, 8, 9, 10, 12, 15, 18, 19, 22, 25, 27, 30, 31, 34, 35, 38, 41, 42, 44, 46, 47, 50, 53, 54, 56, 57, 61, 64, 65, 66, 68, 69, 72, 74, 76, 77, 80, 93, 94, 96, 104, 105, 106, 109, 112, 114, 115, 116, 117, 118, 121, 123, 124, 125, 128, 129, 132, 133, 134, 135, 137, 140, 148, 149, 150, 153, 154, 156, 158, 162, 165], "summary": {"covered_lines": 72, "num_statements": 75, "percent_covered": 96.0, "percent_covered_display": "96", "missing_lines": 3, "excluded_lines": 0, "percent_statements_covered": 96.0, "percent_statements_covered_display": "96"}, "missing_lines": [151, 152, 166], "excluded_lines": [], "functions": {"get_process_manager": {"executed_lines": [41, 42, 44, 46, 47], "summary": {"covered_lines": 5, "num_statements": 5, "percent_covered": 100.0, "percent_covered_display": "100", "missing_lines": 0, "excluded_lines": 0, "percent_statements_covered": 100.0, "percent_statements_covered_display": "100"}, "missing_lines": [], "excluded_lines": [], "start_line": 38}, "get_monitoring_supervisor": {"executed_lines": [53, 54, 56, 57], "summary": {"covered_lines": 4, "num_statements": 4, "percent_covered": 100.0, "percent_covered_display": "100", "missing_lines": 0, "excluded_lines": 0, "percent_statements_covered": 100.0, "percent_statements_covered_display": "100"}, "missing_lines": [], "excluded_lines": [], "start_line": 50}, "cleanup_monitoring": {"executed_lines": [65, 66, 68, 69], "summary": {"covered_lines": 4, "num_statements": 4, "percent_covered": 100.0, "percent_covered_display": "100", "missing_lines": 0, "excluded_lines": 0, "percent_statements_covered": 100.0, "percent_statements_covered_display": "100"}, "missing_lines": [], "excluded_lines": [], "start_line": 64}, "main": {"executed_lines": [74, 76, 77, 80, 93, 94, 96, 104, 105, 106, 109, 112, 114, 115, 116, 117, 118], "summary": {"covered_lines": 17, "num_statements": 17, "percent_covered": 100.0, "percent_covered_display": "100", "missing_lines": 0, "excluded_lines": 0, "percent_statements_covered": 100.0, "percent_statements_covered_display": "100"}, "missing_lines": [], "excluded_lines": [], "start_line": 72}, "init_background_services": {"executed_lines": [123, 124, 125, 128, 129, 132, 133, 134, 135, 137, 140, 148, 149, 150, 153, 154, 156, 158], "summary": {"covered_lines": 18, "num_statements": 20, "percent_covered": 90.0, "percent_covered_display": "90", "missing_lines": 2, "excluded_lines": 0, "percent_statements_covered": 90.0, "percent_statements_covered_display": "90"}, "missing_lines": [151, 152], "excluded_lines": [], "start_line": 121}, "": {"executed_lines": [6, 7, 8, 9, 10, 12, 15, 18, 19, 22, 25, 27, 30, 31, 34, 35, 38, 50, 61, 64, 72, 121, 162, 165], "summary": {"covered_lines": 24, "num_statements": 25, "percent_covered": 96.0, "percent_covered_display": "96", "missing_lines": 1, "excluded_lines": 0, "percent_statements_covered": 96.0, "percent_statements_covered_display": "96"}, "missing_lines": [166], "excluded_lines": [], "start_line": 1}}, "classes": {"": {"executed_lines": [6, 7, 8, 9, 10, 12, 15, 18, 19, 22, 25, 27, 30, 31, 34, 35, 38, 41, 42, 44, 46, 47, 50, 53, 54, 56, 57, 61, 64, 65, 66, 68, 69, 72, 74, 76, 77, 80, 93, 94, 96, 104, 105, 106, 109, 112, 114, 115, 116, 117, 118, 121, 123, 124, 125, 128, 129, 132, 133, 134, 135, 137, 140, 148, 149, 150, 153, 154, 156, 158, 162, 165], "summary": {"covered_lines": 72, "num_statements": 75, "percent_covered": 96.0, "percent_covered_display": "96", "missing_lines": 3, "excluded_lines": 0, "percent_statements_covered": 96.0, "percent_statements_covered_display": "96"}, "missing_lines": [151, 152, 166], "excluded_lines": [], "start_line": 1}}}}, "totals": {"covered_lines": 2156, "num_statements": 2407, "percent_covered": 89.57208142916494, "percent_covered_display": "90", "missing_lines": 251, "excluded_lines": 0, "percent_statements_covered": 89.57208142916494, "percent_statements_covered_display": "90"}}