{"meta": {"format": 3, "version": "7.13.0", "timestamp": "2026-01-02T18:12:55.163518", "branch_coverage": false, "show_contexts": false}, "files": {"excalidraw_mcp/__init__.py": {"executed_lines": [1, 3, 5], "summary": {"covered_lines": 2, "num_statements": 2, "percent_covered": 100.0, "percent_covered_display": "100", "missing_lines": 0, "excluded_lines": 0, "percent_statements_covered": 100.0, "percent_statements_covered_display": "100"}, "missing_lines": [], "excluded_lines": [], "functions": {"": {"executed_lines": [1, 3, 5], "summary": {"covered_lines": 2, "num_statements": 2, "percent_covered": 100.0, "percent_covered_display": "100", "missing_lines": 0, "excluded_lines": 0, "percent_statements_covered": 100.0, "percent_statements_covered_display": "100"}, "missing_lines": [], "excluded_lines": []}}, "classes": {"": {"executed_lines": [1, 3, 5], "summary": {"covered_lines": 2, "num_statements": 2, "percent_covered": 100.0, "percent_covered_display": "100", "missing_lines": 0, "excluded_lines": 0, "percent_statements_covered": 100.0, "percent_statements_covered_display": "100"}, "missing_lines": [], "excluded_lines": []}}}, "excalidraw_mcp/__main__.py": {"executed_lines": [2, 4, 6, 7, 8, 9, 10, 12, 15, 18, 19, 21, 22, 23, 25, 26, 27, 30, 31, 33, 34, 35, 37, 40, 44, 48, 50, 53, 55, 56, 57, 59, 77, 88, 108, 119, 122, 125, 128, 157, 159, 164, 187], "summary": {"covered_lines": 40, "num_statements": 63, "percent_covered": 63.492063492063494, "percent_covered_display": "63", "missing_lines": 23, "excluded_lines": 0, "percent_statements_covered": 63.492063492063494, "percent_statements_covered_display": "63"}, "missing_lines": [62, 65, 66, 69, 71, 72, 73, 74, 75, 80, 83, 84, 86, 90, 106, 110, 117, 161, 168, 171, 174, 184, 188], "excluded_lines": [], "functions": {"ExcalidrawMCPServer.__init__": {"executed_lines": [34, 35, 37, 40, 44, 48], "summary": {"covered_lines": 6, "num_statements": 6, "percent_covered": 100.0, "percent_covered_display": "100", "missing_lines": 0, "excluded_lines": 0, "percent_statements_covered": 100.0, "percent_statements_covered_display": "100"}, "missing_lines": [], "excluded_lines": []}, "ExcalidrawMCPServer._update_global_config": {"executed_lines": [53, 55, 56, 57], "summary": {"covered_lines": 4, "num_statements": 4, "percent_covered": 100.0, "percent_covered_display": "100", "missing_lines": 0, "excluded_lines": 0, "percent_statements_covered": 100.0, "percent_statements_covered_display": "100"}, "missing_lines": [], "excluded_lines": []}, "ExcalidrawMCPServer.startup": {"executed_lines": [], "summary": {"covered_lines": 0, "num_statements": 9, "percent_covered": 0.0, "percent_covered_display": "0", "missing_lines": 9, "excluded_lines": 0, "percent_statements_covered": 0.0, "percent_statements_covered_display": "0"}, "missing_lines": [62, 65, 66, 69, 71, 72, 73, 74, 75], "excluded_lines": []}, "ExcalidrawMCPServer.shutdown": {"executed_lines": [], "summary": {"covered_lines": 0, "num_statements": 4, "percent_covered": 0.0, "percent_covered_display": "0", "missing_lines": 4, "excluded_lines": 0, "percent_statements_covered": 0.0, "percent_statements_covered_display": "0"}, "missing_lines": [80, 83, 84, 86], "excluded_lines": []}, "ExcalidrawMCPServer._create_startup_snapshot": {"executed_lines": [], "summary": {"covered_lines": 0, "num_statements": 2, "percent_covered": 0.0, "percent_covered_display": "0", "missing_lines": 2, "excluded_lines": 0, "percent_statements_covered": 0.0, "percent_statements_covered_display": "0"}, "missing_lines": [90, 106], "excluded_lines": []}, "ExcalidrawMCPServer._create_shutdown_snapshot": {"executed_lines": [], "summary": {"covered_lines": 0, "num_statements": 2, "percent_covered": 0.0, "percent_covered_display": "0", "missing_lines": 2, "excluded_lines": 0, "percent_statements_covered": 0.0, "percent_statements_covered_display": "0"}, "missing_lines": [110, 117], "excluded_lines": []}, "ExcalidrawMCPServer.health_check": {"executed_lines": [122, 125, 128, 157], "summary": {"covered_lines": 4, "num_statements": 4, "percent_covered": 100.0, "percent_covered_display": "100", "missing_lines": 0, "excluded_lines": 0, "percent_statements_covered": 100.0, "percent_statements_covered_display": "100"}, "missing_lines": [], "excluded_lines": []}, "ExcalidrawMCPServer.get_app": {"executed_lines": [], "summary": {"covered_lines": 0, "num_statements": 1, "percent_covered": 0.0, "percent_covered_display": "0", "missing_lines": 1, "excluded_lines": 0, "percent_statements_covered": 0.0, "percent_statements_covered_display": "0"}, "missing_lines": [161], "excluded_lines": []}, "main": {"executed_lines": [], "summary": {"covered_lines": 0, "num_statements": 4, "percent_covered": 0.0, "percent_covered_display": "0", "missing_lines": 4, "excluded_lines": 0, "percent_statements_covered": 0.0, "percent_statements_covered_display": "0"}, "missing_lines": [168, 171, 174, 184], "excluded_lines": []}, "": {"executed_lines": [2, 4, 6, 7, 8, 9, 10, 12, 15, 18, 19, 21, 22, 23, 25, 26, 27, 30, 31, 33, 50, 59, 77, 88, 108, 119, 159, 164, 187], "summary": {"covered_lines": 26, "num_statements": 27, "percent_covered": 96.29629629629629, "percent_covered_display": "96", "missing_lines": 1, "excluded_lines": 0, "percent_statements_covered": 96.29629629629629, "percent_statements_covered_display": "96"}, "missing_lines": [188], "excluded_lines": []}}, "classes": {"ExcalidrawConfig": {"executed_lines": [], "summary": {"covered_lines": 0, "num_statements": 0, "percent_covered": 100.0, "percent_covered_display": "100", "missing_lines": 0, "excluded_lines": 0, "percent_statements_covered": 100.0, "percent_statements_covered_display": "100"}, "missing_lines": [], "excluded_lines": []}, "ExcalidrawConfig.Config": {"executed_lines": [], "summary": {"covered_lines": 0, "num_statements": 0, "percent_covered": 100.0, "percent_covered_display": "100", "missing_lines": 0, "excluded_lines": 0, "percent_statements_covered": 100.0, "percent_statements_covered_display": "100"}, "missing_lines": [], "excluded_lines": []}, "ExcalidrawMCPServer": {"executed_lines": [34, 35, 37, 40, 44, 48, 53, 55, 56, 57, 122, 125, 128, 157], "summary": {"covered_lines": 14, "num_statements": 32, "percent_covered": 43.75, "percent_covered_display": "44", "missing_lines": 18, "excluded_lines": 0, "percent_statements_covered": 43.75, "percent_statements_covered_display": "44"}, "missing_lines": [62, 65, 66, 69, 71, 72, 73, 74, 75, 80, 83, 84, 86, 90, 106, 110, 117, 161], "excluded_lines": []}, "": {"executed_lines": [2, 4, 6, 7, 8, 9, 10, 12, 15, 18, 19, 21, 22, 23, 25, 26, 27, 30, 31, 33, 50, 59, 77, 88, 108, 119, 159, 164, 187], "summary": {"covered_lines": 26, "num_statements": 31, "percent_covered": 83.87096774193549, "percent_covered_display": "84", "missing_lines": 5, "excluded_lines": 0, "percent_statements_covered": 83.87096774193549, "percent_statements_covered_display": "84"}, "missing_lines": [168, 171, 174, 184, 188], "excluded_lines": []}}}, "excalidraw_mcp/cli.py": {"executed_lines": [], "summary": {"covered_lines": 0, "num_statements": 209, "percent_covered": 0.0, "percent_covered_display": "0", "missing_lines": 209, "excluded_lines": 0, "percent_statements_covered": 0.0, "percent_statements_covered_display": "0"}, "missing_lines": [3, 4, 5, 6, 7, 8, 9, 11, 12, 18, 20, 21, 22, 27, 28, 31, 34, 35, 36, 39, 42, 43, 44, 47, 49, 50, 51, 52, 53, 54, 55, 56, 59, 61, 62, 63, 64, 67, 68, 69, 70, 73, 76, 77, 78, 81, 83, 85, 86, 88, 96, 97, 98, 99, 103, 104, 107, 109, 110, 111, 114, 115, 118, 119, 120, 122, 123, 126, 129, 131, 133, 135, 137, 140, 142, 144, 145, 147, 148, 149, 150, 151, 154, 158, 159, 160, 161, 163, 164, 165, 166, 167, 168, 169, 170, 171, 172, 173, 176, 178, 179, 181, 182, 183, 185, 187, 190, 191, 192, 193, 195, 198, 199, 200, 201, 203, 206, 207, 208, 209, 211, 214, 216, 219, 222, 225, 228, 230, 233, 234, 235, 236, 237, 238, 246, 247, 249, 252, 253, 254, 255, 256, 257, 265, 266, 268, 270, 277, 278, 289, 291, 298, 299, 300, 301, 304, 306, 307, 308, 311, 313, 315, 316, 317, 318, 319, 321, 324, 326, 328, 329, 330, 331, 334, 336, 338, 339, 340, 342, 343, 344, 346, 347, 348, 349, 350, 353, 394, 395, 397, 399, 402, 403, 405, 406, 409, 410, 411, 412, 413, 414, 415, 416, 417, 418, 421, 422, 424, 425], "excluded_lines": [], "functions": {"get_process_manager": {"executed_lines": [], "summary": {"covered_lines": 0, "num_statements": 3, "percent_covered": 0.0, "percent_covered_display": "0", "missing_lines": 3, "excluded_lines": 0, "percent_statements_covered": 0.0, "percent_statements_covered_display": "0"}, "missing_lines": [34, 35, 36], "excluded_lines": []}, "get_monitoring_supervisor": {"executed_lines": [], "summary": {"covered_lines": 0, "num_statements": 3, "percent_covered": 0.0, "percent_covered_display": "0", "missing_lines": 3, "excluded_lines": 0, "percent_statements_covered": 0.0, "percent_statements_covered_display": "0"}, "missing_lines": [42, 43, 44], "excluded_lines": []}, "find_mcp_server_process": {"executed_lines": [], "summary": {"covered_lines": 0, "num_statements": 8, "percent_covered": 0.0, "percent_covered_display": "0", "missing_lines": 8, "excluded_lines": 0, "percent_statements_covered": 0.0, "percent_statements_covered_display": "0"}, "missing_lines": [49, 50, 51, 52, 53, 54, 55, 56], "excluded_lines": []}, "find_canvas_server_process": {"executed_lines": [], "summary": {"covered_lines": 0, "num_statements": 8, "percent_covered": 0.0, "percent_covered_display": "0", "missing_lines": 8, "excluded_lines": 0, "percent_statements_covered": 0.0, "percent_statements_covered_display": "0"}, "missing_lines": [61, 62, 63, 64, 67, 68, 69, 70], "excluded_lines": []}, "start_mcp_server_impl": {"executed_lines": [], "summary": {"covered_lines": 0, "num_statements": 40, "percent_covered": 0.0, "percent_covered_display": "0", "missing_lines": 40, "excluded_lines": 0, "percent_statements_covered": 0.0, "percent_statements_covered_display": "0"}, "missing_lines": [76, 77, 78, 81, 83, 85, 86, 88, 96, 97, 98, 99, 103, 104, 107, 109, 110, 111, 114, 115, 118, 119, 120, 122, 123, 126, 129, 131, 133, 135, 137, 140, 142, 144, 145, 147, 148, 149, 150, 151], "excluded_lines": []}, "_stop_process": {"executed_lines": [], "summary": {"covered_lines": 0, "num_statements": 15, "percent_covered": 0.0, "percent_covered_display": "0", "missing_lines": 15, "excluded_lines": 0, "percent_statements_covered": 0.0, "percent_statements_covered_display": "0"}, "missing_lines": [158, 159, 160, 161, 163, 164, 165, 166, 167, 168, 169, 170, 171, 172, 173], "excluded_lines": []}, "stop_mcp_server_impl": {"executed_lines": [], "summary": {"covered_lines": 0, "num_statements": 22, "percent_covered": 0.0, "percent_covered_display": "0", "missing_lines": 22, "excluded_lines": 0, "percent_statements_covered": 0.0, "percent_statements_covered_display": "0"}, "missing_lines": [178, 179, 181, 182, 183, 185, 187, 190, 191, 192, 193, 195, 198, 199, 200, 201, 203, 206, 207, 208, 209, 211], "excluded_lines": []}, "restart_mcp_server_impl": {"executed_lines": [], "summary": {"covered_lines": 0, "num_statements": 4, "percent_covered": 0.0, "percent_covered_display": "0", "missing_lines": 4, "excluded_lines": 0, "percent_statements_covered": 0.0, "percent_statements_covered_display": "0"}, "missing_lines": [216, 219, 222, 225], "excluded_lines": []}, "status_impl": {"executed_lines": [], "summary": {"covered_lines": 0, "num_statements": 22, "percent_covered": 0.0, "percent_covered_display": "0", "missing_lines": 22, "excluded_lines": 0, "percent_statements_covered": 0.0, "percent_statements_covered_display": "0"}, "missing_lines": [230, 233, 234, 235, 236, 237, 238, 246, 247, 249, 252, 253, 254, 255, 256, 257, 265, 266, 268, 270, 277, 278], "excluded_lines": []}, "_find_log_file": {"executed_lines": [], "summary": {"covered_lines": 0, "num_statements": 5, "percent_covered": 0.0, "percent_covered_display": "0", "missing_lines": 5, "excluded_lines": 0, "percent_statements_covered": 0.0, "percent_statements_covered_display": "0"}, "missing_lines": [291, 298, 299, 300, 301], "excluded_lines": []}, "_show_missing_log_message": {"executed_lines": [], "summary": {"covered_lines": 0, "num_statements": 3, "percent_covered": 0.0, "percent_covered_display": "0", "missing_lines": 3, "excluded_lines": 0, "percent_statements_covered": 0.0, "percent_statements_covered_display": "0"}, "missing_lines": [306, 307, 308], "excluded_lines": []}, "_follow_log_output": {"executed_lines": [], "summary": {"covered_lines": 0, "num_statements": 7, "percent_covered": 0.0, "percent_covered_display": "0", "missing_lines": 7, "excluded_lines": 0, "percent_statements_covered": 0.0, "percent_statements_covered_display": "0"}, "missing_lines": [313, 315, 316, 317, 318, 319, 321], "excluded_lines": []}, "_show_recent_log_lines": {"executed_lines": [], "summary": {"covered_lines": 0, "num_statements": 5, "percent_covered": 0.0, "percent_covered_display": "0", "missing_lines": 5, "excluded_lines": 0, "percent_statements_covered": 0.0, "percent_statements_covered_display": "0"}, "missing_lines": [326, 328, 329, 330, 331], "excluded_lines": []}, "logs_impl": {"executed_lines": [], "summary": {"covered_lines": 0, "num_statements": 12, "percent_covered": 0.0, "percent_covered_display": "0", "missing_lines": 12, "excluded_lines": 0, "percent_statements_covered": 0.0, "percent_statements_covered_display": "0"}, "missing_lines": [336, 338, 339, 340, 342, 343, 344, 346, 347, 348, 349, 350], "excluded_lines": []}, "main": {"executed_lines": [], "summary": {"covered_lines": 0, "num_statements": 18, "percent_covered": 0.0, "percent_covered_display": "0", "missing_lines": 18, "excluded_lines": 0, "percent_statements_covered": 0.0, "percent_statements_covered_display": "0"}, "missing_lines": [394, 395, 397, 399, 402, 403, 405, 406, 409, 410, 411, 412, 413, 414, 415, 416, 417, 418], "excluded_lines": []}, "": {"executed_lines": [], "summary": {"covered_lines": 0, "num_statements": 34, "percent_covered": 0.0, "percent_covered_display": "0", "missing_lines": 34, "excluded_lines": 0, "percent_statements_covered": 0.0, "percent_statements_covered_display": "0"}, "missing_lines": [3, 4, 5, 6, 7, 8, 9, 11, 12, 18, 20, 21, 22, 27, 28, 31, 39, 47, 59, 73, 154, 176, 214, 228, 289, 304, 311, 324, 334, 353, 421, 422, 424, 425], "excluded_lines": []}}, "classes": {"": {"executed_lines": [], "summary": {"covered_lines": 0, "num_statements": 209, "percent_covered": 0.0, "percent_covered_display": "0", "missing_lines": 209, "excluded_lines": 0, "percent_statements_covered": 0.0, "percent_statements_covered_display": "0"}, "missing_lines": [3, 4, 5, 6, 7, 8, 9, 11, 12, 18, 20, 21, 22, 27, 28, 31, 34, 35, 36, 39, 42, 43, 44, 47, 49, 50, 51, 52, 53, 54, 55, 56, 59, 61, 62, 63, 64, 67, 68, 69, 70, 73, 76, 77, 78, 81, 83, 85, 86, 88, 96, 97, 98, 99, 103, 104, 107, 109, 110, 111, 114, 115, 118, 119, 120, 122, 123, 126, 129, 131, 133, 135, 137, 140, 142, 144, 145, 147, 148, 149, 150, 151, 154, 158, 159, 160, 161, 163, 164, 165, 166, 167, 168, 169, 170, 171, 172, 173, 176, 178, 179, 181, 182, 183, 185, 187, 190, 191, 192, 193, 195, 198, 199, 200, 201, 203, 206, 207, 208, 209, 211, 214, 216, 219, 222, 225, 228, 230, 233, 234, 235, 236, 237, 238, 246, 247, 249, 252, 253, 254, 255, 256, 257, 265, 266, 268, 270, 277, 278, 289, 291, 298, 299, 300, 301, 304, 306, 307, 308, 311, 313, 315, 316, 317, 318, 319, 321, 324, 326, 328, 329, 330, 331, 334, 336, 338, 339, 340, 342, 343, 344, 346, 347, 348, 349, 350, 353, 394, 395, 397, 399, 402, 403, 405, 406, 409, 410, 411, 412, 413, 414, 415, 416, 417, 418, 421, 422, 424, 425], "excluded_lines": []}}}, "excalidraw_mcp/config.py": {"executed_lines": [1, 3, 4, 5, 6, 7, 8, 10, 11, 13, 18, 19, 21, 26, 27, 28, 31, 32, 33, 34, 37, 38, 39, 40, 43, 44, 46, 47, 49, 66, 73, 74, 77, 86, 88, 89, 90, 93, 116, 117, 118, 121, 122, 123, 126, 127, 128, 131, 132, 133, 134, 135, 136, 139, 140, 141, 142, 144, 146, 147, 148, 149, 150, 151, 152, 154, 155, 159, 160, 161, 164, 165, 166, 169, 170, 171, 174, 175, 176, 179, 180, 183, 184, 187, 188, 189, 192, 193, 194, 195, 198, 199, 200, 201, 204, 205, 206, 207, 210, 211, 212, 213, 216, 217, 218, 219, 222, 223, 224, 226, 227, 230, 232, 234, 238, 239, 240, 242, 243, 244, 245, 246, 247, 248, 251, 252, 253, 256, 257, 259, 260, 263, 264, 265, 267, 268, 269, 270, 273, 274, 276, 277, 278, 279, 280, 281, 282, 283, 284, 285, 287, 289, 291, 292, 294, 297, 299, 300, 301, 303, 305, 306, 309, 310, 311, 315, 317, 320, 322, 323, 324, 326, 328, 331, 336, 338, 339, 343, 344, 348, 349, 353, 354, 358, 359, 363, 365, 367, 370, 371, 372, 373, 375, 377, 378, 381, 382, 383, 385, 387, 390, 393, 396, 399, 403, 404, 410, 411, 415, 416, 420, 422, 423, 424, 425, 426, 428, 430, 431, 433, 436, 438, 441, 442, 444, 447, 450, 453, 456, 458, 459, 461, 462, 464, 466, 469, 472, 475, 477, 478, 479, 480, 481, 483, 484, 486, 487, 489, 491, 492, 494, 498], "summary": {"covered_lines": 244, "num_statements": 297, "percent_covered": 82.15488215488216, "percent_covered_display": "82", "missing_lines": 53, "excluded_lines": 0, "percent_statements_covered": 82.15488215488216, "percent_statements_covered_display": "82"}, "missing_lines": [14, 15, 22, 23, 55, 56, 58, 59, 62, 63, 64, 78, 79, 80, 84, 91, 92, 94, 95, 99, 105, 106, 107, 111, 156, 231, 233, 235, 295, 340, 341, 345, 346, 350, 351, 355, 356, 360, 405, 406, 412, 413, 417, 418, 434, 439, 445, 448, 451, 454, 467, 470, 473], "excluded_lines": [], "functions": {"SecurityConfig.__post_init__": {"executed_lines": [47], "summary": {"covered_lines": 1, "num_statements": 1, "percent_covered": 100.0, "percent_covered_display": "100", "missing_lines": 0, "excluded_lines": 0, "percent_statements_covered": 100.0, "percent_statements_covered_display": "100"}, "missing_lines": [], "excluded_lines": []}, "SecurityConfig.get_masked_jwt_secret": {"executed_lines": [], "summary": {"covered_lines": 0, "num_statements": 7, "percent_covered": 0.0, "percent_covered_display": "0", "missing_lines": 7, "excluded_lines": 0, "percent_statements_covered": 0.0, "percent_statements_covered_display": "0"}, "missing_lines": [55, 56, 58, 59, 62, 63, 64], "excluded_lines": []}, "SecurityConfig.validate_jwt_secret_at_startup": {"executed_lines": [73, 74, 77, 86, 88, 89, 90, 93], "summary": {"covered_lines": 8, "num_statements": 21, "percent_covered": 38.095238095238095, "percent_covered_display": "38", "missing_lines": 13, "excluded_lines": 0, "percent_statements_covered": 38.095238095238095, "percent_statements_covered_display": "38"}, "missing_lines": [78, 79, 80, 84, 91, 92, 94, 95, 99, 105, 106, 107, 111], "excluded_lines": []}, "ServerConfig.__post_init__": {"executed_lines": [146, 147, 148, 149, 150, 151, 152, 154, 155], "summary": {"covered_lines": 9, "num_statements": 10, "percent_covered": 90.0, "percent_covered_display": "90", "missing_lines": 1, "excluded_lines": 0, "percent_statements_covered": 90.0, "percent_statements_covered_display": "90"}, "missing_lines": [156], "excluded_lines": []}, "MonitoringConfig.__post_init__": {"executed_lines": [227, 230, 232, 234], "summary": {"covered_lines": 4, "num_statements": 7, "percent_covered": 57.142857142857146, "percent_covered_display": "57", "missing_lines": 3, "excluded_lines": 0, "percent_statements_covered": 57.142857142857146, "percent_statements_covered_display": "57"}, "missing_lines": [231, 233, 235], "excluded_lines": []}, "LoggingConfig.__post_init__": {"executed_lines": [260], "summary": {"covered_lines": 1, "num_statements": 1, "percent_covered": 100.0, "percent_covered_display": "100", "missing_lines": 0, "excluded_lines": 0, "percent_statements_covered": 100.0, "percent_statements_covered_display": "100"}, "missing_lines": [], "excluded_lines": []}, "Config.__init__": {"executed_lines": [277, 278, 279, 280, 281, 282, 283, 284, 285, 287], "summary": {"covered_lines": 10, "num_statements": 10, "percent_covered": 100.0, "percent_covered_display": "100", "missing_lines": 0, "excluded_lines": 0, "percent_statements_covered": 100.0, "percent_statements_covered_display": "100"}, "missing_lines": [], "excluded_lines": []}, "Config._load_from_pyproject": {"executed_lines": [291, 292, 294, 297, 299, 300, 301, 303, 305, 306, 309, 310, 311], "summary": {"covered_lines": 13, "num_statements": 14, "percent_covered": 92.85714285714286, "percent_covered_display": "93", "missing_lines": 1, "excluded_lines": 0, "percent_statements_covered": 92.85714285714286, "percent_statements_covered_display": "93"}, "missing_lines": [295], "excluded_lines": []}, "Config._load_security_config_from_environment": {"executed_lines": [317, 320, 322, 323, 324], "summary": {"covered_lines": 5, "num_statements": 5, "percent_covered": 100.0, "percent_covered_display": "100", "missing_lines": 0, "excluded_lines": 0, "percent_statements_covered": 100.0, "percent_statements_covered_display": "100"}, "missing_lines": [], "excluded_lines": []}, "Config._load_server_config_from_environment": {"executed_lines": [328, 331, 336, 338, 339, 343, 344, 348, 349, 353, 354, 358, 359, 363], "summary": {"covered_lines": 14, "num_statements": 23, "percent_covered": 60.869565217391305, "percent_covered_display": "61", "missing_lines": 9, "excluded_lines": 0, "percent_statements_covered": 60.869565217391305, "percent_statements_covered_display": "61"}, "missing_lines": [340, 341, 345, 346, 350, 351, 355, 356, 360], "excluded_lines": []}, "Config._load_performance_config_from_environment": {"executed_lines": [367, 370, 371, 372, 373], "summary": {"covered_lines": 5, "num_statements": 5, "percent_covered": 100.0, "percent_covered_display": "100", "missing_lines": 0, "excluded_lines": 0, "percent_statements_covered": 100.0, "percent_statements_covered_display": "100"}, "missing_lines": [], "excluded_lines": []}, "Config._load_logging_config_from_environment": {"executed_lines": [377, 378, 381, 382, 383], "summary": {"covered_lines": 5, "num_statements": 5, "percent_covered": 100.0, "percent_covered_display": "100", "missing_lines": 0, "excluded_lines": 0, "percent_statements_covered": 100.0, "percent_statements_covered_display": "100"}, "missing_lines": [], "excluded_lines": []}, "Config._load_monitoring_config_from_environment": {"executed_lines": [387, 390, 393, 396, 399, 403, 404, 410, 411, 415, 416], "summary": {"covered_lines": 11, "num_statements": 17, "percent_covered": 64.70588235294117, "percent_covered_display": "65", "missing_lines": 6, "excluded_lines": 0, "percent_statements_covered": 64.70588235294117, "percent_statements_covered_display": "65"}, "missing_lines": [405, 406, 412, 413, 417, 418], "excluded_lines": []}, "Config._load_from_environment": {"executed_lines": [422, 423, 424, 425, 426], "summary": {"covered_lines": 5, "num_statements": 5, "percent_covered": 100.0, "percent_covered_display": "100", "missing_lines": 0, "excluded_lines": 0, "percent_statements_covered": 100.0, "percent_statements_covered_display": "100"}, "missing_lines": [], "excluded_lines": []}, "Config._validate_security_config": {"executed_lines": [430, 431, 433], "summary": {"covered_lines": 3, "num_statements": 4, "percent_covered": 75.0, "percent_covered_display": "75", "missing_lines": 1, "excluded_lines": 0, "percent_statements_covered": 75.0, "percent_statements_covered_display": "75"}, "missing_lines": [434], "excluded_lines": []}, "Config._validate_server_config": {"executed_lines": [438, 441, 442, 444, 447, 450, 453], "summary": {"covered_lines": 7, "num_statements": 12, "percent_covered": 58.333333333333336, "percent_covered_display": "58", "missing_lines": 5, "excluded_lines": 0, "percent_statements_covered": 58.333333333333336, "percent_statements_covered_display": "58"}, "missing_lines": [439, 445, 448, 451, 454], "excluded_lines": []}, "Config._validate_performance_config": {"executed_lines": [458, 459, 461, 462], "summary": {"covered_lines": 4, "num_statements": 4, "percent_covered": 100.0, "percent_covered_display": "100", "missing_lines": 0, "excluded_lines": 0, "percent_statements_covered": 100.0, "percent_statements_covered_display": "100"}, "missing_lines": [], "excluded_lines": []}, "Config._validate_monitoring_config": {"executed_lines": [466, 469, 472], "summary": {"covered_lines": 3, "num_statements": 6, "percent_covered": 50.0, "percent_covered_display": "50", "missing_lines": 3, "excluded_lines": 0, "percent_statements_covered": 50.0, "percent_statements_covered_display": "50"}, "missing_lines": [467, 470, 473], "excluded_lines": []}, "Config._validate": {"executed_lines": [477, 478, 479, 480, 481, 483, 484], "summary": {"covered_lines": 7, "num_statements": 7, "percent_covered": 100.0, "percent_covered_display": "100", "missing_lines": 0, "excluded_lines": 0, "percent_statements_covered": 100.0, "percent_statements_covered_display": "100"}, "missing_lines": [], "excluded_lines": []}, "Config.is_development": {"executed_lines": [489], "summary": {"covered_lines": 1, "num_statements": 1, "percent_covered": 100.0, "percent_covered_display": "100", "missing_lines": 0, "excluded_lines": 0, "percent_statements_covered": 100.0, "percent_statements_covered_display": "100"}, "missing_lines": [], "excluded_lines": []}, "Config.is_production": {"executed_lines": [494], "summary": {"covered_lines": 1, "num_statements": 1, "percent_covered": 100.0, "percent_covered_display": "100", "missing_lines": 0, "excluded_lines": 0, "percent_statements_covered": 100.0, "percent_statements_covered_display": "100"}, "missing_lines": [], "excluded_lines": []}, "": {"executed_lines": [1, 3, 4, 5, 6, 7, 8, 10, 11, 13, 18, 19, 21, 26, 27, 28, 31, 32, 33, 34, 37, 38, 39, 40, 43, 44, 46, 49, 66, 116, 117, 118, 121, 122, 123, 126, 127, 128, 131, 132, 133, 134, 135, 136, 139, 140, 141, 142, 144, 159, 160, 161, 164, 165, 166, 169, 170, 171, 174, 175, 176, 179, 180, 183, 184, 187, 188, 189, 192, 193, 194, 195, 198, 199, 200, 201, 204, 205, 206, 207, 210, 211, 212, 213, 216, 217, 218, 219, 222, 223, 224, 226, 238, 239, 240, 242, 243, 244, 245, 246, 247, 248, 251, 252, 253, 256, 257, 259, 263, 264, 265, 267, 268, 269, 270, 273, 274, 276, 289, 315, 326, 365, 375, 385, 420, 428, 436, 456, 464, 475, 486, 487, 491, 492, 498], "summary": {"covered_lines": 127, "num_statements": 131, "percent_covered": 96.94656488549619, "percent_covered_display": "97", "missing_lines": 4, "excluded_lines": 0, "percent_statements_covered": 96.94656488549619, "percent_statements_covered_display": "97"}, "missing_lines": [14, 15, 22, 23], "excluded_lines": []}}, "classes": {"SecurityConfig": {"executed_lines": [47, 73, 74, 77, 86, 88, 89, 90, 93], "summary": {"covered_lines": 9, "num_statements": 29, "percent_covered": 31.03448275862069, "percent_covered_display": "31", "missing_lines": 20, "excluded_lines": 0, "percent_statements_covered": 31.03448275862069, "percent_statements_covered_display": "31"}, "missing_lines": [55, 56, 58, 59, 62, 63, 64, 78, 79, 80, 84, 91, 92, 94, 95, 99, 105, 106, 107, 111], "excluded_lines": []}, "ServerConfig": {"executed_lines": [146, 147, 148, 149, 150, 151, 152, 154, 155], "summary": {"covered_lines": 9, "num_statements": 10, "percent_covered": 90.0, "percent_covered_display": "90", "missing_lines": 1, "excluded_lines": 0, "percent_statements_covered": 90.0, "percent_statements_covered_display": "90"}, "missing_lines": [156], "excluded_lines": []}, "PerformanceConfig": {"executed_lines": [], "summary": {"covered_lines": 0, "num_statements": 0, "percent_covered": 100.0, "percent_covered_display": "100", "missing_lines": 0, "excluded_lines": 0, "percent_statements_covered": 100.0, "percent_statements_covered_display": "100"}, "missing_lines": [], "excluded_lines": []}, "MonitoringConfig": {"executed_lines": [227, 230, 232, 234], "summary": {"covered_lines": 4, "num_statements": 7, "percent_covered": 57.142857142857146, "percent_covered_display": "57", "missing_lines": 3, "excluded_lines": 0, "percent_statements_covered": 57.142857142857146, "percent_statements_covered_display": "57"}, "missing_lines": [231, 233, 235], "excluded_lines": []}, "LoggingConfig": {"executed_lines": [260], "summary": {"covered_lines": 1, "num_statements": 1, "percent_covered": 100.0, "percent_covered_display": "100", "missing_lines": 0, "excluded_lines": 0, "percent_statements_covered": 100.0, "percent_statements_covered_display": "100"}, "missing_lines": [], "excluded_lines": []}, "MCPConfig": {"executed_lines": [], "summary": {"covered_lines": 0, "num_statements": 0, "percent_covered": 100.0, "percent_covered_display": "100", "missing_lines": 0, "excluded_lines": 0, "percent_statements_covered": 100.0, "percent_statements_covered_display": "100"}, "missing_lines": [], "excluded_lines": []}, "Config": {"executed_lines": [277, 278, 279, 280, 281, 282, 283, 284, 285, 287, 291, 292, 294, 297, 299, 300, 301, 303, 305, 306, 309, 310, 311, 317, 320, 322, 323, 324, 328, 331, 336, 338, 339, 343, 344, 348, 349, 353, 354, 358, 359, 363, 367, 370, 371, 372, 373, 377, 378, 381, 382, 383, 387, 390, 393, 396, 399, 403, 404, 410, 411, 415, 416, 422, 423, 424, 425, 426, 430, 431, 433, 438, 441, 442, 444, 447, 450, 453, 458, 459, 461, 462, 466, 469, 472, 477, 478, 479, 480, 481, 483, 484, 489, 494], "summary": {"covered_lines": 94, "num_statements": 119, "percent_covered": 78.99159663865547, "percent_covered_display": "79", "missing_lines": 25, "excluded_lines": 0, "percent_statements_covered": 78.99159663865547, "percent_statements_covered_display": "79"}, "missing_lines": [295, 340, 341, 345, 346, 350, 351, 355, 356, 360, 405, 406, 412, 413, 417, 418, 434, 439, 445, 448, 451, 454, 467, 470, 473], "excluded_lines": []}, "": {"executed_lines": [1, 3, 4, 5, 6, 7, 8, 10, 11, 13, 18, 19, 21, 26, 27, 28, 31, 32, 33, 34, 37, 38, 39, 40, 43, 44, 46, 49, 66, 116, 117, 118, 121, 122, 123, 126, 127, 128, 131, 132, 133, 134, 135, 136, 139, 140, 141, 142, 144, 159, 160, 161, 164, 165, 166, 169, 170, 171, 174, 175, 176, 179, 180, 183, 184, 187, 188, 189, 192, 193, 194, 195, 198, 199, 200, 201, 204, 205, 206, 207, 210, 211, 212, 213, 216, 217, 218, 219, 222, 223, 224, 226, 238, 239, 240, 242, 243, 244, 245, 246, 247, 248, 251, 252, 253, 256, 257, 259, 263, 264, 265, 267, 268, 269, 270, 273, 274, 276, 289, 315, 326, 365, 375, 385, 420, 428, 436, 456, 464, 475, 486, 487, 491, 492, 498], "summary": {"covered_lines": 127, "num_statements": 131, "percent_covered": 96.94656488549619, "percent_covered_display": "97", "missing_lines": 4, "excluded_lines": 0, "percent_statements_covered": 96.94656488549619, "percent_statements_covered_display": "97"}, "missing_lines": [14, 15, 22, 23], "excluded_lines": []}}}, "excalidraw_mcp/element_factory.py": {"executed_lines": [1, 3, 4, 5, 6, 8, 11, 12, 14, 15, 17, 20, 23, 26, 40, 42, 44, 47, 48, 49, 52, 55, 58, 59, 60, 70, 72, 74, 76, 80, 83, 84, 85, 86, 89, 92, 93, 94, 95, 97, 101, 102, 103, 106, 107, 109, 114, 115, 116, 117, 119, 124, 127, 128, 129, 130, 132, 136, 137, 138, 139, 140, 141, 142, 143, 145, 147, 150, 151, 154, 157, 160, 163, 166, 168, 169, 171, 173, 177, 190, 191, 195, 199, 200, 201, 202, 203, 204, 206, 210, 211, 212, 213, 214, 215, 216, 217, 219, 222, 223, 226, 227, 228, 229, 230, 231, 234, 236, 238, 239, 240, 241, 242, 244, 248, 249, 250, 251, 252, 253, 254, 256, 260, 261, 262, 263, 264, 265, 266, 268, 272, 273, 274, 277, 278, 280, 284, 285, 286, 287, 289, 290, 292, 296, 297, 298, 299], "summary": {"covered_lines": 145, "num_statements": 148, "percent_covered": 97.97297297297297, "percent_covered_display": "98", "missing_lines": 3, "excluded_lines": 0, "percent_statements_covered": 97.97297297297297, "percent_statements_covered_display": "98"}, "missing_lines": [275, 276, 288], "excluded_lines": [], "functions": {"ElementFactory.__init__": {"executed_lines": [15], "summary": {"covered_lines": 1, "num_statements": 1, "percent_covered": 100.0, "percent_covered_display": "100", "missing_lines": 0, "excluded_lines": 0, "percent_statements_covered": 100.0, "percent_statements_covered_display": "100"}, "missing_lines": [], "excluded_lines": []}, "ElementFactory.create_element": {"executed_lines": [20, 23, 26, 40, 42], "summary": {"covered_lines": 5, "num_statements": 5, "percent_covered": 100.0, "percent_covered_display": "100", "missing_lines": 0, "excluded_lines": 0, "percent_statements_covered": 100.0, "percent_statements_covered_display": "100"}, "missing_lines": [], "excluded_lines": []}, "ElementFactory.prepare_update_data": {"executed_lines": [47, 48, 49, 52, 55, 58, 59, 60, 70, 72, 74], "summary": {"covered_lines": 11, "num_statements": 11, "percent_covered": 100.0, "percent_covered_display": "100", "missing_lines": 0, "excluded_lines": 0, "percent_statements_covered": 100.0, "percent_statements_covered_display": "100"}, "missing_lines": [], "excluded_lines": []}, "ElementFactory._add_optional_properties": {"executed_lines": [80, 83, 84, 85, 86, 89, 92, 93, 94, 95], "summary": {"covered_lines": 10, "num_statements": 10, "percent_covered": 100.0, "percent_covered_display": "100", "missing_lines": 0, "excluded_lines": 0, "percent_statements_covered": 100.0, "percent_statements_covered_display": "100"}, "missing_lines": [], "excluded_lines": []}, "ElementFactory._add_visual_properties": {"executed_lines": [101, 102, 103, 106, 107], "summary": {"covered_lines": 5, "num_statements": 5, "percent_covered": 100.0, "percent_covered_display": "100", "missing_lines": 0, "excluded_lines": 0, "percent_statements_covered": 100.0, "percent_statements_covered_display": "100"}, "missing_lines": [], "excluded_lines": []}, "ElementFactory._add_shape_properties": {"executed_lines": [114, 115, 116, 117], "summary": {"covered_lines": 4, "num_statements": 4, "percent_covered": 100.0, "percent_covered_display": "100", "missing_lines": 0, "excluded_lines": 0, "percent_statements_covered": 100.0, "percent_statements_covered_display": "100"}, "missing_lines": [], "excluded_lines": []}, "ElementFactory._add_line_properties": {"executed_lines": [124, 127, 128, 129, 130], "summary": {"covered_lines": 5, "num_statements": 5, "percent_covered": 100.0, "percent_covered_display": "100", "missing_lines": 0, "excluded_lines": 0, "percent_statements_covered": 100.0, "percent_statements_covered_display": "100"}, "missing_lines": [], "excluded_lines": []}, "ElementFactory._get_optional_float": {"executed_lines": [136, 137, 138, 139, 140, 141, 142, 143], "summary": {"covered_lines": 8, "num_statements": 8, "percent_covered": 100.0, "percent_covered_display": "100", "missing_lines": 0, "excluded_lines": 0, "percent_statements_covered": 100.0, "percent_statements_covered_display": "100"}, "missing_lines": [], "excluded_lines": []}, "ElementFactory.validate_element_data": {"executed_lines": [147, 150, 151, 154, 157, 160, 163, 166, 168, 169, 171], "summary": {"covered_lines": 11, "num_statements": 11, "percent_covered": 100.0, "percent_covered_display": "100", "missing_lines": 0, "excluded_lines": 0, "percent_statements_covered": 100.0, "percent_statements_covered_display": "100"}, "missing_lines": [], "excluded_lines": []}, "ElementFactory._validate_element_type": {"executed_lines": [177, 190, 191], "summary": {"covered_lines": 3, "num_statements": 3, "percent_covered": 100.0, "percent_covered_display": "100", "missing_lines": 0, "excluded_lines": 0, "percent_statements_covered": 100.0, "percent_statements_covered_display": "100"}, "missing_lines": [], "excluded_lines": []}, "ElementFactory._validate_coordinates": {"executed_lines": [199, 200, 201, 202, 203, 204], "summary": {"covered_lines": 6, "num_statements": 6, "percent_covered": 100.0, "percent_covered_display": "100", "missing_lines": 0, "excluded_lines": 0, "percent_statements_covered": 100.0, "percent_statements_covered_display": "100"}, "missing_lines": [], "excluded_lines": []}, "ElementFactory._validate_dimensions": {"executed_lines": [210, 211, 212, 213, 214, 215, 216, 217], "summary": {"covered_lines": 8, "num_statements": 8, "percent_covered": 100.0, "percent_covered_display": "100", "missing_lines": 0, "excluded_lines": 0, "percent_statements_covered": 100.0, "percent_statements_covered_display": "100"}, "missing_lines": [], "excluded_lines": []}, "ElementFactory._is_valid_color": {"executed_lines": [222, 223, 226, 227, 228, 229, 230, 231, 234], "summary": {"covered_lines": 9, "num_statements": 9, "percent_covered": 100.0, "percent_covered_display": "100", "missing_lines": 0, "excluded_lines": 0, "percent_statements_covered": 100.0, "percent_statements_covered_display": "100"}, "missing_lines": [], "excluded_lines": []}, "ElementFactory._validate_colors": {"executed_lines": [238, 239, 240, 241, 242], "summary": {"covered_lines": 5, "num_statements": 5, "percent_covered": 100.0, "percent_covered_display": "100", "missing_lines": 0, "excluded_lines": 0, "percent_statements_covered": 100.0, "percent_statements_covered_display": "100"}, "missing_lines": [], "excluded_lines": []}, "ElementFactory._validate_stroke_width": {"executed_lines": [248, 249, 250, 251, 252, 253, 254], "summary": {"covered_lines": 7, "num_statements": 7, "percent_covered": 100.0, "percent_covered_display": "100", "missing_lines": 0, "excluded_lines": 0, "percent_statements_covered": 100.0, "percent_statements_covered_display": "100"}, "missing_lines": [], "excluded_lines": []}, "ElementFactory._validate_opacity": {"executed_lines": [260, 261, 262, 263, 264, 265, 266], "summary": {"covered_lines": 7, "num_statements": 7, "percent_covered": 100.0, "percent_covered_display": "100", "missing_lines": 0, "excluded_lines": 0, "percent_statements_covered": 100.0, "percent_statements_covered_display": "100"}, "missing_lines": [], "excluded_lines": []}, "ElementFactory._validate_roughness": {"executed_lines": [272, 273, 274, 277, 278], "summary": {"covered_lines": 5, "num_statements": 7, "percent_covered": 71.42857142857143, "percent_covered_display": "71", "missing_lines": 2, "excluded_lines": 0, "percent_statements_covered": 71.42857142857143, "percent_statements_covered_display": "71"}, "missing_lines": [275, 276], "excluded_lines": []}, "ElementFactory._validate_font_size": {"executed_lines": [284, 285, 286, 287, 289, 290], "summary": {"covered_lines": 6, "num_statements": 7, "percent_covered": 85.71428571428571, "percent_covered_display": "86", "missing_lines": 1, "excluded_lines": 0, "percent_statements_covered": 85.71428571428571, "percent_statements_covered_display": "86"}, "missing_lines": [288], "excluded_lines": []}, "ElementFactory._validate_numeric_ranges": {"executed_lines": [296, 297, 298, 299], "summary": {"covered_lines": 4, "num_statements": 4, "percent_covered": 100.0, "percent_covered_display": "100", "missing_lines": 0, "excluded_lines": 0, "percent_statements_covered": 100.0, "percent_statements_covered_display": "100"}, "missing_lines": [], "excluded_lines": []}, "": {"executed_lines": [1, 3, 4, 5, 6, 8, 11, 12, 14, 17, 44, 76, 97, 109, 119, 132, 145, 173, 195, 206, 219, 236, 244, 256, 268, 280, 292], "summary": {"covered_lines": 25, "num_statements": 25, "percent_covered": 100.0, "percent_covered_display": "100", "missing_lines": 0, "excluded_lines": 0, "percent_statements_covered": 100.0, "percent_statements_covered_display": "100"}, "missing_lines": [], "excluded_lines": []}}, "classes": {"ElementFactory": {"executed_lines": [15, 20, 23, 26, 40, 42, 47, 48, 49, 52, 55, 58, 59, 60, 70, 72, 74, 80, 83, 84, 85, 86, 89, 92, 93, 94, 95, 101, 102, 103, 106, 107, 114, 115, 116, 117, 124, 127, 128, 129, 130, 136, 137, 138, 139, 140, 141, 142, 143, 147, 150, 151, 154, 157, 160, 163, 166, 168, 169, 171, 177, 190, 191, 199, 200, 201, 202, 203, 204, 210, 211, 212, 213, 214, 215, 216, 217, 222, 223, 226, 227, 228, 229, 230, 231, 234, 238, 239, 240, 241, 242, 248, 249, 250, 251, 252, 253, 254, 260, 261, 262, 263, 264, 265, 266, 272, 273, 274, 277, 278, 284, 285, 286, 287, 289, 290, 296, 297, 298, 299], "summary": {"covered_lines": 120, "num_statements": 123, "percent_covered": 97.5609756097561, "percent_covered_display": "98", "missing_lines": 3, "excluded_lines": 0, "percent_statements_covered": 97.5609756097561, "percent_statements_covered_display": "98"}, "missing_lines": [275, 276, 288], "excluded_lines": []}, "": {"executed_lines": [1, 3, 4, 5, 6, 8, 11, 12, 14, 17, 44, 76, 97, 109, 119, 132, 145, 173, 195, 206, 219, 236, 244, 256, 268, 280, 292], "summary": {"covered_lines": 25, "num_statements": 25, "percent_covered": 100.0, "percent_covered_display": "100", "missing_lines": 0, "excluded_lines": 0, "percent_statements_covered": 100.0, "percent_statements_covered_display": "100"}, "missing_lines": [], "excluded_lines": []}}}, "excalidraw_mcp/http_client.py": {"executed_lines": [1, 3, 4, 5, 6, 7, 8, 10, 12, 13, 15, 18, 19, 20, 22, 23, 24, 27, 28, 30, 31, 32, 33, 36, 43, 44, 45, 47, 48, 50, 52, 53, 59, 66, 68, 69, 70, 72, 74, 75, 78, 84, 85, 93, 94, 96, 97, 100, 102, 106, 107, 110, 115, 117, 119, 126, 129, 136, 137, 139, 140, 145, 147, 150, 157, 158, 159, 162, 164, 167, 169, 171, 179, 183, 184, 185, 188, 197, 202, 203, 212, 214, 216, 221, 222, 223, 224, 225, 226, 230, 231, 232, 233, 234, 236, 237, 238, 239, 240, 242, 244, 249, 250, 251, 253, 254, 258, 260, 268, 269, 270, 273, 274, 276, 277, 281, 287, 291, 292, 293, 295, 296, 298, 299, 300, 302, 303, 306, 308, 309, 310, 313, 314, 316, 317, 320, 322, 323, 324, 325, 326, 328, 330, 331, 332, 334, 335, 337, 343, 344, 347, 349, 350, 352, 353, 357, 361, 363, 364, 365, 366, 369, 371, 375, 376, 377, 379, 380, 382, 388, 389, 392, 394, 395, 396, 399, 400, 402, 403, 406, 408, 409, 410, 411, 412, 414, 415, 417, 419, 421, 423, 425, 428, 434, 438, 439, 441, 442, 444, 447, 448, 452, 467, 476, 477, 479, 483], "summary": {"covered_lines": 204, "num_statements": 214, "percent_covered": 95.32710280373831, "percent_covered_display": "95", "missing_lines": 10, "excluded_lines": 0, "percent_statements_covered": 95.32710280373831, "percent_statements_covered_display": "95"}, "missing_lines": [91, 124, 256, 305, 346, 391, 426, 454, 456, 469], "excluded_lines": [], "functions": {"CanvasHTTPClient.__init__": {"executed_lines": [31, 32, 33, 36], "summary": {"covered_lines": 4, "num_statements": 4, "percent_covered": 100.0, "percent_covered_display": "100", "missing_lines": 0, "excluded_lines": 0, "percent_statements_covered": 100.0, "percent_statements_covered_display": "100"}, "missing_lines": [], "excluded_lines": []}, "CanvasHTTPClient.__aenter__": {"executed_lines": [44, 45], "summary": {"covered_lines": 2, "num_statements": 2, "percent_covered": 100.0, "percent_covered_display": "100", "missing_lines": 0, "excluded_lines": 0, "percent_statements_covered": 100.0, "percent_statements_covered_display": "100"}, "missing_lines": [], "excluded_lines": []}, "CanvasHTTPClient.__aexit__": {"executed_lines": [48], "summary": {"covered_lines": 1, "num_statements": 1, "percent_covered": 100.0, "percent_covered_display": "100", "missing_lines": 0, "excluded_lines": 0, "percent_statements_covered": 100.0, "percent_statements_covered_display": "100"}, "missing_lines": [], "excluded_lines": []}, "CanvasHTTPClient._ensure_client": {"executed_lines": [52, 53, 59], "summary": {"covered_lines": 3, "num_statements": 3, "percent_covered": 100.0, "percent_covered_display": "100", "missing_lines": 0, "excluded_lines": 0, "percent_statements_covered": 100.0, "percent_statements_covered_display": "100"}, "missing_lines": [], "excluded_lines": []}, "CanvasHTTPClient.close": {"executed_lines": [68, 69, 70], "summary": {"covered_lines": 3, "num_statements": 3, "percent_covered": 100.0, "percent_covered_display": "100", "missing_lines": 0, "excluded_lines": 0, "percent_statements_covered": 100.0, "percent_statements_covered_display": "100"}, "missing_lines": [], "excluded_lines": []}, "CanvasHTTPClient._perform_health_check_request": {"executed_lines": [74, 75, 78, 84, 85, 93, 94, 96, 97, 100], "summary": {"covered_lines": 10, "num_statements": 11, "percent_covered": 90.9090909090909, "percent_covered_display": "91", "missing_lines": 1, "excluded_lines": 0, "percent_statements_covered": 90.9090909090909, "percent_statements_covered_display": "91"}, "missing_lines": [91], "excluded_lines": []}, "CanvasHTTPClient.check_health": {"executed_lines": [106, 107, 110, 115, 117, 119, 126, 129, 136, 139, 140, 145, 147, 150, 157, 158, 159, 162, 164, 167, 169], "summary": {"covered_lines": 21, "num_statements": 22, "percent_covered": 95.45454545454545, "percent_covered_display": "95", "missing_lines": 1, "excluded_lines": 0, "percent_statements_covered": 95.45454545454545, "percent_statements_covered_display": "95"}, "missing_lines": [124], "excluded_lines": []}, "CanvasHTTPClient.check_health._health_check_request": {"executed_lines": [137], "summary": {"covered_lines": 1, "num_statements": 1, "percent_covered": 100.0, "percent_covered_display": "100", "missing_lines": 0, "excluded_lines": 0, "percent_statements_covered": 100.0, "percent_statements_covered_display": "100"}, "missing_lines": [], "excluded_lines": []}, "CanvasHTTPClient.post_json": {"executed_lines": [179, 183, 184, 185, 188, 197, 202, 203, 212, 214], "summary": {"covered_lines": 10, "num_statements": 10, "percent_covered": 100.0, "percent_covered_display": "100", "missing_lines": 0, "excluded_lines": 0, "percent_statements_covered": 100.0, "percent_statements_covered_display": "100"}, "missing_lines": [], "excluded_lines": []}, "CanvasHTTPClient._create_post_request_func": {"executed_lines": [221, 242], "summary": {"covered_lines": 2, "num_statements": 2, "percent_covered": 100.0, "percent_covered_display": "100", "missing_lines": 0, "excluded_lines": 0, "percent_statements_covered": 100.0, "percent_statements_covered_display": "100"}, "missing_lines": [], "excluded_lines": []}, "CanvasHTTPClient._create_post_request_func._post_request": {"executed_lines": [222, 223, 224, 225, 226, 230, 231, 232, 233, 234, 236, 237, 238, 239, 240], "summary": {"covered_lines": 15, "num_statements": 15, "percent_covered": 100.0, "percent_covered_display": "100", "missing_lines": 0, "excluded_lines": 0, "percent_statements_covered": 100.0, "percent_statements_covered_display": "100"}, "missing_lines": [], "excluded_lines": []}, "CanvasHTTPClient._send_post_request": {"executed_lines": [249, 250, 251, 253, 254, 258], "summary": {"covered_lines": 6, "num_statements": 7, "percent_covered": 85.71428571428571, "percent_covered_display": "86", "missing_lines": 1, "excluded_lines": 0, "percent_statements_covered": 85.71428571428571, "percent_statements_covered_display": "86"}, "missing_lines": [256], "excluded_lines": []}, "CanvasHTTPClient._handle_post_response": {"executed_lines": [268, 269, 270, 273, 274, 276, 277, 281], "summary": {"covered_lines": 8, "num_statements": 8, "percent_covered": 100.0, "percent_covered_display": "100", "missing_lines": 0, "excluded_lines": 0, "percent_statements_covered": 100.0, "percent_statements_covered_display": "100"}, "missing_lines": [], "excluded_lines": []}, "CanvasHTTPClient.put_json": {"executed_lines": [291, 292, 293, 295, 296, 298, 299, 300, 302, 303, 306, 308, 309, 310, 313, 314, 316, 317, 320, 322, 323, 324, 325, 326], "summary": {"covered_lines": 24, "num_statements": 25, "percent_covered": 96.0, "percent_covered_display": "96", "missing_lines": 1, "excluded_lines": 0, "percent_statements_covered": 96.0, "percent_statements_covered_display": "96"}, "missing_lines": [305], "excluded_lines": []}, "CanvasHTTPClient.delete": {"executed_lines": [330, 331, 332, 334, 335, 337, 343, 344, 347, 349, 350, 352, 353, 357, 361, 363, 364, 365, 366, 369], "summary": {"covered_lines": 20, "num_statements": 21, "percent_covered": 95.23809523809524, "percent_covered_display": "95", "missing_lines": 1, "excluded_lines": 0, "percent_statements_covered": 95.23809523809524, "percent_statements_covered_display": "95"}, "missing_lines": [346], "excluded_lines": []}, "CanvasHTTPClient.get_json": {"executed_lines": [375, 376, 377, 379, 380, 382, 388, 389, 392, 394, 395, 396, 399, 400, 402, 403, 406, 408, 409, 410, 411, 412], "summary": {"covered_lines": 22, "num_statements": 23, "percent_covered": 95.65217391304348, "percent_covered_display": "96", "missing_lines": 1, "excluded_lines": 0, "percent_statements_covered": 95.65217391304348, "percent_statements_covered_display": "96"}, "missing_lines": [391], "excluded_lines": []}, "CanvasHTTPClient.health_failure_count": {"executed_lines": [417], "summary": {"covered_lines": 1, "num_statements": 1, "percent_covered": 100.0, "percent_covered_display": "100", "missing_lines": 0, "excluded_lines": 0, "percent_statements_covered": 100.0, "percent_statements_covered_display": "100"}, "missing_lines": [], "excluded_lines": []}, "CanvasHTTPClient._generate_correlation_id": {"executed_lines": [421], "summary": {"covered_lines": 1, "num_statements": 1, "percent_covered": 100.0, "percent_covered_display": "100", "missing_lines": 0, "excluded_lines": 0, "percent_statements_covered": 100.0, "percent_statements_covered_display": "100"}, "missing_lines": [], "excluded_lines": []}, "CanvasHTTPClient._get_tracing_headers": {"executed_lines": [425, 428], "summary": {"covered_lines": 2, "num_statements": 3, "percent_covered": 66.66666666666667, "percent_covered_display": "67", "missing_lines": 1, "excluded_lines": 0, "percent_statements_covered": 66.66666666666667, "percent_statements_covered_display": "67"}, "missing_lines": [426], "excluded_lines": []}, "CanvasHTTPClient._update_request_metrics": {"executed_lines": [438, 439, 441, 442, 444, 447, 448], "summary": {"covered_lines": 7, "num_statements": 7, "percent_covered": 100.0, "percent_covered_display": "100", "missing_lines": 0, "excluded_lines": 0, "percent_statements_covered": 100.0, "percent_statements_covered_display": "100"}, "missing_lines": [], "excluded_lines": []}, "CanvasHTTPClient.get_request_metrics": {"executed_lines": [], "summary": {"covered_lines": 0, "num_statements": 2, "percent_covered": 0.0, "percent_covered_display": "0", "missing_lines": 2, "excluded_lines": 0, "percent_statements_covered": 0.0, "percent_statements_covered_display": "0"}, "missing_lines": [454, 456], "excluded_lines": []}, "CanvasHTTPClient.reset_request_metrics": {"executed_lines": [], "summary": {"covered_lines": 0, "num_statements": 1, "percent_covered": 0.0, "percent_covered_display": "0", "missing_lines": 1, "excluded_lines": 0, "percent_statements_covered": 0.0, "percent_statements_covered_display": "0"}, "missing_lines": [469], "excluded_lines": []}, "CanvasHTTPClient.is_healthy": {"executed_lines": [479], "summary": {"covered_lines": 1, "num_statements": 1, "percent_covered": 100.0, "percent_covered_display": "100", "missing_lines": 0, "excluded_lines": 0, "percent_statements_covered": 100.0, "percent_statements_covered_display": "100"}, "missing_lines": [], "excluded_lines": []}, "": {"executed_lines": [1, 3, 4, 5, 6, 7, 8, 10, 12, 13, 15, 18, 19, 20, 22, 23, 24, 27, 28, 30, 43, 47, 50, 66, 72, 102, 171, 216, 244, 260, 287, 328, 371, 414, 415, 419, 423, 434, 452, 467, 476, 477, 483], "summary": {"covered_lines": 40, "num_statements": 40, "percent_covered": 100.0, "percent_covered_display": "100", "missing_lines": 0, "excluded_lines": 0, "percent_statements_covered": 100.0, "percent_statements_covered_display": "100"}, "missing_lines": [], "excluded_lines": []}}, "classes": {"HealthCacheEntry": {"executed_lines": [], "summary": {"covered_lines": 0, "num_statements": 0, "percent_covered": 100.0, "percent_covered_display": "100", "missing_lines": 0, "excluded_lines": 0, "percent_statements_covered": 100.0, "percent_statements_covered_display": "100"}, "missing_lines": [], "excluded_lines": []}, "CanvasHTTPClient": {"executed_lines": [31, 32, 33, 36, 44, 45, 48, 52, 53, 59, 68, 69, 70, 74, 75, 78, 84, 85, 93, 94, 96, 97, 100, 106, 107, 110, 115, 117, 119, 126, 129, 136, 137, 139, 140, 145, 147, 150, 157, 158, 159, 162, 164, 167, 169, 179, 183, 184, 185, 188, 197, 202, 203, 212, 214, 221, 222, 223, 224, 225, 226, 230, 231, 232, 233, 234, 236, 237, 238, 239, 240, 242, 249, 250, 251, 253, 254, 258, 268, 269, 270, 273, 274, 276, 277, 281, 291, 292, 293, 295, 296, 298, 299, 300, 302, 303, 306, 308, 309, 310, 313, 314, 316, 317, 320, 322, 323, 324, 325, 326, 330, 331, 332, 334, 335, 337, 343, 344, 347, 349, 350, 352, 353, 357, 361, 363, 364, 365, 366, 369, 375, 376, 377, 379, 380, 382, 388, 389, 392, 394, 395, 396, 399, 400, 402, 403, 406, 408, 409, 410, 411, 412, 417, 421, 425, 428, 438, 439, 441, 442, 444, 447, 448, 479], "summary": {"covered_lines": 164, "num_statements": 174, "percent_covered": 94.25287356321839, "percent_covered_display": "94", "missing_lines": 10, "excluded_lines": 0, "percent_statements_covered": 94.25287356321839, "percent_statements_covered_display": "94"}, "missing_lines": [91, 124, 256, 305, 346, 391, 426, 454, 456, 469], "excluded_lines": []}, "": {"executed_lines": [1, 3, 4, 5, 6, 7, 8, 10, 12, 13, 15, 18, 19, 20, 22, 23, 24, 27, 28, 30, 43, 47, 50, 66, 72, 102, 171, 216, 244, 260, 287, 328, 371, 414, 415, 419, 423, 434, 452, 467, 476, 477, 483], "summary": {"covered_lines": 40, "num_statements": 40, "percent_covered": 100.0, "percent_covered_display": "100", "missing_lines": 0, "excluded_lines": 0, "percent_statements_covered": 100.0, "percent_statements_covered_display": "100"}, "missing_lines": [], "excluded_lines": []}}}, "excalidraw_mcp/mcp_tools.py": {"executed_lines": [1, 3, 4, 6, 8, 9, 10, 12, 15, 16, 18, 19, 20, 21, 23, 26, 27, 28, 29, 32, 35, 36, 37, 38, 39, 40, 43, 45, 47, 48, 49, 51, 55, 56, 58, 59, 60, 61, 62, 63, 64, 67, 68, 70, 71, 73, 74, 75, 79, 81, 83, 86, 88, 89, 95, 101, 102, 103, 105, 107, 108, 109, 129, 130, 131, 133, 135, 137, 139, 140, 145, 150, 151, 152, 154, 156, 158, 160, 161, 162, 169, 174, 175, 176, 180, 182, 183, 184, 224, 225, 226, 233, 235, 236, 237, 242, 243, 245, 246, 252, 254, 255, 256, 258, 260, 261, 263, 264, 269, 274, 275, 276, 278, 280, 281, 282, 302, 303, 304, 306, 308, 309, 310, 335, 336, 337, 339, 341, 342, 343, 345, 346, 351, 353, 354, 355, 357, 359, 360, 361, 363, 364, 369, 374, 375, 376, 380, 382, 383, 385, 386, 391, 393, 394, 401, 406, 407, 408], "summary": {"covered_lines": 156, "num_statements": 193, "percent_covered": 80.82901554404145, "percent_covered_display": "81", "missing_lines": 37, "excluded_lines": 0, "percent_statements_covered": 80.82901554404145, "percent_statements_covered_display": "81"}, "missing_lines": [111, 112, 115, 118, 120, 121, 127, 186, 187, 193, 194, 195, 201, 202, 203, 204, 207, 208, 210, 211, 218, 283, 285, 286, 291, 292, 294, 295, 300, 311, 313, 314, 319, 320, 324, 325, 330], "excluded_lines": [], "functions": {"MCPToolsManager.__init__": {"executed_lines": [19, 20, 21], "summary": {"covered_lines": 3, "num_statements": 3, "percent_covered": 100.0, "percent_covered_display": "100", "missing_lines": 0, "excluded_lines": 0, "percent_statements_covered": 100.0, "percent_statements_covered_display": "100"}, "missing_lines": [], "excluded_lines": []}, "MCPToolsManager._register_tools": {"executed_lines": [26, 27, 28, 29, 32, 35, 36, 37, 38, 39, 40, 43], "summary": {"covered_lines": 12, "num_statements": 12, "percent_covered": 100.0, "percent_covered_display": "100", "missing_lines": 0, "excluded_lines": 0, "percent_statements_covered": 100.0, "percent_statements_covered_display": "100"}, "missing_lines": [], "excluded_lines": []}, "MCPToolsManager._ensure_canvas_available": {"executed_lines": [47, 48, 49], "summary": {"covered_lines": 3, "num_statements": 3, "percent_covered": 100.0, "percent_covered_display": "100", "missing_lines": 0, "excluded_lines": 0, "percent_statements_covered": 100.0, "percent_statements_covered_display": "100"}, "missing_lines": [], "excluded_lines": []}, "MCPToolsManager._sync_to_canvas": {"executed_lines": [55, 56, 58, 59, 60, 61, 62, 63, 64, 67, 68, 70, 71, 73, 74, 75], "summary": {"covered_lines": 16, "num_statements": 16, "percent_covered": 100.0, "percent_covered_display": "100", "missing_lines": 0, "excluded_lines": 0, "percent_statements_covered": 100.0, "percent_statements_covered_display": "100"}, "missing_lines": [], "excluded_lines": []}, "MCPToolsManager.create_element": {"executed_lines": [81, 83, 86, 88, 89, 95, 101, 102, 103], "summary": {"covered_lines": 9, "num_statements": 9, "percent_covered": 100.0, "percent_covered_display": "100", "missing_lines": 0, "excluded_lines": 0, "percent_statements_covered": 100.0, "percent_statements_covered_display": "100"}, "missing_lines": [], "excluded_lines": []}, "MCPToolsManager.update_element": {"executed_lines": [107, 108, 109, 129, 130, 131], "summary": {"covered_lines": 6, "num_statements": 13, "percent_covered": 46.15384615384615, "percent_covered_display": "46", "missing_lines": 7, "excluded_lines": 0, "percent_statements_covered": 46.15384615384615, "percent_statements_covered_display": "46"}, "missing_lines": [111, 112, 115, 118, 120, 121, 127], "excluded_lines": []}, "MCPToolsManager.delete_element": {"executed_lines": [135, 137, 139, 140, 145, 150, 151, 152], "summary": {"covered_lines": 8, "num_statements": 8, "percent_covered": 100.0, "percent_covered_display": "100", "missing_lines": 0, "excluded_lines": 0, "percent_statements_covered": 100.0, "percent_statements_covered_display": "100"}, "missing_lines": [], "excluded_lines": []}, "MCPToolsManager.query_elements": {"executed_lines": [156, 158, 160, 161, 162, 169, 174, 175, 176], "summary": {"covered_lines": 9, "num_statements": 9, "percent_covered": 100.0, "percent_covered_display": "100", "missing_lines": 0, "excluded_lines": 0, "percent_statements_covered": 100.0, "percent_statements_covered_display": "100"}, "missing_lines": [], "excluded_lines": []}, "MCPToolsManager.batch_create_elements": {"executed_lines": [182, 183, 184, 224, 225, 226], "summary": {"covered_lines": 6, "num_statements": 20, "percent_covered": 30.0, "percent_covered_display": "30", "missing_lines": 14, "excluded_lines": 0, "percent_statements_covered": 30.0, "percent_statements_covered_display": "30"}, "missing_lines": [186, 187, 193, 194, 195, 201, 202, 203, 204, 207, 208, 210, 211, 218], "excluded_lines": []}, "MCPToolsManager.group_elements": {"executed_lines": [235, 236, 237, 242, 243, 245, 246, 252, 254, 255, 256], "summary": {"covered_lines": 11, "num_statements": 11, "percent_covered": 100.0, "percent_covered_display": "100", "missing_lines": 0, "excluded_lines": 0, "percent_statements_covered": 100.0, "percent_statements_covered_display": "100"}, "missing_lines": [], "excluded_lines": []}, "MCPToolsManager.ungroup_elements": {"executed_lines": [260, 261, 263, 264, 269, 274, 275, 276], "summary": {"covered_lines": 8, "num_statements": 8, "percent_covered": 100.0, "percent_covered_display": "100", "missing_lines": 0, "excluded_lines": 0, "percent_statements_covered": 100.0, "percent_statements_covered_display": "100"}, "missing_lines": [], "excluded_lines": []}, "MCPToolsManager.align_elements": {"executed_lines": [280, 281, 282, 302, 303, 304], "summary": {"covered_lines": 6, "num_statements": 14, "percent_covered": 42.857142857142854, "percent_covered_display": "43", "missing_lines": 8, "excluded_lines": 0, "percent_statements_covered": 42.857142857142854, "percent_statements_covered_display": "43"}, "missing_lines": [283, 285, 286, 291, 292, 294, 295, 300], "excluded_lines": []}, "MCPToolsManager.distribute_elements": {"executed_lines": [308, 309, 310, 335, 336, 337], "summary": {"covered_lines": 6, "num_statements": 14, "percent_covered": 42.857142857142854, "percent_covered_display": "43", "missing_lines": 8, "excluded_lines": 0, "percent_statements_covered": 42.857142857142854, "percent_statements_covered_display": "43"}, "missing_lines": [311, 313, 314, 319, 320, 324, 325, 330], "excluded_lines": []}, "MCPToolsManager.lock_elements": {"executed_lines": [341, 342, 343, 345, 346, 351, 353, 354, 355], "summary": {"covered_lines": 9, "num_statements": 9, "percent_covered": 100.0, "percent_covered_display": "100", "missing_lines": 0, "excluded_lines": 0, "percent_statements_covered": 100.0, "percent_statements_covered_display": "100"}, "missing_lines": [], "excluded_lines": []}, "MCPToolsManager.unlock_elements": {"executed_lines": [359, 360, 361, 363, 364, 369, 374, 375, 376], "summary": {"covered_lines": 9, "num_statements": 9, "percent_covered": 100.0, "percent_covered_display": "100", "missing_lines": 0, "excluded_lines": 0, "percent_statements_covered": 100.0, "percent_statements_covered_display": "100"}, "missing_lines": [], "excluded_lines": []}, "MCPToolsManager.get_resource": {"executed_lines": [382, 383, 385, 386, 391, 393, 394, 401, 406, 407, 408], "summary": {"covered_lines": 11, "num_statements": 11, "percent_covered": 100.0, "percent_covered_display": "100", "missing_lines": 0, "excluded_lines": 0, "percent_statements_covered": 100.0, "percent_statements_covered_display": "100"}, "missing_lines": [], "excluded_lines": []}, "": {"executed_lines": [1, 3, 4, 6, 8, 9, 10, 12, 15, 16, 18, 23, 45, 51, 79, 105, 133, 154, 180, 233, 258, 278, 306, 339, 357, 380], "summary": {"covered_lines": 24, "num_statements": 24, "percent_covered": 100.0, "percent_covered_display": "100", "missing_lines": 0, "excluded_lines": 0, "percent_statements_covered": 100.0, "percent_statements_covered_display": "100"}, "missing_lines": [], "excluded_lines": []}}, "classes": {"MCPToolsManager": {"executed_lines": [19, 20, 21, 26, 27, 28, 29, 32, 35, 36, 37, 38, 39, 40, 43, 47, 48, 49, 55, 56, 58, 59, 60, 61, 62, 63, 64, 67, 68, 70, 71, 73, 74, 75, 81, 83, 86, 88, 89, 95, 101, 102, 103, 107, 108, 109, 129, 130, 131, 135, 137, 139, 140, 145, 150, 151, 152, 156, 158, 160, 161, 162, 169, 174, 175, 176, 182, 183, 184, 224, 225, 226, 235, 236, 237, 242, 243, 245, 246, 252, 254, 255, 256, 260, 261, 263, 264, 269, 274, 275, 276, 280, 281, 282, 302, 303, 304, 308, 309, 310, 335, 336, 337, 341, 342, 343, 345, 346, 351, 353, 354, 355, 359, 360, 361, 363, 364, 369, 374, 375, 376, 382, 383, 385, 386, 391, 393, 394, 401, 406, 407, 408], "summary": {"covered_lines": 132, "num_statements": 169, "percent_covered": 78.10650887573965, "percent_covered_display": "78", "missing_lines": 37, "excluded_lines": 0, "percent_statements_covered": 78.10650887573965, "percent_statements_covered_display": "78"}, "missing_lines": [111, 112, 115, 118, 120, 121, 127, 186, 187, 193, 194, 195, 201, 202, 203, 204, 207, 208, 210, 211, 218, 283, 285, 286, 291, 292, 294, 295, 300, 311, 313, 314, 319, 320, 324, 325, 330], "excluded_lines": []}, "": {"executed_lines": [1, 3, 4, 6, 8, 9, 10, 12, 15, 16, 18, 23, 45, 51, 79, 105, 133, 154, 180, 233, 258, 278, 306, 339, 357, 380], "summary": {"covered_lines": 24, "num_statements": 24, "percent_covered": 100.0, "percent_covered_display": "100", "missing_lines": 0, "excluded_lines": 0, "percent_statements_covered": 100.0, "percent_statements_covered_display": "100"}, "missing_lines": [], "excluded_lines": []}}}, "excalidraw_mcp/monitoring/__init__.py": {"executed_lines": [1, 3, 4, 5, 6, 7, 9], "summary": {"covered_lines": 6, "num_statements": 6, "percent_covered": 100.0, "percent_covered_display": "100", "missing_lines": 0, "excluded_lines": 0, "percent_statements_covered": 100.0, "percent_statements_covered_display": "100"}, "missing_lines": [], "excluded_lines": [], "functions": {"": {"executed_lines": [1, 3, 4, 5, 6, 7, 9], "summary": {"covered_lines": 6, "num_statements": 6, "percent_covered": 100.0, "percent_covered_display": "100", "missing_lines": 0, "excluded_lines": 0, "percent_statements_covered": 100.0, "percent_statements_covered_display": "100"}, "missing_lines": [], "excluded_lines": []}}, "classes": {"": {"executed_lines": [1, 3, 4, 5, 6, 7, 9], "summary": {"covered_lines": 6, "num_statements": 6, "percent_covered": 100.0, "percent_covered_display": "100", "missing_lines": 0, "excluded_lines": 0, "percent_statements_covered": 100.0, "percent_statements_covered_display": "100"}, "missing_lines": [], "excluded_lines": []}}}, "excalidraw_mcp/monitoring/alerts.py": {"executed_lines": [1, 3, 4, 5, 6, 7, 8, 9, 10, 11, 13, 15, 18, 19, 21, 22, 23, 24, 27, 28, 30, 31, 32, 33, 36, 37, 38, 40, 41, 42, 43, 44, 45, 46, 47, 48, 51, 52, 53, 55, 56, 57, 58, 59, 60, 61, 64, 65, 67, 68, 69, 70, 71, 72, 75, 77, 79, 82, 104, 116, 138, 149, 151, 153, 156, 158, 159, 162, 164, 168, 173, 175, 177, 179, 190, 201, 208, 212, 219, 223, 224, 225, 226, 227, 229, 231, 233, 235, 237, 238, 239, 244, 249, 251, 254, 266, 269, 270, 271, 273, 309, 311, 312, 322, 334, 354, 367, 380, 406, 429, 433, 435, 436, 437, 438, 440, 442, 450, 459, 468, 474], "summary": {"covered_lines": 115, "num_statements": 218, "percent_covered": 52.75229357798165, "percent_covered_display": "53", "missing_lines": 103, "excluded_lines": 0, "percent_statements_covered": 52.75229357798165, "percent_statements_covered_display": "53"}, "missing_lines": [154, 160, 165, 170, 171, 180, 181, 182, 183, 184, 186, 187, 188, 192, 193, 194, 195, 196, 197, 199, 203, 204, 206, 210, 214, 215, 217, 228, 230, 232, 234, 236, 240, 242, 267, 277, 279, 280, 283, 286, 288, 299, 300, 301, 302, 305, 307, 313, 314, 315, 318, 320, 324, 325, 327, 328, 329, 331, 332, 336, 338, 348, 350, 351, 352, 356, 357, 358, 359, 360, 361, 364, 365, 369, 376, 383, 389, 390, 391, 393, 404, 414, 423, 424, 426, 427, 431, 452, 453, 454, 455, 456, 457, 461, 462, 463, 464, 465, 466, 470, 471, 472, 476], "excluded_lines": [], "functions": {"AlertManager.__init__": {"executed_lines": [68, 69, 70, 71, 72, 75], "summary": {"covered_lines": 6, "num_statements": 6, "percent_covered": 100.0, "percent_covered_display": "100", "missing_lines": 0, "excluded_lines": 0, "percent_statements_covered": 100.0, "percent_statements_covered_display": "100"}, "missing_lines": [], "excluded_lines": []}, "AlertManager._initialize_alert_rules": {"executed_lines": [79, 82, 104, 116, 138, 149], "summary": {"covered_lines": 6, "num_statements": 6, "percent_covered": 100.0, "percent_covered_display": "100", "missing_lines": 0, "excluded_lines": 0, "percent_statements_covered": 100.0, "percent_statements_covered_display": "100"}, "missing_lines": [], "excluded_lines": []}, "AlertManager.check_conditions": {"executed_lines": [153, 156, 158, 159, 162, 164, 168], "summary": {"covered_lines": 7, "num_statements": 12, "percent_covered": 58.333333333333336, "percent_covered_display": "58", "missing_lines": 5, "excluded_lines": 0, "percent_statements_covered": 58.333333333333336, "percent_statements_covered_display": "58"}, "missing_lines": [154, 160, 165, 170, 171], "excluded_lines": []}, "AlertManager._eval_expression": {"executed_lines": [175], "summary": {"covered_lines": 1, "num_statements": 1, "percent_covered": 100.0, "percent_covered_display": "100", "missing_lines": 0, "excluded_lines": 0, "percent_statements_covered": 100.0, "percent_statements_covered_display": "100"}, "missing_lines": [], "excluded_lines": []}, "AlertManager._eval_compare": {"executed_lines": [179], "summary": {"covered_lines": 1, "num_statements": 9, "percent_covered": 11.11111111111111, "percent_covered_display": "11", "missing_lines": 8, "excluded_lines": 0, "percent_statements_covered": 11.11111111111111, "percent_statements_covered_display": "11"}, "missing_lines": [180, 181, 182, 183, 184, 186, 187, 188], "excluded_lines": []}, "AlertManager._eval_bool_op": {"executed_lines": [], "summary": {"covered_lines": 0, "num_statements": 7, "percent_covered": 0.0, "percent_covered_display": "0", "missing_lines": 7, "excluded_lines": 0, "percent_statements_covered": 0.0, "percent_statements_covered_display": "0"}, "missing_lines": [192, 193, 194, 195, 196, 197, 199], "excluded_lines": []}, "AlertManager._eval_unary_op": {"executed_lines": [], "summary": {"covered_lines": 0, "num_statements": 3, "percent_covered": 0.0, "percent_covered_display": "0", "missing_lines": 3, "excluded_lines": 0, "percent_statements_covered": 0.0, "percent_statements_covered_display": "0"}, "missing_lines": [203, 204, 206], "excluded_lines": []}, "AlertManager._eval_constant": {"executed_lines": [], "summary": {"covered_lines": 0, "num_statements": 1, "percent_covered": 0.0, "percent_covered_display": "0", "missing_lines": 1, "excluded_lines": 0, "percent_statements_covered": 0.0, "percent_statements_covered_display": "0"}, "missing_lines": [210], "excluded_lines": []}, "AlertManager._eval_name": {"executed_lines": [], "summary": {"covered_lines": 0, "num_statements": 3, "percent_covered": 0.0, "percent_covered_display": "0", "missing_lines": 3, "excluded_lines": 0, "percent_statements_covered": 0.0, "percent_statements_covered_display": "0"}, "missing_lines": [214, 215, 217], "excluded_lines": []}, "AlertManager._eval_node": {"executed_lines": [223, 224, 225, 226, 227, 229, 231, 233, 235, 237, 238, 239], "summary": {"covered_lines": 12, "num_statements": 19, "percent_covered": 63.1578947368421, "percent_covered_display": "63", "missing_lines": 7, "excluded_lines": 0, "percent_statements_covered": 63.1578947368421, "percent_statements_covered_display": "63"}, "missing_lines": [228, 230, 232, 234, 236, 240, 242], "excluded_lines": []}, "AlertManager._safe_eval_condition": {"executed_lines": [249, 251, 254, 266, 269, 270, 271], "summary": {"covered_lines": 7, "num_statements": 8, "percent_covered": 87.5, "percent_covered_display": "88", "missing_lines": 1, "excluded_lines": 0, "percent_statements_covered": 87.5, "percent_statements_covered_display": "88"}, "missing_lines": [267], "excluded_lines": []}, "AlertManager._trigger_alert": {"executed_lines": [], "summary": {"covered_lines": 0, "num_statements": 12, "percent_covered": 0.0, "percent_covered_display": "0", "missing_lines": 12, "excluded_lines": 0, "percent_statements_covered": 0.0, "percent_statements_covered_display": "0"}, "missing_lines": [277, 279, 280, 283, 286, 288, 299, 300, 301, 302, 305, 307], "excluded_lines": []}, "AlertManager._resolve_alert": {"executed_lines": [311, 312], "summary": {"covered_lines": 2, "num_statements": 7, "percent_covered": 28.571428571428573, "percent_covered_display": "29", "missing_lines": 5, "excluded_lines": 0, "percent_statements_covered": 28.571428571428573, "percent_statements_covered_display": "29"}, "missing_lines": [313, 314, 315, 318, 320], "excluded_lines": []}, "AlertManager._should_throttle_alert": {"executed_lines": [], "summary": {"covered_lines": 0, "num_statements": 7, "percent_covered": 0.0, "percent_covered_display": "0", "missing_lines": 7, "excluded_lines": 0, "percent_statements_covered": 0.0, "percent_statements_covered_display": "0"}, "missing_lines": [324, 325, 327, 328, 329, 331, 332], "excluded_lines": []}, "AlertManager._format_alert_message": {"executed_lines": [], "summary": {"covered_lines": 0, "num_statements": 6, "percent_covered": 0.0, "percent_covered_display": "0", "missing_lines": 6, "excluded_lines": 0, "percent_statements_covered": 0.0, "percent_statements_covered_display": "0"}, "missing_lines": [336, 338, 348, 350, 351, 352], "excluded_lines": []}, "AlertManager._send_alert": {"executed_lines": [], "summary": {"covered_lines": 0, "num_statements": 8, "percent_covered": 0.0, "percent_covered_display": "0", "missing_lines": 8, "excluded_lines": 0, "percent_statements_covered": 0.0, "percent_statements_covered_display": "0"}, "missing_lines": [356, 357, 358, 359, 360, 361, 364, 365], "excluded_lines": []}, "AlertManager._send_log_alert": {"executed_lines": [], "summary": {"covered_lines": 0, "num_statements": 2, "percent_covered": 0.0, "percent_covered_display": "0", "missing_lines": 2, "excluded_lines": 0, "percent_statements_covered": 0.0, "percent_statements_covered_display": "0"}, "missing_lines": [369, 376], "excluded_lines": []}, "AlertManager._send_webhook_alert": {"executed_lines": [], "summary": {"covered_lines": 0, "num_statements": 6, "percent_covered": 0.0, "percent_covered_display": "0", "missing_lines": 6, "excluded_lines": 0, "percent_statements_covered": 0.0, "percent_statements_covered_display": "0"}, "missing_lines": [383, 389, 390, 391, 393, 404], "excluded_lines": []}, "AlertManager.force_alert": {"executed_lines": [], "summary": {"covered_lines": 0, "num_statements": 5, "percent_covered": 0.0, "percent_covered_display": "0", "missing_lines": 5, "excluded_lines": 0, "percent_statements_covered": 0.0, "percent_statements_covered_display": "0"}, "missing_lines": [414, 423, 424, 426, 427], "excluded_lines": []}, "AlertManager.get_active_alerts": {"executed_lines": [], "summary": {"covered_lines": 0, "num_statements": 1, "percent_covered": 0.0, "percent_covered_display": "0", "missing_lines": 1, "excluded_lines": 0, "percent_statements_covered": 0.0, "percent_statements_covered_display": "0"}, "missing_lines": [431], "excluded_lines": []}, "AlertManager.get_alert_history": {"executed_lines": [435, 436, 437, 438], "summary": {"covered_lines": 4, "num_statements": 4, "percent_covered": 100.0, "percent_covered_display": "100", "missing_lines": 0, "excluded_lines": 0, "percent_statements_covered": 100.0, "percent_statements_covered_display": "100"}, "missing_lines": [], "excluded_lines": []}, "AlertManager.get_alert_statistics": {"executed_lines": [442], "summary": {"covered_lines": 1, "num_statements": 1, "percent_covered": 100.0, "percent_covered_display": "100", "missing_lines": 0, "excluded_lines": 0, "percent_statements_covered": 100.0, "percent_statements_covered_display": "100"}, "missing_lines": [], "excluded_lines": []}, "AlertManager.enable_rule": {"executed_lines": [], "summary": {"covered_lines": 0, "num_statements": 6, "percent_covered": 0.0, "percent_covered_display": "0", "missing_lines": 6, "excluded_lines": 0, "percent_statements_covered": 0.0, "percent_statements_covered_display": "0"}, "missing_lines": [452, 453, 454, 455, 456, 457], "excluded_lines": []}, "AlertManager.disable_rule": {"executed_lines": [], "summary": {"covered_lines": 0, "num_statements": 6, "percent_covered": 0.0, "percent_covered_display": "0", "missing_lines": 6, "excluded_lines": 0, "percent_statements_covered": 0.0, "percent_statements_covered_display": "0"}, "missing_lines": [461, 462, 463, 464, 465, 466], "excluded_lines": []}, "AlertManager.clear_alert_history": {"executed_lines": [], "summary": {"covered_lines": 0, "num_statements": 3, "percent_covered": 0.0, "percent_covered_display": "0", "missing_lines": 3, "excluded_lines": 0, "percent_statements_covered": 0.0, "percent_statements_covered_display": "0"}, "missing_lines": [470, 471, 472], "excluded_lines": []}, "AlertManager.get_alert_rules": {"executed_lines": [], "summary": {"covered_lines": 0, "num_statements": 1, "percent_covered": 0.0, "percent_covered_display": "0", "missing_lines": 1, "excluded_lines": 0, "percent_statements_covered": 0.0, "percent_statements_covered_display": "0"}, "missing_lines": [476], "excluded_lines": []}, "": {"executed_lines": [1, 3, 4, 5, 6, 7, 8, 9, 10, 11, 13, 15, 18, 19, 21, 22, 23, 24, 27, 28, 30, 31, 32, 33, 36, 37, 38, 40, 41, 42, 43, 44, 45, 46, 47, 48, 51, 52, 53, 55, 56, 57, 58, 59, 60, 61, 64, 65, 67, 77, 151, 173, 177, 190, 201, 208, 212, 219, 244, 273, 309, 322, 334, 354, 367, 380, 406, 429, 433, 440, 450, 459, 468, 474], "summary": {"covered_lines": 68, "num_statements": 68, "percent_covered": 100.0, "percent_covered_display": "100", "missing_lines": 0, "excluded_lines": 0, "percent_statements_covered": 100.0, "percent_statements_covered_display": "100"}, "missing_lines": [], "excluded_lines": []}}, "classes": {"AlertLevel": {"executed_lines": [], "summary": {"covered_lines": 0, "num_statements": 0, "percent_covered": 100.0, "percent_covered_display": "100", "missing_lines": 0, "excluded_lines": 0, "percent_statements_covered": 100.0, "percent_statements_covered_display": "100"}, "missing_lines": [], "excluded_lines": []}, "AlertChannel": {"executed_lines": [], "summary": {"covered_lines": 0, "num_statements": 0, "percent_covered": 100.0, "percent_covered_display": "100", "missing_lines": 0, "excluded_lines": 0, "percent_statements_covered": 100.0, "percent_statements_covered_display": "100"}, "missing_lines": [], "excluded_lines": []}, "Alert": {"executed_lines": [], "summary": {"covered_lines": 0, "num_statements": 0, "percent_covered": 100.0, "percent_covered_display": "100", "missing_lines": 0, "excluded_lines": 0, "percent_statements_covered": 100.0, "percent_statements_covered_display": "100"}, "missing_lines": [], "excluded_lines": []}, "AlertRule": {"executed_lines": [], "summary": {"covered_lines": 0, "num_statements": 0, "percent_covered": 100.0, "percent_covered_display": "100", "missing_lines": 0, "excluded_lines": 0, "percent_statements_covered": 100.0, "percent_statements_covered_display": "100"}, "missing_lines": [], "excluded_lines": []}, "AlertManager": {"executed_lines": [68, 69, 70, 71, 72, 75, 79, 82, 104, 116, 138, 149, 153, 156, 158, 159, 162, 164, 168, 175, 179, 223, 224, 225, 226, 227, 229, 231, 233, 235, 237, 238, 239, 249, 251, 254, 266, 269, 270, 271, 311, 312, 435, 436, 437, 438, 442], "summary": {"covered_lines": 47, "num_statements": 150, "percent_covered": 31.333333333333332, "percent_covered_display": "31", "missing_lines": 103, "excluded_lines": 0, "percent_statements_covered": 31.333333333333332, "percent_statements_covered_display": "31"}, "missing_lines": [154, 160, 165, 170, 171, 180, 181, 182, 183, 184, 186, 187, 188, 192, 193, 194, 195, 196, 197, 199, 203, 204, 206, 210, 214, 215, 217, 228, 230, 232, 234, 236, 240, 242, 267, 277, 279, 280, 283, 286, 288, 299, 300, 301, 302, 305, 307, 313, 314, 315, 318, 320, 324, 325, 327, 328, 329, 331, 332, 336, 338, 348, 350, 351, 352, 356, 357, 358, 359, 360, 361, 364, 365, 369, 376, 383, 389, 390, 391, 393, 404, 414, 423, 424, 426, 427, 431, 452, 453, 454, 455, 456, 457, 461, 462, 463, 464, 465, 466, 470, 471, 472, 476], "excluded_lines": []}, "": {"executed_lines": [1, 3, 4, 5, 6, 7, 8, 9, 10, 11, 13, 15, 18, 19, 21, 22, 23, 24, 27, 28, 30, 31, 32, 33, 36, 37, 38, 40, 41, 42, 43, 44, 45, 46, 47, 48, 51, 52, 53, 55, 56, 57, 58, 59, 60, 61, 64, 65, 67, 77, 151, 173, 177, 190, 201, 208, 212, 219, 244, 273, 309, 322, 334, 354, 367, 380, 406, 429, 433, 440, 450, 459, 468, 474], "summary": {"covered_lines": 68, "num_statements": 68, "percent_covered": 100.0, "percent_covered_display": "100", "missing_lines": 0, "excluded_lines": 0, "percent_statements_covered": 100.0, "percent_statements_covered_display": "100"}, "missing_lines": [], "excluded_lines": []}}}, "excalidraw_mcp/monitoring/circuit_breaker.py": {"executed_lines": [1, 3, 4, 5, 6, 7, 8, 9, 11, 13, 16, 17, 19, 20, 21, 24, 25, 26, 28, 29, 30, 31, 32, 33, 34, 37, 38, 40, 43, 44, 46, 53, 56, 59, 63, 64, 65, 66, 68, 70, 72, 73, 74, 79, 81, 82, 85, 86, 87, 88, 90, 93, 94, 96, 98, 99, 101, 103, 104, 106, 108, 109, 110, 111, 113, 115, 119, 121, 122, 124, 126, 128, 129, 130, 132, 134, 138, 140, 142, 144, 145, 146, 149, 150, 151, 153, 155, 157, 161, 163, 164, 165, 166, 168, 173, 175, 176, 177, 178, 180, 184, 186, 187, 188, 189, 192, 194, 198, 200, 201, 202, 204, 206, 207, 208, 210, 212, 213, 214, 215, 216, 218, 219, 221, 223, 224, 226, 228, 229, 231, 233, 234, 238, 240, 246, 261, 263, 265, 267, 270, 271, 273], "summary": {"covered_lines": 137, "num_statements": 140, "percent_covered": 97.85714285714286, "percent_covered_display": "98", "missing_lines": 3, "excluded_lines": 0, "percent_statements_covered": 97.85714285714286, "percent_statements_covered_display": "98"}, "missing_lines": [117, 236, 268], "excluded_lines": [], "functions": {"CircuitBreaker.__init__": {"executed_lines": [53, 56, 59, 63, 64, 65, 66], "summary": {"covered_lines": 7, "num_statements": 7, "percent_covered": 100.0, "percent_covered_display": "100", "missing_lines": 0, "excluded_lines": 0, "percent_statements_covered": 100.0, "percent_statements_covered_display": "100"}, "missing_lines": [], "excluded_lines": []}, "CircuitBreaker.call": {"executed_lines": [70, 72, 73, 74, 79, 81, 82, 85, 86, 87, 88, 90, 93, 94, 96, 98, 99], "summary": {"covered_lines": 17, "num_statements": 17, "percent_covered": 100.0, "percent_covered_display": "100", "missing_lines": 0, "excluded_lines": 0, "percent_statements_covered": 100.0, "percent_statements_co
[...]
: {"covered_lines": 16, "num_statements": 16, "percent_covered": 100.0, "percent_covered_display": "100", "missing_lines": 0, "excluded_lines": 0, "percent_statements_covered": 100.0, "percent_statements_covered_display": "100"}, "missing_lines": [], "excluded_lines": []}, "CanvasProcessManager._start_process": {"executed_lines": [120, 121, 122, 125, 128, 136, 137, 138, 141, 144, 146, 148, 149, 150, 151], "summary": {"covered_lines": 15, "num_statements": 15, "percent_covered": 100.0, "percent_covered_display": "100", "missing_lines": 0, "excluded_lines": 0, "percent_statements_covered": 100.0, "percent_statements_covered_display": "100"}, "missing_lines": [], "excluded_lines": []}, "CanvasProcessManager._check_health_with_process_check": {"executed_lines": [155, 156, 158, 159, 161], "summary": {"covered_lines": 5, "num_statements": 5, "percent_covered": 100.0, "percent_covered_display": "100", "missing_lines": 0, "excluded_lines": 0, "percent_statements_covered": 100.0, "percent_statements_covered_display": "100"}, "missing_lines": [], "excluded_lines": []}, "CanvasProcessManager._wait_for_health": {"executed_lines": [165, 168, 175, 176, 181, 182, 183, 184, 185, 186], "summary": {"covered_lines": 10, "num_statements": 10, "percent_covered": 100.0, "percent_covered_display": "100", "missing_lines": 0, "excluded_lines": 0, "percent_statements_covered": 100.0, "percent_statements_covered_display": "100"}, "missing_lines": [], "excluded_lines": []}, "CanvasProcessManager._send_termination_signal": {"executed_lines": [190, 191, 192, 194, 195], "summary": {"covered_lines": 5, "num_statements": 6, "percent_covered": 83.33333333333333, "percent_covered_display": "83", "missing_lines": 1, "excluded_lines": 0, "percent_statements_covered": 83.33333333333333, "percent_statements_covered_display": "83"}, "missing_lines": [197], "excluded_lines": []}, "CanvasProcessManager._terminate_existing_process": {"executed_lines": [201, 202, 204, 209, 212, 215, 216, 218, 219, 220, 221, 223], "summary": {"covered_lines": 12, "num_statements": 12, "percent_covered": 100.0, "percent_covered_display": "100", "missing_lines": 0, "excluded_lines": 0, "percent_statements_covered": 100.0, "percent_statements_covered_display": "100"}, "missing_lines": [], "excluded_lines": []}, "CanvasProcessManager._terminate_current_process": {"executed_lines": [227], "summary": {"covered_lines": 1, "num_statements": 1, "percent_covered": 100.0, "percent_covered_display": "100", "missing_lines": 0, "excluded_lines": 0, "percent_statements_covered": 100.0, "percent_statements_covered_display": "100"}, "missing_lines": [], "excluded_lines": []}, "CanvasProcessManager._reset_process_info": {"executed_lines": [231, 232, 233, 234, 236, 238], "summary": {"covered_lines": 6, "num_statements": 6, "percent_covered": 100.0, "percent_covered_display": "100", "missing_lines": 0, "excluded_lines": 0, "percent_statements_covered": 100.0, "percent_statements_covered_display": "100"}, "missing_lines": [], "excluded_lines": []}, "CanvasProcessManager._get_project_root": {"executed_lines": [242, 243], "summary": {"covered_lines": 2, "num_statements": 2, "percent_covered": 100.0, "percent_covered_display": "100", "missing_lines": 0, "excluded_lines": 0, "percent_statements_covered": 100.0, "percent_statements_covered_display": "100"}, "missing_lines": [], "excluded_lines": []}, "CanvasProcessManager._signal_handler": {"executed_lines": [247, 248], "summary": {"covered_lines": 2, "num_statements": 2, "percent_covered": 100.0, "percent_covered_display": "100", "missing_lines": 0, "excluded_lines": 0, "percent_statements_covered": 100.0, "percent_statements_covered_display": "100"}, "missing_lines": [], "excluded_lines": []}, "CanvasProcessManager.cleanup": {"executed_lines": [252, 253], "summary": {"covered_lines": 2, "num_statements": 2, "percent_covered": 100.0, "percent_covered_display": "100", "missing_lines": 0, "excluded_lines": 0, "percent_statements_covered": 100.0, "percent_statements_covered_display": "100"}, "missing_lines": [], "excluded_lines": []}, "CanvasProcessManager.restart": {"executed_lines": [257, 258, 261, 265, 266, 269, 270, 274], "summary": {"covered_lines": 8, "num_statements": 8, "percent_covered": 100.0, "percent_covered_display": "100", "missing_lines": 0, "excluded_lines": 0, "percent_statements_covered": 100.0, "percent_statements_covered_display": "100"}, "missing_lines": [], "excluded_lines": []}, "CanvasProcessManager.stop": {"executed_lines": [278, 279], "summary": {"covered_lines": 2, "num_statements": 2, "percent_covered": 100.0, "percent_covered_display": "100", "missing_lines": 0, "excluded_lines": 0, "percent_statements_covered": 100.0, "percent_statements_covered_display": "100"}, "missing_lines": [], "excluded_lines": []}, "CanvasProcessManager.get_status": {"executed_lines": [283, 284, 288], "summary": {"covered_lines": 3, "num_statements": 3, "percent_covered": 100.0, "percent_covered_display": "100", "missing_lines": 0, "excluded_lines": 0, "percent_statements_covered": 100.0, "percent_statements_covered_display": "100"}, "missing_lines": [], "excluded_lines": []}, "CanvasProcessManager.add_start_callback": {"executed_lines": [], "summary": {"covered_lines": 0, "num_statements": 1, "percent_covered": 0.0, "percent_covered_display": "0", "missing_lines": 1, "excluded_lines": 0, "percent_statements_covered": 0.0, "percent_statements_covered_display": "0"}, "missing_lines": [301], "excluded_lines": []}, "CanvasProcessManager.add_stop_callback": {"executed_lines": [], "summary": {"covered_lines": 0, "num_statements": 1, "percent_covered": 0.0, "percent_covered_display": "0", "missing_lines": 1, "excluded_lines": 0, "percent_statements_covered": 0.0, "percent_statements_covered_display": "0"}, "missing_lines": [305], "excluded_lines": []}, "CanvasProcessManager.add_restart_callback": {"executed_lines": [], "summary": {"covered_lines": 0, "num_statements": 1, "percent_covered": 0.0, "percent_covered_display": "0", "missing_lines": 1, "excluded_lines": 0, "percent_statements_covered": 0.0, "percent_statements_covered_display": "0"}, "missing_lines": [309], "excluded_lines": []}, "CanvasProcessManager.add_health_change_callback": {"executed_lines": [], "summary": {"covered_lines": 0, "num_statements": 1, "percent_covered": 0.0, "percent_covered_display": "0", "missing_lines": 1, "excluded_lines": 0, "percent_statements_covered": 0.0, "percent_statements_covered_display": "0"}, "missing_lines": [315], "excluded_lines": []}, "CanvasProcessManager._trigger_callbacks_sync": {"executed_lines": [321], "summary": {"covered_lines": 1, "num_statements": 11, "percent_covered": 9.090909090909092, "percent_covered_display": "9", "missing_lines": 10, "excluded_lines": 0, "percent_statements_covered": 9.090909090909092, "percent_statements_covered_display": "9"}, "missing_lines": [322, 323, 325, 326, 328, 329, 331, 334, 335, 336], "excluded_lines": []}, "CanvasProcessManager._trigger_callbacks": {"executed_lines": [342], "summary": {"covered_lines": 1, "num_statements": 7, "percent_covered": 14.285714285714286, "percent_covered_display": "14", "missing_lines": 6, "excluded_lines": 0, "percent_statements_covered": 14.285714285714286, "percent_statements_covered_display": "14"}, "missing_lines": [343, 344, 345, 347, 348, 349], "excluded_lines": []}, "CanvasProcessManager.get_restart_count": {"executed_lines": [], "summary": {"covered_lines": 0, "num_statements": 1, "percent_covered": 0.0, "percent_covered_display": "0", "missing_lines": 1, "excluded_lines": 0, "percent_statements_covered": 0.0, "percent_statements_covered_display": "0"}, "missing_lines": [353], "excluded_lines": []}, "CanvasProcessManager.get_uptime": {"executed_lines": [], "summary": {"covered_lines": 0, "num_statements": 3, "percent_covered": 0.0, "percent_covered_display": "0", "missing_lines": 3, "excluded_lines": 0, "percent_statements_covered": 0.0, "percent_statements_covered_display": "0"}, "missing_lines": [357, 358, 359], "excluded_lines": []}, "": {"executed_lines": [1, 3, 4, 5, 6, 7, 8, 9, 10, 11, 12, 14, 16, 17, 18, 20, 23, 24, 26, 44, 48, 53, 60, 77, 81, 86, 93, 118, 153, 163, 188, 199, 225, 229, 240, 245, 250, 255, 276, 281, 299, 303, 307, 311, 317, 338, 351, 355, 363], "summary": {"covered_lines": 47, "num_statements": 47, "percent_covered": 100.0, "percent_covered_display": "100", "missing_lines": 0, "excluded_lines": 0, "percent_statements_covered": 100.0, "percent_statements_covered_display": "100"}, "missing_lines": [], "excluded_lines": []}}, "classes": {"CanvasProcessManager": {"executed_lines": [27, 28, 29, 30, 31, 34, 35, 36, 37, 40, 41, 42, 46, 50, 51, 55, 56, 57, 58, 63, 64, 67, 68, 71, 72, 75, 83, 84, 88, 89, 91, 95, 96, 98, 100, 101, 102, 103, 106, 107, 108, 109, 111, 113, 114, 115, 116, 120, 121, 122, 125, 128, 136, 137, 138, 141, 144, 146, 148, 149, 150, 151, 155, 156, 158, 159, 161, 165, 168, 175, 176, 181, 182, 183, 184, 185, 186, 190, 191, 192, 194, 195, 201, 202, 204, 209, 212, 215, 216, 218, 219, 220, 221, 223, 227, 231, 232, 233, 234, 236, 238, 242, 243, 247, 248, 252, 253, 257, 258, 261, 265, 266, 269, 270, 274, 278, 279, 283, 284, 288, 321, 342], "summary": {"covered_lines": 122, "num_statements": 148, "percent_covered": 82.43243243243244, "percent_covered_display": "82", "missing_lines": 26, "excluded_lines": 0, "percent_statements_covered": 82.43243243243244, "percent_statements_covered_display": "82"}, "missing_lines": [79, 197, 301, 305, 309, 315, 322, 323, 325, 326, 328, 329, 331, 334, 335, 336, 343, 344, 345, 347, 348, 349, 353, 357, 358, 359], "excluded_lines": []}, "": {"executed_lines": [1, 3, 4, 5, 6, 7, 8, 9, 10, 11, 12, 14, 16, 17, 18, 20, 23, 24, 26, 44, 48, 53, 60, 77, 81, 86, 93, 118, 153, 163, 188, 199, 225, 229, 240, 245, 250, 255, 276, 281, 299, 303, 307, 311, 317, 338, 351, 355, 363], "summary": {"covered_lines": 47, "num_statements": 47, "percent_covered": 100.0, "percent_covered_display": "100", "missing_lines": 0, "excluded_lines": 0, "percent_statements_covered": 100.0, "percent_statements_covered_display": "100"}, "missing_lines": [], "excluded_lines": []}}}, "excalidraw_mcp/retry_utils.py": {"executed_lines": [1, 3, 4, 5, 6, 7, 8, 9, 11, 13, 15, 18, 19, 21, 30, 31, 32, 33, 34, 35, 38, 43, 46, 49, 50, 51, 53, 55, 58, 78, 84, 85, 87, 89, 90, 91, 92, 93, 96, 97, 101, 104, 106, 112, 113, 114, 119, 128, 148, 154, 155, 157, 159, 160, 161, 162, 163, 166, 167, 171, 174, 176, 182, 183, 184, 189, 198, 214, 215, 216, 217, 218, 220, 227, 228, 229, 230, 231, 232, 233, 236, 244, 245, 246, 248], "summary": {"covered_lines": 83, "num_statements": 96, "percent_covered": 86.45833333333333, "percent_covered_display": "86", "missing_lines": 13, "excluded_lines": 0, "percent_statements_covered": 86.45833333333333, "percent_statements_covered_display": "86"}, "missing_lines": [79, 115, 116, 123, 124, 125, 149, 185, 186, 193, 194, 195, 234], "excluded_lines": [], "functions": {"RetryConfig.__init__": {"executed_lines": [30, 31, 32, 33, 34, 35], "summary": {"covered_lines": 6, "num_statements": 6, "percent_covered": 100.0, "percent_covered_display": "100", "missing_lines": 0, "excluded_lines": 0, "percent_statements_covered": 100.0, "percent_statements_covered_display": "100"}, "missing_lines": [], "excluded_lines": []}, "calculate_delay": {"executed_lines": [43, 46, 49, 50, 51, 53, 55], "summary": {"covered_lines": 7, "num_statements": 7, "percent_covered": 100.0, "percent_covered_display": "100", "missing_lines": 0, "excluded_lines": 0, "percent_statements_covered": 100.0, "percent_statements_covered_display": "100"}, "missing_lines": [], "excluded_lines": []}, "retry_async": {"executed_lines": [78, 84, 85, 87, 89, 90, 91, 92, 93, 96, 97, 101, 104, 106, 112, 113, 114, 119], "summary": {"covered_lines": 18, "num_statements": 24, "percent_covered": 75.0, "percent_covered_display": "75", "missing_lines": 6, "excluded_lines": 0, "percent_statements_covered": 75.0, "percent_statements_covered_display": "75"}, "missing_lines": [79, 115, 116, 123, 124, 125], "excluded_lines": []}, "retry_sync": {"executed_lines": [148, 154, 155, 157, 159, 160, 161, 162, 163, 166, 167, 171, 174, 176, 182, 183, 184, 189], "summary": {"covered_lines": 18, "num_statements": 24, "percent_covered": 75.0, "percent_covered_display": "75", "missing_lines": 6, "excluded_lines": 0, "percent_statements_covered": 75.0, "percent_statements_covered_display": "75"}, "missing_lines": [149, 185, 186, 193, 194, 195], "excluded_lines": []}, "retry_decorator": {"executed_lines": [214, 215, 248], "summary": {"covered_lines": 3, "num_statements": 3, "percent_covered": 100.0, "percent_covered_display": "100", "missing_lines": 0, "excluded_lines": 0, "percent_statements_covered": 100.0, "percent_statements_covered_display": "100"}, "missing_lines": [], "excluded_lines": []}, "retry_decorator.decorator": {"executed_lines": [216, 227, 228, 244, 245, 246], "summary": {"covered_lines": 6, "num_statements": 6, "percent_covered": 100.0, "percent_covered_display": "100", "missing_lines": 0, "excluded_lines": 0, "percent_statements_covered": 100.0, "percent_statements_covered_display": "100"}, "missing_lines": [], "excluded_lines": []}, "retry_decorator.decorator.wrapper": {"executed_lines": [217, 220], "summary": {"covered_lines": 2, "num_statements": 2, "percent_covered": 100.0, "percent_covered_display": "100", "missing_lines": 0, "excluded_lines": 0, "percent_statements_covered": 100.0, "percent_statements_covered_display": "100"}, "missing_lines": [], "excluded_lines": []}, "retry_decorator.decorator.wrapper.sync_func": {"executed_lines": [218], "summary": {"covered_lines": 1, "num_statements": 1, "percent_covered": 100.0, "percent_covered_display": "100", "missing_lines": 0, "excluded_lines": 0, "percent_statements_covered": 100.0, "percent_statements_covered_display": "100"}, "missing_lines": [], "excluded_lines": []}, "retry_decorator.decorator.async_wrapper": {"executed_lines": [229, 236], "summary": {"covered_lines": 2, "num_statements": 2, "percent_covered": 100.0, "percent_covered_display": "100", "missing_lines": 0, "excluded_lines": 0, "percent_statements_covered": 100.0, "percent_statements_covered_display": "100"}, "missing_lines": [], "excluded_lines": []}, "retry_decorator.decorator.async_wrapper.async_func": {"executed_lines": [230, 231, 232, 233], "summary": {"covered_lines": 4, "num_statements": 5, "percent_covered": 80.0, "percent_covered_display": "80", "missing_lines": 1, "excluded_lines": 0, "percent_statements_covered": 80.0, "percent_statements_covered_display": "80"}, "missing_lines": [234], "excluded_lines": []}, "": {"executed_lines": [1, 3, 4, 5, 6, 7, 8, 9, 11, 13, 15, 18, 19, 21, 38, 58, 128, 198], "summary": {"covered_lines": 16, "num_statements": 16, "percent_covered": 100.0, "percent_covered_display": "100", "missing_lines": 0, "excluded_lines": 0, "percent_statements_covered": 100.0, "percent_statements_covered_display": "100"}, "missing_lines": [], "excluded_lines": []}}, "classes": {"RetryConfig": {"executed_lines": [30, 31, 32, 33, 34, 35], "summary": {"covered_lines": 6, "num_statements": 6, "percent_covered": 100.0, "percent_covered_display": "100", "missing_lines": 0, "excluded_lines": 0, "percent_statements_covered": 100.0, "percent_statements_covered_display": "100"}, "missing_lines": [], "excluded_lines": []}, "": {"executed_lines": [1, 3, 4, 5, 6, 7, 8, 9, 11, 13, 15, 18, 19, 21, 38, 43, 46, 49, 50, 51, 53, 55, 58, 78, 84, 85, 87, 89, 90, 91, 92, 93, 96, 97, 101, 104, 106, 112, 113, 114, 119, 128, 148, 154, 155, 157, 159, 160, 161, 162, 163, 166, 167, 171, 174, 176, 182, 183, 184, 189, 198, 214, 215, 216, 217, 218, 220, 227, 228, 229, 230, 231, 232, 233, 236, 244, 245, 246, 248], "summary": {"covered_lines": 77, "num_statements": 90, "percent_covered": 85.55555555555556, "percent_covered_display": "86", "missing_lines": 13, "excluded_lines": 0, "percent_statements_covered": 85.55555555555556, "percent_statements_covered_display": "86"}, "missing_lines": [79, 115, 116, 123, 124, 125, 149, 185, 186, 193, 194, 195, 234], "excluded_lines": []}}}, "excalidraw_mcp/server.py": {"executed_lines": [2, 6, 7, 8, 9, 10, 12, 15, 18, 19, 22, 25, 27, 30, 31, 34, 35, 38, 50, 61, 64, 72, 74, 76, 77, 80, 93, 94, 96, 109, 112, 114, 115, 116, 117, 118, 121, 123, 124, 125, 128, 129, 132, 133, 134, 135, 137, 140, 148, 149, 150, 151, 152, 153, 154, 156, 158, 162, 165], "summary": {"covered_lines": 58, "num_statements": 75, "percent_covered": 77.33333333333333, "percent_covered_display": "77", "missing_lines": 17, "excluded_lines": 0, "percent_statements_covered": 77.33333333333333, "percent_statements_covered_display": "77"}, "missing_lines": [41, 42, 44, 46, 47, 53, 54, 56, 57, 65, 66, 68, 69, 104, 105, 106, 166], "excluded_lines": [], "functions": {"get_process_manager": {"executed_lines": [], "summary": {"covered_lines": 0, "num_statements": 5, "percent_covered": 0.0, "percent_covered_display": "0", "missing_lines": 5, "excluded_lines": 0, "percent_statements_covered": 0.0, "percent_statements_covered_display": "0"}, "missing_lines": [41, 42, 44, 46, 47], "excluded_lines": []}, "get_monitoring_supervisor": {"executed_lines": [], "summary": {"covered_lines": 0, "num_statements": 4, "percent_covered": 0.0, "percent_covered_display": "0", "missing_lines": 4, "excluded_lines": 0, "percent_statements_covered": 0.0, "percent_statements_covered_display": "0"}, "missing_lines": [53, 54, 56, 57], "excluded_lines": []}, "cleanup_monitoring": {"executed_lines": [], "summary": {"covered_lines": 0, "num_statements": 4, "percent_covered": 0.0, "percent_covered_display": "0", "missing_lines": 4, "excluded_lines": 0, "percent_statements_covered": 0.0, "percent_statements_covered_display": "0"}, "missing_lines": [65, 66, 68, 69], "excluded_lines": []}, "main": {"executed_lines": [74, 76, 77, 80, 93, 94, 96, 109, 112, 114, 115, 116, 117, 118], "summary": {"covered_lines": 14, "num_statements": 17, "percent_covered": 82.3529411764706, "percent_covered_display": "82", "missing_lines": 3, "excluded_lines": 0, "percent_statements_covered": 82.3529411764706, "percent_statements_covered_display": "82"}, "missing_lines": [104, 105, 106], "excluded_lines": []}, "init_background_services": {"executed_lines": [123, 124, 125, 128, 129, 132, 133, 134, 135, 137, 140, 148, 149, 150, 151, 152, 153, 154, 156, 158], "summary": {"covered_lines": 20, "num_statements": 20, "percent_covered": 100.0, "percent_covered_display": "100", "missing_lines": 0, "excluded_lines": 0, "percent_statements_covered": 100.0, "percent_statements_covered_display": "100"}, "missing_lines": [], "excluded_lines": []}, "": {"executed_lines": [2, 6, 7, 8, 9, 10, 12, 15, 18, 19, 22, 25, 27, 30, 31, 34, 35, 38, 50, 61, 64, 72, 121, 162, 165], "summary": {"covered_lines": 24, "num_statements": 25, "percent_covered": 96.0, "percent_covered_display": "96", "missing_lines": 1, "excluded_lines": 0, "percent_statements_covered": 96.0, "percent_statements_covered_display": "96"}, "missing_lines": [166], "excluded_lines": []}}, "classes": {"": {"executed_lines": [2, 6, 7, 8, 9, 10, 12, 15, 18, 19, 22, 25, 27, 30, 31, 34, 35, 38, 50, 61, 64, 72, 74, 76, 77, 80, 93, 94, 96, 109, 112, 114, 115, 116, 117, 118, 121, 123, 124, 125, 128, 129, 132, 133, 134, 135, 137, 140, 148, 149, 150, 151, 152, 153, 154, 156, 158, 162, 165], "summary": {"covered_lines": 58, "num_statements": 75, "percent_covered": 77.33333333333333, "percent_covered_display": "77", "missing_lines": 17, "excluded_lines": 0, "percent_statements_covered": 77.33333333333333, "percent_statements_covered_display": "77"}, "missing_lines": [41, 42, 44, 46, 47, 53, 54, 56, 57, 65, 66, 68, 69, 104, 105, 106, 166], "excluded_lines": []}}}}, "totals": {"covered_lines": 1802, "num_statements": 2384, "percent_covered": 75.58724832214764, "percent_covered_display": "76", "missing_lines": 582, "excluded_lines": 0, "percent_statements_covered": 75.58724832214764, "percent_statements_covered_display": "76"}}