<?xml version="1.0" encoding="utf-8"?><testsuites name="pytest tests"><testsuite name="pytest" errors="0" failures="0" skipped="4" tests="8" time="10.294" timestamp="2026-02-22T02:03:52.343555-08:00" hostname="les-pro"><testcase classname="tests.test_schema_validation.TestSchemaValidationStatus" name="test_no_pydantic_models_currently_exist" time="0.012" /><testcase classname="tests.test_schema_validation.TestSchemaValidationTemplate" name="test_template_includes_extra_ignore_test" time="0.004" /><testcase classname="tests.test_schema_validation.TestSchemaValidationTemplate" name="test_template_includes_config_test" time="0.005" /><testcase classname="tests.test_schema_validation.TestSchemaValidationTemplate" name="test_template_includes_fixtures" time="0.004" /><testcase classname="tests.test_schema_validation.TestFutureModelValidation" name="test_element_model_extra_fields_ignored" time="0.002"><skipped type="pytest.skip" message="No Pydantic models exist yet">/Users/les/Projects/excalidraw-mcp/tests/test_schema_validation.py:218: No Pydantic models exist yet</skipped></testcase><testcase classname="tests.test_schema_validation.TestFutureModelValidation" name="test_scene_model_extra_fields_ignored" time="0.002"><skipped type="pytest.skip" message="No Pydantic models exist yet">/Users/les/Projects/excalidraw-mcp/tests/test_schema_validation.py:223: No Pydantic models exist yet</skipped></testcase><testcase classname="tests.test_schema_validation.TestFutureModelValidation" name="test_api_response_model_extra_fields_ignored" time="0.002"><skipped type="pytest.skip" message="No Pydantic models exist yet">/Users/les/Projects/excalidraw-mcp/tests/test_schema_validation.py:228: No Pydantic models exist yet</skipped></testcase><testcase classname="tests.test_schema_validation.TestFutureModelValidation" name="test_websocket_message_model_extra_fields_ignored" time="0.002"><skipped type="pytest.skip" message="No Pydantic models exist yet">/Users/les/Projects/excalidraw-mcp/tests/test_schema_validation.py:233: No Pydantic models exist yet</skipped></testcase></testsuite></testsuites>